[0.697s] DEBUG:colcon:Command line arguments: ['/usr/bin/colcon', 'build']
[0.697s] DEBUG:colcon:Parsed command line arguments: Namespace(allow_overriding=[], ament_cmake_args=None, base_paths=['.'], build_base='build', catkin_cmake_args=None, catkin_skip_building_tests=False, cmake_args=None, cmake_clean_cache=False, cmake_clean_first=False, cmake_force_configure=False, cmake_target=None, cmake_target_skip_unavailable=False, continue_on_error=False, event_handlers=None, executor='parallel', ignore_user_meta=False, install_base='install', log_base=None, log_level=None, main=<bound method BuildVerb.main of <colcon_core.verb.build.BuildVerb object at 0x7ff1ebef4e50>>, merge_install=False, metas=['./colcon.meta'], packages_above=None, packages_above_and_dependencies=None, packages_above_depth=None, packages_end=None, packages_ignore=None, packages_ignore_regex=None, packages_select=None, packages_select_build_failed=False, packages_select_by_dep=None, packages_select_regex=None, packages_select_test_failures=False, packages_skip=None, packages_skip_build_finished=False, packages_skip_by_dep=None, packages_skip_regex=None, packages_skip_test_passed=False, packages_skip_up_to=None, packages_start=None, packages_up_to=None, packages_up_to_regex=None, parallel_workers=6, paths=None, symlink_install=False, test_result_base=None, verb_extension=<colcon_core.verb.build.BuildVerb object at 0x7ff1ebef4e50>, verb_name='build', verb_parser=<colcon_defaults.argument_parser.defaults.DefaultArgumentsDecorator object at 0x7ff1ebe3fee0>)
[1.101s] Level 1:colcon.colcon_core.package_discovery:discover_packages(colcon_meta) check parameters
[1.101s] Level 1:colcon.colcon_core.package_discovery:discover_packages(recursive) check parameters
[1.101s] Level 1:colcon.colcon_core.package_discovery:discover_packages(ignore) check parameters
[1.101s] Level 1:colcon.colcon_core.package_discovery:discover_packages(path) check parameters
[1.101s] Level 1:colcon.colcon_core.package_discovery:discover_packages(colcon_meta) discover
[1.102s] Level 1:colcon.colcon_core.package_discovery:discover_packages(recursive) discover
[1.102s] INFO:colcon.colcon_core.package_discovery:Crawling recursively for packages in '/home/vboxuser/HispanoTech-UGC-ROS2'
[1.102s] Level 1:colcon.colcon_core.package_identification:_identify(.) by extensions ['ignore', 'ignore_ament_install']
[1.103s] Level 1:colcon.colcon_core.package_identification:_identify(.) by extension 'ignore'
[1.103s] Level 1:colcon.colcon_core.package_identification:_identify(.) by extension 'ignore_ament_install'
[1.103s] Level 1:colcon.colcon_core.package_identification:_identify(.) by extensions ['colcon_pkg']
[1.103s] Level 1:colcon.colcon_core.package_identification:_identify(.) by extension 'colcon_pkg'
[1.103s] Level 1:colcon.colcon_core.package_identification:_identify(.) by extensions ['colcon_meta']
[1.103s] Level 1:colcon.colcon_core.package_identification:_identify(.) by extension 'colcon_meta'
[1.104s] Level 1:colcon.colcon_core.package_identification:_identify(.) by extensions ['ros']
[1.104s] Level 1:colcon.colcon_core.package_identification:_identify(.) by extension 'ros'
[1.122s] Level 1:colcon.colcon_core.package_identification:_identify(.) by extensions ['cmake', 'python']
[1.122s] Level 1:colcon.colcon_core.package_identification:_identify(.) by extension 'cmake'
[1.123s] Level 1:colcon.colcon_core.package_identification:_identify(.) by extension 'python'
[1.123s] Level 1:colcon.colcon_core.package_identification:_identify(.) by extensions ['python_setup_py']
[1.123s] Level 1:colcon.colcon_core.package_identification:_identify(.) by extension 'python_setup_py'
[1.123s] Level 1:colcon.colcon_core.package_identification:_identify(build) by extensions ['ignore', 'ignore_ament_install']
[1.124s] Level 1:colcon.colcon_core.package_identification:_identify(build) by extension 'ignore'
[1.124s] Level 1:colcon.colcon_core.package_identification:_identify(build) ignored
[1.124s] Level 1:colcon.colcon_core.package_identification:_identify(install) by extensions ['ignore', 'ignore_ament_install']
[1.125s] Level 1:colcon.colcon_core.package_identification:_identify(install) by extension 'ignore'
[1.125s] Level 1:colcon.colcon_core.package_identification:_identify(install) ignored
[1.125s] Level 1:colcon.colcon_core.package_identification:_identify(log) by extensions ['ignore', 'ignore_ament_install']
[1.126s] Level 1:colcon.colcon_core.package_identification:_identify(log) by extension 'ignore'
[1.126s] Level 1:colcon.colcon_core.package_identification:_identify(log) ignored
[1.126s] Level 1:colcon.colcon_core.package_identification:_identify(src) by extensions ['ignore', 'ignore_ament_install']
[1.126s] Level 1:colcon.colcon_core.package_identification:_identify(src) by extension 'ignore'
[1.126s] Level 1:colcon.colcon_core.package_identification:_identify(src) by extension 'ignore_ament_install'
[1.127s] Level 1:colcon.colcon_core.package_identification:_identify(src) by extensions ['colcon_pkg']
[1.127s] Level 1:colcon.colcon_core.package_identification:_identify(src) by extension 'colcon_pkg'
[1.127s] Level 1:colcon.colcon_core.package_identification:_identify(src) by extensions ['colcon_meta']
[1.127s] Level 1:colcon.colcon_core.package_identification:_identify(src) by extension 'colcon_meta'
[1.127s] Level 1:colcon.colcon_core.package_identification:_identify(src) by extensions ['ros']
[1.127s] Level 1:colcon.colcon_core.package_identification:_identify(src) by extension 'ros'
[1.128s] Level 1:colcon.colcon_core.package_identification:_identify(src) by extensions ['cmake', 'python']
[1.128s] Level 1:colcon.colcon_core.package_identification:_identify(src) by extension 'cmake'
[1.128s] Level 1:colcon.colcon_core.package_identification:_identify(src) by extension 'python'
[1.128s] Level 1:colcon.colcon_core.package_identification:_identify(src) by extensions ['python_setup_py']
[1.128s] Level 1:colcon.colcon_core.package_identification:_identify(src) by extension 'python_setup_py'
[1.128s] Level 1:colcon.colcon_core.package_identification:_identify(src/hispano_slam) by extensions ['ignore', 'ignore_ament_install']
[1.129s] Level 1:colcon.colcon_core.package_identification:_identify(src/hispano_slam) by extension 'ignore'
[1.129s] Level 1:colcon.colcon_core.package_identification:_identify(src/hispano_slam) by extension 'ignore_ament_install'
[1.129s] Level 1:colcon.colcon_core.package_identification:_identify(src/hispano_slam) by extensions ['colcon_pkg']
[1.129s] Level 1:colcon.colcon_core.package_identification:_identify(src/hispano_slam) by extension 'colcon_pkg'
[1.130s] Level 1:colcon.colcon_core.package_identification:_identify(src/hispano_slam) by extensions ['colcon_meta']
[1.130s] Level 1:colcon.colcon_core.package_identification:_identify(src/hispano_slam) by extension 'colcon_meta'
[1.130s] Level 1:colcon.colcon_core.package_identification:_identify(src/hispano_slam) by extensions ['ros']
[1.130s] Level 1:colcon.colcon_core.package_identification:_identify(src/hispano_slam) by extension 'ros'
[1.139s] DEBUG:colcon.colcon_core.package_identification:Package 'src/hispano_slam' with type 'ros.ament_python' and name 'hispano_slam'
[1.139s] Level 1:colcon.colcon_core.package_identification:_identify(src/hispanotech_map) by extensions ['ignore', 'ignore_ament_install']
[1.140s] Level 1:colcon.colcon_core.package_identification:_identify(src/hispanotech_map) by extension 'ignore'
[1.140s] Level 1:colcon.colcon_core.package_identification:_identify(src/hispanotech_map) by extension 'ignore_ament_install'
[1.140s] Level 1:colcon.colcon_core.package_identification:_identify(src/hispanotech_map) by extensions ['colcon_pkg']
[1.140s] Level 1:colcon.colcon_core.package_identification:_identify(src/hispanotech_map) by extension 'colcon_pkg'
[1.140s] Level 1:colcon.colcon_core.package_identification:_identify(src/hispanotech_map) by extensions ['colcon_meta']
[1.141s] Level 1:colcon.colcon_core.package_identification:_identify(src/hispanotech_map) by extension 'colcon_meta'
[1.141s] Level 1:colcon.colcon_core.package_identification:_identify(src/hispanotech_map) by extensions ['ros']
[1.141s] Level 1:colcon.colcon_core.package_identification:_identify(src/hispanotech_map) by extension 'ros'
[1.143s] DEBUG:colcon.colcon_core.package_identification:Package 'src/hispanotech_map' with type 'ros.ament_cmake' and name 'hispanotech_map'
[1.143s] Level 1:colcon.colcon_core.package_discovery:discover_packages(recursive) using defaults
[1.143s] Level 1:colcon.colcon_core.package_discovery:discover_packages(ignore) discover
[1.143s] Level 1:colcon.colcon_core.package_discovery:discover_packages(ignore) using defaults
[1.144s] Level 1:colcon.colcon_core.package_discovery:discover_packages(path) discover
[1.144s] Level 1:colcon.colcon_core.package_discovery:discover_packages(path) using defaults
[1.197s] Level 1:colcon.colcon_core.package_discovery:discover_packages(prefix_path) check parameters
[1.197s] Level 1:colcon.colcon_core.package_discovery:discover_packages(prefix_path) discover
[1.211s] DEBUG:colcon.colcon_installed_package_information.package_discovery:Found 13 installed packages in /home/vboxuser/turtlebot3_ws/install
[1.214s] DEBUG:colcon.colcon_installed_package_information.package_discovery:Found 336 installed packages in /opt/ros/galactic
[1.235s] Level 1:colcon.colcon_core.package_discovery:discover_packages(prefix_path) using defaults
[1.467s] Level 5:colcon.colcon_core.verb:set package 'hispano_slam' build argument 'cmake_args' from command line to 'None'
[1.468s] Level 5:colcon.colcon_core.verb:set package 'hispano_slam' build argument 'cmake_target' from command line to 'None'
[1.468s] Level 5:colcon.colcon_core.verb:set package 'hispano_slam' build argument 'cmake_target_skip_unavailable' from command line to 'False'
[1.468s] Level 5:colcon.colcon_core.verb:set package 'hispano_slam' build argument 'cmake_clean_cache' from command line to 'False'
[1.468s] Level 5:colcon.colcon_core.verb:set package 'hispano_slam' build argument 'cmake_clean_first' from command line to 'False'
[1.469s] Level 5:colcon.colcon_core.verb:set package 'hispano_slam' build argument 'cmake_force_configure' from command line to 'False'
[1.469s] Level 5:colcon.colcon_core.verb:set package 'hispano_slam' build argument 'ament_cmake_args' from command line to 'None'
[1.469s] Level 5:colcon.colcon_core.verb:set package 'hispano_slam' build argument 'catkin_cmake_args' from command line to 'None'
[1.470s] Level 5:colcon.colcon_core.verb:set package 'hispano_slam' build argument 'catkin_skip_building_tests' from command line to 'False'
[1.470s] DEBUG:colcon.colcon_core.verb:Building package 'hispano_slam' with the following arguments: {'ament_cmake_args': None, 'build_base': '/home/vboxuser/HispanoTech-UGC-ROS2/build/hispano_slam', 'catkin_cmake_args': None, 'catkin_skip_building_tests': False, 'cmake_args': None, 'cmake_clean_cache': False, 'cmake_clean_first': False, 'cmake_force_configure': False, 'cmake_target': None, 'cmake_target_skip_unavailable': False, 'install_base': '/home/vboxuser/HispanoTech-UGC-ROS2/install/hispano_slam', 'merge_install': False, 'path': '/home/vboxuser/HispanoTech-UGC-ROS2/src/hispano_slam', 'symlink_install': False, 'test_result_base': None}
[1.471s] Level 5:colcon.colcon_core.verb:set package 'hispanotech_map' build argument 'cmake_args' from command line to 'None'
[1.471s] Level 5:colcon.colcon_core.verb:set package 'hispanotech_map' build argument 'cmake_target' from command line to 'None'
[1.471s] Level 5:colcon.colcon_core.verb:set package 'hispanotech_map' build argument 'cmake_target_skip_unavailable' from command line to 'False'
[1.471s] Level 5:colcon.colcon_core.verb:set package 'hispanotech_map' build argument 'cmake_clean_cache' from command line to 'False'
[1.471s] Level 5:colcon.colcon_core.verb:set package 'hispanotech_map' build argument 'cmake_clean_first' from command line to 'False'
[1.471s] Level 5:colcon.colcon_core.verb:set package 'hispanotech_map' build argument 'cmake_force_configure' from command line to 'False'
[1.471s] Level 5:colcon.colcon_core.verb:set package 'hispanotech_map' build argument 'ament_cmake_args' from command line to 'None'
[1.471s] Level 5:colcon.colcon_core.verb:set package 'hispanotech_map' build argument 'catkin_cmake_args' from command line to 'None'
[1.472s] Level 5:colcon.colcon_core.verb:set package 'hispanotech_map' build argument 'catkin_skip_building_tests' from command line to 'False'
[1.472s] DEBUG:colcon.colcon_core.verb:Building package 'hispanotech_map' with the following arguments: {'ament_cmake_args': None, 'build_base': '/home/vboxuser/HispanoTech-UGC-ROS2/build/hispanotech_map', 'catkin_cmake_args': None, 'catkin_skip_building_tests': False, 'cmake_args': None, 'cmake_clean_cache': False, 'cmake_clean_first': False, 'cmake_force_configure': False, 'cmake_target': None, 'cmake_target_skip_unavailable': False, 'install_base': '/home/vboxuser/HispanoTech-UGC-ROS2/install/hispanotech_map', 'merge_install': False, 'path': '/home/vboxuser/HispanoTech-UGC-ROS2/src/hispanotech_map', 'symlink_install': False, 'test_result_base': None}
[1.472s] INFO:colcon.colcon_core.executor:Executing jobs using 'parallel' executor
[1.474s] DEBUG:colcon.colcon_parallel_executor.executor.parallel:run_until_complete
[1.475s] INFO:colcon.colcon_ros.task.ament_python.build:Building ROS package in '/home/vboxuser/HispanoTech-UGC-ROS2/src/hispano_slam' with build type 'ament_python'
[1.475s] Level 1:colcon.colcon_core.shell:create_environment_hook('hispano_slam', 'ament_prefix_path')
[1.493s] INFO:colcon.colcon_core.plugin_system:Skipping extension 'colcon_core.shell.bat': Not used on non-Windows systems
[1.494s] INFO:colcon.colcon_core.shell:Creating environment hook '/home/vboxuser/HispanoTech-UGC-ROS2/install/hispano_slam/share/hispano_slam/hook/ament_prefix_path.ps1'
[1.497s] INFO:colcon.colcon_core.shell:Creating environment descriptor '/home/vboxuser/HispanoTech-UGC-ROS2/install/hispano_slam/share/hispano_slam/hook/ament_prefix_path.dsv'
[1.500s] INFO:colcon.colcon_core.shell:Creating environment hook '/home/vboxuser/HispanoTech-UGC-ROS2/install/hispano_slam/share/hispano_slam/hook/ament_prefix_path.sh'
[1.503s] INFO:colcon.colcon_core.shell:Skip shell extension 'powershell' for command environment: Not usable outside of PowerShell
[1.504s] DEBUG:colcon.colcon_core.shell:Skip shell extension 'dsv' for command environment
[1.521s] INFO:colcon.colcon_ros.task.ament_cmake.build:Building ROS package in '/home/vboxuser/HispanoTech-UGC-ROS2/src/hispanotech_map' with build type 'ament_cmake'
[1.523s] INFO:colcon.colcon_cmake.task.cmake.build:Building CMake package in '/home/vboxuser/HispanoTech-UGC-ROS2/src/hispanotech_map'
[1.524s] INFO:colcon.colcon_core.shell:Skip shell extension 'powershell' for command environment: Not usable outside of PowerShell
[1.524s] DEBUG:colcon.colcon_core.shell:Skip shell extension 'dsv' for command environment
[1.990s] INFO:colcon.colcon_core.task.python.build:Building Python package in '/home/vboxuser/HispanoTech-UGC-ROS2/src/hispano_slam'
[1.992s] INFO:colcon.colcon_core.shell:Skip shell extension 'powershell' for command environment: Not usable outside of PowerShell
[1.994s] DEBUG:colcon.colcon_core.shell:Skip shell extension 'dsv' for command environment
[2.015s] DEBUG:colcon.colcon_core.event_handler.log_command:Invoking command in '/home/vboxuser/HispanoTech-UGC-ROS2/build/hispanotech_map': CMAKE_PREFIX_PATH=${CMAKE_PREFIX_PATH}:/home/vboxuser/turtlebot3_ws/install/show_msg:/home/vboxuser/turtlebot3_ws/install/provide_map:/home/vboxuser/turtlebot3_ws/install/my_slam:/home/vboxuser/turtlebot3_ws/install/my_nav2_system:/home/vboxuser/turtlebot3_ws/install/my_first_subscriber:/home/vboxuser/turtlebot3_ws/install/my_first_service:/home/vboxuser/turtlebot3_ws/install/my_first_publisher:/home/vboxuser/turtlebot3_ws/install/my_first_action:/opt/ros/galactic /usr/bin/cmake /home/vboxuser/HispanoTech-UGC-ROS2/src/hispanotech_map -DCMAKE_INSTALL_PREFIX=/home/vboxuser/HispanoTech-UGC-ROS2/install/hispanotech_map
[3.218s] DEBUG:colcon.colcon_core.event_handler.log_command:Invoking command in '/home/vboxuser/HispanoTech-UGC-ROS2/src/hispano_slam': PYTHONPATH=/home/vboxuser/HispanoTech-UGC-ROS2/build/hispano_slam/prefix_override:/usr/lib/python3/dist-packages/colcon_core/task/python/colcon_distutils_commands:/home/vboxuser/HispanoTech-UGC-ROS2/install/hispano_slam/lib/python3.8/site-packages:${PYTHONPATH} /usr/bin/python3 -W ignore:setup.py install is deprecated -W ignore:easy_install command is deprecated setup.py egg_info --egg-base ../../build/hispano_slam build --build-base /home/vboxuser/HispanoTech-UGC-ROS2/build/hispano_slam/build install --record /home/vboxuser/HispanoTech-UGC-ROS2/build/hispano_slam/install.log --single-version-externally-managed install_data
[3.817s] DEBUG:colcon.colcon_core.event_handler.log_command:Invoked command in '/home/vboxuser/HispanoTech-UGC-ROS2/src/hispano_slam' returned '0': PYTHONPATH=/home/vboxuser/HispanoTech-UGC-ROS2/build/hispano_slam/prefix_override:/usr/lib/python3/dist-packages/colcon_core/task/python/colcon_distutils_commands:/home/vboxuser/HispanoTech-UGC-ROS2/install/hispano_slam/lib/python3.8/site-packages:${PYTHONPATH} /usr/bin/python3 -W ignore:setup.py install is deprecated -W ignore:easy_install command is deprecated setup.py egg_info --egg-base ../../build/hispano_slam build --build-base /home/vboxuser/HispanoTech-UGC-ROS2/build/hispano_slam/build install --record /home/vboxuser/HispanoTech-UGC-ROS2/build/hispano_slam/install.log --single-version-externally-managed install_data
[3.841s] Level 1:colcon.colcon_core.environment:checking '/home/vboxuser/HispanoTech-UGC-ROS2/install/hispano_slam' for CMake module files
[3.842s] Level 1:colcon.colcon_core.environment:checking '/home/vboxuser/HispanoTech-UGC-ROS2/install/hispano_slam' for CMake config files
[3.843s] Level 1:colcon.colcon_core.environment:checking '/home/vboxuser/HispanoTech-UGC-ROS2/install/hispano_slam/lib'
[3.844s] Level 1:colcon.colcon_core.environment:checking '/home/vboxuser/HispanoTech-UGC-ROS2/install/hispano_slam/bin'
[3.844s] Level 1:colcon.colcon_core.environment:checking '/home/vboxuser/HispanoTech-UGC-ROS2/install/hispano_slam/lib/pkgconfig/hispano_slam.pc'
[3.844s] Level 1:colcon.colcon_core.environment:checking '/home/vboxuser/HispanoTech-UGC-ROS2/install/hispano_slam/lib/python3.8/site-packages'
[3.845s] Level 1:colcon.colcon_core.shell:create_environment_hook('hispano_slam', 'pythonpath')
[3.845s] INFO:colcon.colcon_core.shell:Creating environment hook '/home/vboxuser/HispanoTech-UGC-ROS2/install/hispano_slam/share/hispano_slam/hook/pythonpath.ps1'
[3.847s] INFO:colcon.colcon_core.shell:Creating environment descriptor '/home/vboxuser/HispanoTech-UGC-ROS2/install/hispano_slam/share/hispano_slam/hook/pythonpath.dsv'
[3.847s] INFO:colcon.colcon_core.shell:Creating environment hook '/home/vboxuser/HispanoTech-UGC-ROS2/install/hispano_slam/share/hispano_slam/hook/pythonpath.sh'
[3.848s] Level 1:colcon.colcon_core.environment:checking '/home/vboxuser/HispanoTech-UGC-ROS2/install/hispano_slam/bin'
[3.848s] Level 1:colcon.colcon_core.environment:create_environment_scripts_only(hispano_slam)
[3.849s] INFO:colcon.colcon_core.shell:Creating package script '/home/vboxuser/HispanoTech-UGC-ROS2/install/hispano_slam/share/hispano_slam/package.ps1'
[3.852s] INFO:colcon.colcon_core.shell:Creating package descriptor '/home/vboxuser/HispanoTech-UGC-ROS2/install/hispano_slam/share/hispano_slam/package.dsv'
[3.855s] INFO:colcon.colcon_core.shell:Creating package script '/home/vboxuser/HispanoTech-UGC-ROS2/install/hispano_slam/share/hispano_slam/package.sh'
[3.857s] INFO:colcon.colcon_core.shell:Creating package script '/home/vboxuser/HispanoTech-UGC-ROS2/install/hispano_slam/share/hispano_slam/package.bash'
[3.862s] INFO:colcon.colcon_core.shell:Creating package script '/home/vboxuser/HispanoTech-UGC-ROS2/install/hispano_slam/share/hispano_slam/package.zsh'
[3.866s] Level 1:colcon.colcon_core.environment:create_file_with_runtime_dependencies(/home/vboxuser/HispanoTech-UGC-ROS2/install/hispano_slam/share/colcon-core/packages/hispano_slam)
[11.301s] DEBUG:colcon.colcon_core.event_handler.log_command:Invoked command in '/home/vboxuser/HispanoTech-UGC-ROS2/build/hispanotech_map' returned '0': CMAKE_PREFIX_PATH=${CMAKE_PREFIX_PATH}:/home/vboxuser/turtlebot3_ws/install/show_msg:/home/vboxuser/turtlebot3_ws/install/provide_map:/home/vboxuser/turtlebot3_ws/install/my_slam:/home/vboxuser/turtlebot3_ws/install/my_nav2_system:/home/vboxuser/turtlebot3_ws/install/my_first_subscriber:/home/vboxuser/turtlebot3_ws/install/my_first_service:/home/vboxuser/turtlebot3_ws/install/my_first_publisher:/home/vboxuser/turtlebot3_ws/install/my_first_action:/opt/ros/galactic /usr/bin/cmake /home/vboxuser/HispanoTech-UGC-ROS2/src/hispanotech_map -DCMAKE_INSTALL_PREFIX=/home/vboxuser/HispanoTech-UGC-ROS2/install/hispanotech_map
[11.305s] DEBUG:colcon.colcon_core.event_handler.log_command:Invoking command in '/home/vboxuser/HispanoTech-UGC-ROS2/build/hispanotech_map': CMAKE_PREFIX_PATH=${CMAKE_PREFIX_PATH}:/home/vboxuser/turtlebot3_ws/install/show_msg:/home/vboxuser/turtlebot3_ws/install/provide_map:/home/vboxuser/turtlebot3_ws/install/my_slam:/home/vboxuser/turtlebot3_ws/install/my_nav2_system:/home/vboxuser/turtlebot3_ws/install/my_first_subscriber:/home/vboxuser/turtlebot3_ws/install/my_first_service:/home/vboxuser/turtlebot3_ws/install/my_first_publisher:/home/vboxuser/turtlebot3_ws/install/my_first_action:/opt/ros/galactic /usr/bin/cmake --build /home/vboxuser/HispanoTech-UGC-ROS2/build/hispanotech_map -- -j6 -l6
[46.095s] DEBUG:colcon.colcon_core.event_handler.log_command:Invoked command in '/home/vboxuser/HispanoTech-UGC-ROS2/build/hispanotech_map' returned '0': CMAKE_PREFIX_PATH=${CMAKE_PREFIX_PATH}:/home/vboxuser/turtlebot3_ws/install/show_msg:/home/vboxuser/turtlebot3_ws/install/provide_map:/home/vboxuser/turtlebot3_ws/install/my_slam:/home/vboxuser/turtlebot3_ws/install/my_nav2_system:/home/vboxuser/turtlebot3_ws/install/my_first_subscriber:/home/vboxuser/turtlebot3_ws/install/my_first_service:/home/vboxuser/turtlebot3_ws/install/my_first_publisher:/home/vboxuser/turtlebot3_ws/install/my_first_action:/opt/ros/galactic /usr/bin/cmake --build /home/vboxuser/HispanoTech-UGC-ROS2/build/hispanotech_map -- -j6 -l6
[46.139s] DEBUG:colcon.colcon_core.event_handler.log_command:Invoking command in '/home/vboxuser/HispanoTech-UGC-ROS2/build/hispanotech_map': CMAKE_PREFIX_PATH=${CMAKE_PREFIX_PATH}:/home/vboxuser/turtlebot3_ws/install/show_msg:/home/vboxuser/turtlebot3_ws/install/provide_map:/home/vboxuser/turtlebot3_ws/install/my_slam:/home/vboxuser/turtlebot3_ws/install/my_nav2_system:/home/vboxuser/turtlebot3_ws/install/my_first_subscriber:/home/vboxuser/turtlebot3_ws/install/my_first_service:/home/vboxuser/turtlebot3_ws/install/my_first_publisher:/home/vboxuser/turtlebot3_ws/install/my_first_action:/opt/ros/galactic /usr/bin/cmake --install /home/vboxuser/HispanoTech-UGC-ROS2/build/hispanotech_map
[46.286s] Level 1:colcon.colcon_core.environment:create_environment_scripts_only(hispanotech_map)
[46.287s] Level 1:colcon.colcon_core.environment:checking '/home/vboxuser/HispanoTech-UGC-ROS2/install/hispanotech_map' for CMake module files
[46.290s] Level 1:colcon.colcon_core.environment:checking '/home/vboxuser/HispanoTech-UGC-ROS2/install/hispanotech_map' for CMake config files
[46.291s] DEBUG:colcon.colcon_core.event_handler.log_command:Invoked command in '/home/vboxuser/HispanoTech-UGC-ROS2/build/hispanotech_map' returned '1': CMAKE_PREFIX_PATH=${CMAKE_PREFIX_PATH}:/home/vboxuser/turtlebot3_ws/install/show_msg:/home/vboxuser/turtlebot3_ws/install/provide_map:/home/vboxuser/turtlebot3_ws/install/my_slam:/home/vboxuser/turtlebot3_ws/install/my_nav2_system:/home/vboxuser/turtlebot3_ws/install/my_first_subscriber:/home/vboxuser/turtlebot3_ws/install/my_first_service:/home/vboxuser/turtlebot3_ws/install/my_first_publisher:/home/vboxuser/turtlebot3_ws/install/my_first_action:/opt/ros/galactic /usr/bin/cmake --install /home/vboxuser/HispanoTech-UGC-ROS2/build/hispanotech_map
[46.293s] Level 1:colcon.colcon_core.environment:checking '/home/vboxuser/HispanoTech-UGC-ROS2/install/hispanotech_map/lib'
[46.293s] Level 1:colcon.colcon_core.environment:checking '/home/vboxuser/HispanoTech-UGC-ROS2/install/hispanotech_map/bin'
[46.295s] Level 1:colcon.colcon_core.environment:checking '/home/vboxuser/HispanoTech-UGC-ROS2/install/hispanotech_map/lib/pkgconfig/hispanotech_map.pc'
[46.296s] Level 1:colcon.colcon_core.environment:checking '/home/vboxuser/HispanoTech-UGC-ROS2/install/hispanotech_map/lib/python3.8/site-packages'
[46.297s] Level 1:colcon.colcon_core.environment:checking '/home/vboxuser/HispanoTech-UGC-ROS2/install/hispanotech_map/bin'
[46.298s] INFO:colcon.colcon_core.shell:Creating package script '/home/vboxuser/HispanoTech-UGC-ROS2/install/hispanotech_map/share/hispanotech_map/package.ps1'
[46.299s] INFO:colcon.colcon_core.shell:Creating package descriptor '/home/vboxuser/HispanoTech-UGC-ROS2/install/hispanotech_map/share/hispanotech_map/package.dsv'
[46.300s] INFO:colcon.colcon_core.shell:Creating package script '/home/vboxuser/HispanoTech-UGC-ROS2/install/hispanotech_map/share/hispanotech_map/package.sh'
[46.302s] INFO:colcon.colcon_core.shell:Creating package script '/home/vboxuser/HispanoTech-UGC-ROS2/install/hispanotech_map/share/hispanotech_map/package.bash'
[46.303s] INFO:colcon.colcon_core.shell:Creating package script '/home/vboxuser/HispanoTech-UGC-ROS2/install/hispanotech_map/share/hispanotech_map/package.zsh'
[46.304s] Level 1:colcon.colcon_core.environment:create_file_with_runtime_dependencies(/home/vboxuser/HispanoTech-UGC-ROS2/install/hispanotech_map/share/colcon-core/packages/hispanotech_map)
[46.319s] DEBUG:colcon.colcon_parallel_executor.executor.parallel:closing loop
[46.321s] DEBUG:colcon.colcon_parallel_executor.executor.parallel:loop closed
[46.322s] DEBUG:colcon.colcon_parallel_executor.executor.parallel:run_until_complete finished with '1'
[46.323s] DEBUG:colcon.colcon_core.event_reactor:joining thread
[46.351s] INFO:colcon.colcon_core.plugin_system:Skipping extension 'colcon_notification.desktop_notification.terminal_notifier': Not used on non-Darwin systems
[46.351s] INFO:colcon.colcon_core.plugin_system:Skipping extension 'colcon_notification.desktop_notification.win32': Not used on non-Windows systems
[46.352s] INFO:colcon.colcon_notification.desktop_notification:Sending desktop notification using 'notify2'
[46.412s] DEBUG:colcon.colcon_core.event_reactor:joined thread
[46.413s] INFO:colcon.colcon_core.shell:Creating prefix script '/home/vboxuser/HispanoTech-UGC-ROS2/install/local_setup.ps1'
[46.419s] INFO:colcon.colcon_core.shell:Creating prefix util module '/home/vboxuser/HispanoTech-UGC-ROS2/install/_local_setup_util_ps1.py'
[46.424s] INFO:colcon.colcon_core.shell:Creating prefix chain script '/home/vboxuser/HispanoTech-UGC-ROS2/install/setup.ps1'
[46.430s] INFO:colcon.colcon_core.shell:Creating prefix script '/home/vboxuser/HispanoTech-UGC-ROS2/install/local_setup.sh'
[46.433s] INFO:colcon.colcon_core.shell:Creating prefix util module '/home/vboxuser/HispanoTech-UGC-ROS2/install/_local_setup_util_sh.py'
[46.435s] INFO:colcon.colcon_core.shell:Creating prefix chain script '/home/vboxuser/HispanoTech-UGC-ROS2/install/setup.sh'
[46.441s] INFO:colcon.colcon_core.shell:Creating prefix script '/home/vboxuser/HispanoTech-UGC-ROS2/install/local_setup.bash'
[46.444s] INFO:colcon.colcon_core.shell:Creating prefix chain script '/home/vboxuser/HispanoTech-UGC-ROS2/install/setup.bash'
[46.451s] INFO:colcon.colcon_core.shell:Creating prefix script '/home/vboxuser/HispanoTech-UGC-ROS2/install/local_setup.zsh'
[46.454s] INFO:colcon.colcon_core.shell:Creating prefix chain script '/home/vboxuser/HispanoTech-UGC-ROS2/install/setup.zsh'
