[0.487s] Invoking command in '/home/vboxuser/HispanoTech-UGC-ROS2/build/hispanotech_map': CMAKE_PREFIX_PATH=${CMAKE_PREFIX_PATH}:/home/vboxuser/turtlebot3_ws/install/show_msg:/home/vboxuser/turtlebot3_ws/install/provide_map:/home/vboxuser/turtlebot3_ws/install/my_slam:/home/vboxuser/turtlebot3_ws/install/my_nav2_system:/home/vboxuser/turtlebot3_ws/install/my_first_subscriber:/home/vboxuser/turtlebot3_ws/install/my_first_service:/home/vboxuser/turtlebot3_ws/install/my_first_publisher:/home/vboxuser/turtlebot3_ws/install/my_first_action:/opt/ros/galactic /usr/bin/cmake /home/vboxuser/HispanoTech-UGC-ROS2/src/hispanotech_map -DCMAKE_INSTALL_PREFIX=/home/vboxuser/HispanoTech-UGC-ROS2/install/hispanotech_map
[1.123s] -- The C compiler identification is GNU 9.4.0
[1.605s] -- The CXX compiler identification is GNU 9.4.0
[1.649s] -- Check for working C compiler: /usr/bin/cc
[1.835s] -- Check for working C compiler: /usr/bin/cc -- works
[1.840s] -- Detecting C compiler ABI info
[2.038s] -- Detecting C compiler ABI info - done
[2.059s] -- Detecting C compile features
[2.061s] -- Detecting C compile features - done
[2.072s] -- Check for working CXX compiler: /usr/bin/c++
[2.262s] -- Check for working CXX compiler: /usr/bin/c++ -- works
[2.264s] -- Detecting CXX compiler ABI info
[2.477s] -- Detecting CXX compiler ABI info - done
[2.497s] -- Detecting CXX compile features
[2.498s] -- Detecting CXX compile features - done
[2.519s] -- Found ament_cmake: 1.1.6 (/opt/ros/galactic/share/ament_cmake/cmake)
[2.604s] -- Found PythonInterp: /usr/bin/python3 (found suitable version "3.8.10", minimum required is "3") 
[2.604s] -- Using PYTHON_EXECUTABLE: /usr/bin/python3
[2.959s] -- Found PkgConfig: /usr/bin/pkg-config (found version "0.29.1") 
[2.971s] -- Checking for module 'bullet>=2.82'
[3.030s] --   Found bullet, version 2.88
[3.454s] -- Found ccd: /usr/include (found suitable version "2.0", minimum required is "2.0") 
[3.637s] -- Found fcl: /usr/include (found suitable version "0.5.0", minimum required is "0.3.2") 
[3.819s] -- Found assimp: /usr/include (found version "5.0.0") 
[3.934s] -- Found DART: /usr/include (Required is at least version "6.6") found components: dart 
[4.805s] -- Found Boost: /usr/lib/x86_64-linux-gnu/cmake/Boost-1.71.0/BoostConfig.cmake (found suitable version "1.71.0", minimum required is "1.40.0") found components: thread system filesystem program_options regex iostreams date_time 
[4.887s] -- Found Protobuf: /usr/lib/x86_64-linux-gnu/libprotobuf.so;-lpthread (found version "3.6.1") 
[4.914s] -- Looking for ignition-math6 -- found version 6.15.1
[4.954s] -- Searching for dependencies of ignition-math6
[4.964s] -- Looking for OGRE...
[4.967s] -- OGRE_PREFIX_WATCH changed.
[4.979s] -- Checking for module 'OGRE'
[5.027s] --   Found OGRE, version 1.9.0
[5.156s] -- Found Ogre Ghadamon (1.9.0)
[5.181s] -- Found OGRE: optimized;/usr/lib/x86_64-linux-gnu/libOgreMain.so;debug;/usr/lib/x86_64-linux-gnu/libOgreMain.so
[5.202s] -- Looking for OGRE_Paging...
[5.226s] -- Found OGRE_Paging: optimized;/usr/lib/x86_64-linux-gnu/libOgrePaging.so;debug;/usr/lib/x86_64-linux-gnu/libOgrePaging.so
[5.226s] -- Looking for OGRE_Terrain...
[5.243s] -- Found OGRE_Terrain: optimized;/usr/lib/x86_64-linux-gnu/libOgreTerrain.so;debug;/usr/lib/x86_64-linux-gnu/libOgreTerrain.so
[5.243s] -- Looking for OGRE_Property...
[5.262s] -- Found OGRE_Property: optimized;/usr/lib/x86_64-linux-gnu/libOgreProperty.so;debug;/usr/lib/x86_64-linux-gnu/libOgreProperty.so
[5.263s] -- Looking for OGRE_RTShaderSystem...
[5.280s] -- Found OGRE_RTShaderSystem: optimized;/usr/lib/x86_64-linux-gnu/libOgreRTShaderSystem.so;debug;/usr/lib/x86_64-linux-gnu/libOgreRTShaderSystem.so
[5.282s] -- Looking for OGRE_Volume...
[5.301s] -- Found OGRE_Volume: optimized;/usr/lib/x86_64-linux-gnu/libOgreVolume.so;debug;/usr/lib/x86_64-linux-gnu/libOgreVolume.so
[5.302s] -- Looking for OGRE_Overlay...
[5.319s] -- Found OGRE_Overlay: optimized;/usr/lib/x86_64-linux-gnu/libOgreOverlay.so;debug;/usr/lib/x86_64-linux-gnu/libOgreOverlay.so
[5.680s] -- Looking for ignition-math6 -- found version 6.15.1
[5.691s] -- Looking for ignition-transport8 -- found version 8.3.0
[5.692s] -- Searching for dependencies of ignition-transport8
[5.735s] -- Found Protobuf: /usr/lib/x86_64-linux-gnu/libprotobuf.so;-lpthread (found suitable version "3.6.1", minimum required is "3") 
[5.763s] -- Config-file not installed for ZeroMQ -- checking for pkg-config
[5.774s] -- Checking for module 'libzmq >= 4'
[5.830s] --   Found libzmq , version 4.3.2
[5.958s] -- Found ZeroMQ: TRUE (Required is at least version "4") 
[5.975s] -- Checking for module 'uuid'
[6.029s] --   Found uuid, version 2.34.0
[6.164s] -- Found UUID: TRUE  
[6.176s] -- Looking for ignition-msgs5 -- found version 5.10.0
[6.177s] -- Searching for dependencies of ignition-msgs5
[6.224s] -- Looking for ignition-math6 -- found version 6.15.1
[6.239s] -- Checking for module 'tinyxml2'
[6.288s] --   Found tinyxml2, version 6.2.0
[6.431s] -- Looking for ignition-msgs5 -- found version 5.10.0
[6.445s] -- Looking for ignition-common3 -- found version 3.14.2
[6.445s] -- Searching for dependencies of ignition-common3
[6.448s] -- Looking for dlfcn.h - found
[6.450s] -- Looking for libdl - found
[6.453s] -- Found DL: TRUE  
[6.474s] -- Searching for <ignition-common3> component [graphics]
[6.483s] -- Looking for ignition-common3-graphics -- found version 3.14.2
[6.485s] -- Searching for dependencies of ignition-common3-graphics
[6.486s] -- Looking for ignition-math6 -- found version 6.15.1
[6.501s] -- Looking for ignition-fuel_tools4 -- found version 4.6.0
[6.501s] -- Searching for dependencies of ignition-fuel_tools4
[6.726s] -- Found CURL: /usr/lib/x86_64-linux-gnu/libcurl.so (found version "7.68.0")  
[6.752s] -- Checking for module 'jsoncpp'
[6.799s] --   Found jsoncpp, version 1.7.4
[6.918s] -- Found JSONCPP: TRUE  
[6.944s] -- Checking for module 'libzip'
[6.992s] --   Found libzip, version 1.5.1
[7.178s] -- Found ZIP: TRUE  
[7.179s] -- Looking for ignition-common3 -- found version 3.14.2
[7.180s] -- Looking for ignition-math6 -- found version 6.15.1
[7.180s] -- Looking for ignition-msgs5 -- found version 5.10.0
[7.192s] -- Found gazebo_ros_pkgs: 3.5.2 (/opt/ros/galactic/share/gazebo_ros_pkgs/cmake)
[7.202s] -- Found geometry_msgs: 2.2.4 (/opt/ros/galactic/share/geometry_msgs/cmake)
[7.360s] -- Using all available rosidl_typesupport_c: rosidl_typesupport_fastrtps_c;rosidl_typesupport_introspection_c
[7.410s] -- Found rosidl_adapter: 2.2.3 (/opt/ros/galactic/share/rosidl_adapter/cmake)
[7.705s] -- Found OpenSSL: /usr/lib/x86_64-linux-gnu/libcrypto.so (found version "1.1.1f")  
[7.777s] -- Found FastRTPS: /opt/ros/galactic/include  
[8.046s] -- Using all available rosidl_typesupport_cpp: rosidl_typesupport_fastrtps_cpp;rosidl_typesupport_introspection_cpp
[8.303s] -- Found nav_msgs: 2.2.4 (/opt/ros/galactic/share/nav_msgs/cmake)
[8.483s] -- Found rclcpp: 9.2.2 (/opt/ros/galactic/share/rclcpp/cmake)
[8.747s] -- Found rmw_implementation_cmake: 3.3.1 (/opt/ros/galactic/share/rmw_implementation_cmake/cmake)
[8.767s] -- Found rmw_cyclonedds_cpp: 0.22.6 (/opt/ros/galactic/share/rmw_cyclonedds_cpp/cmake)
[8.839s] -- Using RMW implementation 'rmw_cyclonedds_cpp' as default
[8.844s] -- Found Threads: TRUE  
[9.240s] -- Found sensor_msgs: 2.2.4 (/opt/ros/galactic/share/sensor_msgs/cmake)
[9.434s] -- Found tf2: 0.17.5 (/opt/ros/galactic/share/tf2/cmake)
[9.471s] -- Found turtlebot3_gazebo: 2.2.4 (/home/vboxuser/turtlebot3_ws/install/turtlebot3_gazebo/share/turtlebot3_gazebo/cmake)
[9.693s] -- Configuring done
[9.722s] -- Generating done
[9.740s] -- Build files have been written to: /home/vboxuser/HispanoTech-UGC-ROS2/build/hispanotech_map
[9.772s] Invoked command in '/home/vboxuser/HispanoTech-UGC-ROS2/build/hispanotech_map' returned '0': CMAKE_PREFIX_PATH=${CMAKE_PREFIX_PATH}:/home/vboxuser/turtlebot3_ws/install/show_msg:/home/vboxuser/turtlebot3_ws/install/provide_map:/home/vboxuser/turtlebot3_ws/install/my_slam:/home/vboxuser/turtlebot3_ws/install/my_nav2_system:/home/vboxuser/turtlebot3_ws/install/my_first_subscriber:/home/vboxuser/turtlebot3_ws/install/my_first_service:/home/vboxuser/turtlebot3_ws/install/my_first_publisher:/home/vboxuser/turtlebot3_ws/install/my_first_action:/opt/ros/galactic /usr/bin/cmake /home/vboxuser/HispanoTech-UGC-ROS2/src/hispanotech_map -DCMAKE_INSTALL_PREFIX=/home/vboxuser/HispanoTech-UGC-ROS2/install/hispanotech_map
[9.777s] Invoking command in '/home/vboxuser/HispanoTech-UGC-ROS2/build/hispanotech_map': CMAKE_PREFIX_PATH=${CMAKE_PREFIX_PATH}:/home/vboxuser/turtlebot3_ws/install/show_msg:/home/vboxuser/turtlebot3_ws/install/provide_map:/home/vboxuser/turtlebot3_ws/install/my_slam:/home/vboxuser/turtlebot3_ws/install/my_nav2_system:/home/vboxuser/turtlebot3_ws/install/my_first_subscriber:/home/vboxuser/turtlebot3_ws/install/my_first_service:/home/vboxuser/turtlebot3_ws/install/my_first_publisher:/home/vboxuser/turtlebot3_ws/install/my_first_action:/opt/ros/galactic /usr/bin/cmake --build /home/vboxuser/HispanoTech-UGC-ROS2/build/hispanotech_map -- -j6 -l6
[9.875s] [35m[1mScanning dependencies of target turtlebot3_drive[0m
[10.537s] [ 50%] [32mBuilding CXX object CMakeFiles/turtlebot3_drive.dir/src/turtlebot3_drive.cpp.o[0m
[43.213s] [100%] [32m[1mLinking CXX executable turtlebot3_drive[0m
[44.529s] [100%] Built target turtlebot3_drive
[44.565s] Invoked command in '/home/vboxuser/HispanoTech-UGC-ROS2/build/hispanotech_map' returned '0': CMAKE_PREFIX_PATH=${CMAKE_PREFIX_PATH}:/home/vboxuser/turtlebot3_ws/install/show_msg:/home/vboxuser/turtlebot3_ws/install/provide_map:/home/vboxuser/turtlebot3_ws/install/my_slam:/home/vboxuser/turtlebot3_ws/install/my_nav2_system:/home/vboxuser/turtlebot3_ws/install/my_first_subscriber:/home/vboxuser/turtlebot3_ws/install/my_first_service:/home/vboxuser/turtlebot3_ws/install/my_first_publisher:/home/vboxuser/turtlebot3_ws/install/my_first_action:/opt/ros/galactic /usr/bin/cmake --build /home/vboxuser/HispanoTech-UGC-ROS2/build/hispanotech_map -- -j6 -l6
[44.609s] Invoking command in '/home/vboxuser/HispanoTech-UGC-ROS2/build/hispanotech_map': CMAKE_PREFIX_PATH=${CMAKE_PREFIX_PATH}:/home/vboxuser/turtlebot3_ws/install/show_msg:/home/vboxuser/turtlebot3_ws/install/provide_map:/home/vboxuser/turtlebot3_ws/install/my_slam:/home/vboxuser/turtlebot3_ws/install/my_nav2_system:/home/vboxuser/turtlebot3_ws/install/my_first_subscriber:/home/vboxuser/turtlebot3_ws/install/my_first_service:/home/vboxuser/turtlebot3_ws/install/my_first_publisher:/home/vboxuser/turtlebot3_ws/install/my_first_action:/opt/ros/galactic /usr/bin/cmake --install /home/vboxuser/HispanoTech-UGC-ROS2/build/hispanotech_map
[44.632s] -- Install configuration: ""
[44.634s] -- Installing: /home/vboxuser/HispanoTech-UGC-ROS2/install/hispanotech_map/lib/hispanotech_map/turtlebot3_drive
[44.666s] -- Set runtime path of "/home/vboxuser/HispanoTech-UGC-ROS2/install/hispanotech_map/lib/hispanotech_map/turtlebot3_drive" to ""
[44.667s] -- Installing: /home/vboxuser/HispanoTech-UGC-ROS2/install/hispanotech_map/share/hispanotech_map//launch
[44.668s] -- Installing: /home/vboxuser/HispanoTech-UGC-ROS2/install/hispanotech_map/share/hispanotech_map//launch/turtlebot3_my_world.launch.py
[44.668s] -- Installing: /home/vboxuser/HispanoTech-UGC-ROS2/install/hispanotech_map/share/hispanotech_map//models
[44.669s] -- Installing: /home/vboxuser/HispanoTech-UGC-ROS2/install/hispanotech_map/share/hispanotech_map//models/warehouse_1
[44.671s] -- Installing: /home/vboxuser/HispanoTech-UGC-ROS2/install/hispanotech_map/share/hispanotech_map//models/warehouse_1/meshes
[44.671s] -- Installing: /home/vboxuser/HispanoTech-UGC-ROS2/install/hispanotech_map/share/hispanotech_map//models/warehouse_1/meshes/box_labels.png
[44.671s] -- Installing: /home/vboxuser/HispanoTech-UGC-ROS2/install/hispanotech_map/share/hispanotech_map//models/warehouse_1/meshes/rock1.JPG
[44.683s] -- Installing: /home/vboxuser/HispanoTech-UGC-ROS2/install/hispanotech_map/share/hispanotech_map//models/warehouse_1/meshes/icra2019-poster-image.png
[44.685s] -- Installing: /home/vboxuser/HispanoTech-UGC-ROS2/install/hispanotech_map/share/hispanotech_map//models/warehouse_1/meshes/SICK_V2_WHITE.jpg
[44.686s] -- Installing: /home/vboxuser/HispanoTech-UGC-ROS2/install/hispanotech_map/share/hispanotech_map//models/warehouse_1/meshes/FetchLogo-1024x388.png
[44.687s] -- Installing: /home/vboxuser/HispanoTech-UGC-ROS2/install/hispanotech_map/share/hispanotech_map//models/warehouse_1/meshes/fetchit_manipulation_challenge_logo.png
[44.689s] -- Installing: /home/vboxuser/HispanoTech-UGC-ROS2/install/hispanotech_map/share/hispanotech_map//models/warehouse_1/meshes/SICK_V2.png
[44.689s] -- Installing: /home/vboxuser/HispanoTech-UGC-ROS2/install/hispanotech_map/share/hispanotech_map//models/warehouse_1/meshes/SCHUNK_logo.jpg
[44.690s] -- Installing: /home/vboxuser/HispanoTech-UGC-ROS2/install/hispanotech_map/share/hispanotech_map//models/warehouse_1/meshes/warehouse_collision.stl
[44.690s] -- Installing: /home/vboxuser/HispanoTech-UGC-ROS2/install/hispanotech_map/share/hispanotech_map//models/warehouse_1/meshes/Logo-TheConstruct-primario-NEW-tagline-2.jpg
[44.691s] -- Installing: /home/vboxuser/HispanoTech-UGC-ROS2/install/hispanotech_map/share/hispanotech_map//models/warehouse_1/meshes/fetchit_env_version4.dae
[44.711s] -- Installing: /home/vboxuser/HispanoTech-UGC-ROS2/install/hispanotech_map/share/hispanotech_map//models/warehouse_1/meshes/fetchit_env_version2.dae
[44.711s] -- Installing: /home/vboxuser/HispanoTech-UGC-ROS2/install/hispanotech_map/share/hispanotech_map//models/warehouse_1/meshes/fetchit_env_version3.dae
[44.730s] -- Installing: /home/vboxuser/HispanoTech-UGC-ROS2/install/hispanotech_map/share/hispanotech_map//models/warehouse_1/meshes/dummy.png
[44.731s] -- Installing: /home/vboxuser/HispanoTech-UGC-ROS2/install/hispanotech_map/share/hispanotech_map//models/warehouse_1/meshes/Logo-SICK.jpg
[44.731s] -- Installing: /home/vboxuser/HispanoTech-UGC-ROS2/install/hispanotech_map/share/hispanotech_map//models/warehouse_1/meshes/fetchit_env_version1.dae
[44.734s] -- Installing: /home/vboxuser/HispanoTech-UGC-ROS2/install/hispanotech_map/share/hispanotech_map//models/warehouse_1/meshes/EandM.jpg
[44.740s] -- Installing: /home/vboxuser/HispanoTech-UGC-ROS2/install/hispanotech_map/share/hispanotech_map//models/warehouse_1/model.sdf
[44.741s] -- Installing: /home/vboxuser/HispanoTech-UGC-ROS2/install/hispanotech_map/share/hispanotech_map//models/warehouse_1/model.config
[44.741s] -- Installing: /home/vboxuser/HispanoTech-UGC-ROS2/install/hispanotech_map/share/hispanotech_map//world
[44.742s] -- Installing: /home/vboxuser/HispanoTech-UGC-ROS2/install/hispanotech_map/share/hispanotech_map//world/burger.model
[44.743s] -- Installing: /home/vboxuser/HispanoTech-UGC-ROS2/install/hispanotech_map/share/hispanotech_map//world/burger_pi.model
[44.744s] -- Installing: /home/vboxuser/HispanoTech-UGC-ROS2/install/hispanotech_map/share/hispanotech_map//urdf
[44.744s] -- Installing: /home/vboxuser/HispanoTech-UGC-ROS2/install/hispanotech_map/share/hispanotech_map//urdf/turtlebot3_burger.urdf
[44.744s] -- Installing: /home/vboxuser/HispanoTech-UGC-ROS2/install/hispanotech_map/share/hispanotech_map//urdf/turtlebot3_burger_pi.urdf
[44.745s] CMake Error at cmake_install.cmake:70 (file):
[44.745s]   file INSTALL cannot find
[44.745s]   "/home/vboxuser/HispanoTech-UGC-ROS2/src/hispanotech_map/include": No such
[44.748s]   file or directory.
[44.749s] 
[44.755s] 
[44.761s] Invoked command in '/home/vboxuser/HispanoTech-UGC-ROS2/build/hispanotech_map' returned '1': CMAKE_PREFIX_PATH=${CMAKE_PREFIX_PATH}:/home/vboxuser/turtlebot3_ws/install/show_msg:/home/vboxuser/turtlebot3_ws/install/provide_map:/home/vboxuser/turtlebot3_ws/install/my_slam:/home/vboxuser/turtlebot3_ws/install/my_nav2_system:/home/vboxuser/turtlebot3_ws/install/my_first_subscriber:/home/vboxuser/turtlebot3_ws/install/my_first_service:/home/vboxuser/turtlebot3_ws/install/my_first_publisher:/home/vboxuser/turtlebot3_ws/install/my_first_action:/opt/ros/galactic /usr/bin/cmake --install /home/vboxuser/HispanoTech-UGC-ROS2/build/hispanotech_map
