[0.350s] DEBUG:colcon:Command line arguments: ['/usr/bin/colcon', 'build']
[0.351s] DEBUG:colcon:Parsed command line arguments: Namespace(allow_overriding=[], ament_cmake_args=None, base_paths=['.'], build_base='build', catkin_cmake_args=None, catkin_skip_building_tests=False, cmake_args=None, cmake_clean_cache=False, cmake_clean_first=False, cmake_force_configure=False, cmake_target=None, cmake_target_skip_unavailable=False, continue_on_error=False, event_handlers=None, executor='parallel', ignore_user_meta=False, install_base='install', log_base=None, log_level=None, main=<bound method BuildVerb.main of <colcon_core.verb.build.BuildVerb object at 0x7f5481d88e50>>, merge_install=False, metas=['./colcon.meta'], packages_above=None, packages_above_and_dependencies=None, packages_above_depth=None, packages_end=None, packages_ignore=None, packages_ignore_regex=None, packages_select=None, packages_select_build_failed=False, packages_select_by_dep=None, packages_select_regex=None, packages_select_test_failures=False, packages_skip=None, packages_skip_build_finished=False, packages_skip_by_dep=None, packages_skip_regex=None, packages_skip_test_passed=False, packages_skip_up_to=None, packages_start=None, packages_up_to=None, packages_up_to_regex=None, parallel_workers=6, paths=None, symlink_install=False, test_result_base=None, verb_extension=<colcon_core.verb.build.BuildVerb object at 0x7f5481d88e50>, verb_name='build', verb_parser=<colcon_defaults.argument_parser.defaults.DefaultArgumentsDecorator object at 0x7f5481cd4ee0>)
[0.639s] Level 1:colcon.colcon_core.package_discovery:discover_packages(colcon_meta) check parameters
[0.639s] Level 1:colcon.colcon_core.package_discovery:discover_packages(recursive) check parameters
[0.639s] Level 1:colcon.colcon_core.package_discovery:discover_packages(ignore) check parameters
[0.640s] Level 1:colcon.colcon_core.package_discovery:discover_packages(path) check parameters
[0.641s] Level 1:colcon.colcon_core.package_discovery:discover_packages(colcon_meta) discover
[0.641s] Level 1:colcon.colcon_core.package_discovery:discover_packages(recursive) discover
[0.641s] INFO:colcon.colcon_core.package_discovery:Crawling recursively for packages in '/home/vboxuser/HispanoTech-UGC-ROS2'
[0.642s] Level 1:colcon.colcon_core.package_identification:_identify(.) by extensions ['ignore', 'ignore_ament_install']
[0.642s] Level 1:colcon.colcon_core.package_identification:_identify(.) by extension 'ignore'
[0.642s] Level 1:colcon.colcon_core.package_identification:_identify(.) by extension 'ignore_ament_install'
[0.642s] Level 1:colcon.colcon_core.package_identification:_identify(.) by extensions ['colcon_pkg']
[0.643s] Level 1:colcon.colcon_core.package_identification:_identify(.) by extension 'colcon_pkg'
[0.643s] Level 1:colcon.colcon_core.package_identification:_identify(.) by extensions ['colcon_meta']
[0.643s] Level 1:colcon.colcon_core.package_identification:_identify(.) by extension 'colcon_meta'
[0.643s] Level 1:colcon.colcon_core.package_identification:_identify(.) by extensions ['ros']
[0.643s] Level 1:colcon.colcon_core.package_identification:_identify(.) by extension 'ros'
[0.660s] Level 1:colcon.colcon_core.package_identification:_identify(.) by extensions ['cmake', 'python']
[0.660s] Level 1:colcon.colcon_core.package_identification:_identify(.) by extension 'cmake'
[0.661s] Level 1:colcon.colcon_core.package_identification:_identify(.) by extension 'python'
[0.661s] Level 1:colcon.colcon_core.package_identification:_identify(.) by extensions ['python_setup_py']
[0.661s] Level 1:colcon.colcon_core.package_identification:_identify(.) by extension 'python_setup_py'
[0.662s] Level 1:colcon.colcon_core.package_identification:_identify(build) by extensions ['ignore', 'ignore_ament_install']
[0.662s] Level 1:colcon.colcon_core.package_identification:_identify(build) by extension 'ignore'
[0.662s] Level 1:colcon.colcon_core.package_identification:_identify(build) ignored
[0.662s] Level 1:colcon.colcon_core.package_identification:_identify(install) by extensions ['ignore', 'ignore_ament_install']
[0.663s] Level 1:colcon.colcon_core.package_identification:_identify(install) by extension 'ignore'
[0.663s] Level 1:colcon.colcon_core.package_identification:_identify(install) ignored
[0.663s] Level 1:colcon.colcon_core.package_identification:_identify(log) by extensions ['ignore', 'ignore_ament_install']
[0.663s] Level 1:colcon.colcon_core.package_identification:_identify(log) by extension 'ignore'
[0.663s] Level 1:colcon.colcon_core.package_identification:_identify(log) ignored
[0.663s] Level 1:colcon.colcon_core.package_identification:_identify(src) by extensions ['ignore', 'ignore_ament_install']
[0.663s] Level 1:colcon.colcon_core.package_identification:_identify(src) by extension 'ignore'
[0.663s] Level 1:colcon.colcon_core.package_identification:_identify(src) by extension 'ignore_ament_install'
[0.663s] Level 1:colcon.colcon_core.package_identification:_identify(src) by extensions ['colcon_pkg']
[0.664s] Level 1:colcon.colcon_core.package_identification:_identify(src) by extension 'colcon_pkg'
[0.664s] Level 1:colcon.colcon_core.package_identification:_identify(src) by extensions ['colcon_meta']
[0.664s] Level 1:colcon.colcon_core.package_identification:_identify(src) by extension 'colcon_meta'
[0.664s] Level 1:colcon.colcon_core.package_identification:_identify(src) by extensions ['ros']
[0.664s] Level 1:colcon.colcon_core.package_identification:_identify(src) by extension 'ros'
[0.664s] Level 1:colcon.colcon_core.package_identification:_identify(src) by extensions ['cmake', 'python']
[0.664s] Level 1:colcon.colcon_core.package_identification:_identify(src) by extension 'cmake'
[0.664s] Level 1:colcon.colcon_core.package_identification:_identify(src) by extension 'python'
[0.664s] Level 1:colcon.colcon_core.package_identification:_identify(src) by extensions ['python_setup_py']
[0.665s] Level 1:colcon.colcon_core.package_identification:_identify(src) by extension 'python_setup_py'
[0.665s] Level 1:colcon.colcon_core.package_identification:_identify(src/hispano_slam) by extensions ['ignore', 'ignore_ament_install']
[0.665s] Level 1:colcon.colcon_core.package_identification:_identify(src/hispano_slam) by extension 'ignore'
[0.665s] Level 1:colcon.colcon_core.package_identification:_identify(src/hispano_slam) by extension 'ignore_ament_install'
[0.665s] Level 1:colcon.colcon_core.package_identification:_identify(src/hispano_slam) by extensions ['colcon_pkg']
[0.665s] Level 1:colcon.colcon_core.package_identification:_identify(src/hispano_slam) by extension 'colcon_pkg'
[0.665s] Level 1:colcon.colcon_core.package_identification:_identify(src/hispano_slam) by extensions ['colcon_meta']
[0.665s] Level 1:colcon.colcon_core.package_identification:_identify(src/hispano_slam) by extension 'colcon_meta'
[0.666s] Level 1:colcon.colcon_core.package_identification:_identify(src/hispano_slam) by extensions ['ros']
[0.666s] Level 1:colcon.colcon_core.package_identification:_identify(src/hispano_slam) by extension 'ros'
[0.670s] DEBUG:colcon.colcon_core.package_identification:Package 'src/hispano_slam' with type 'ros.ament_python' and name 'hispano_slam'
[0.670s] Level 1:colcon.colcon_core.package_identification:_identify(src/hispanotech_map) by extensions ['ignore', 'ignore_ament_install']
[0.670s] Level 1:colcon.colcon_core.package_identification:_identify(src/hispanotech_map) by extension 'ignore'
[0.670s] Level 1:colcon.colcon_core.package_identification:_identify(src/hispanotech_map) by extension 'ignore_ament_install'
[0.671s] Level 1:colcon.colcon_core.package_identification:_identify(src/hispanotech_map) by extensions ['colcon_pkg']
[0.671s] Level 1:colcon.colcon_core.package_identification:_identify(src/hispanotech_map) by extension 'colcon_pkg'
[0.671s] Level 1:colcon.colcon_core.package_identification:_identify(src/hispanotech_map) by extensions ['colcon_meta']
[0.671s] Level 1:colcon.colcon_core.package_identification:_identify(src/hispanotech_map) by extension 'colcon_meta'
[0.671s] Level 1:colcon.colcon_core.package_identification:_identify(src/hispanotech_map) by extensions ['ros']
[0.671s] Level 1:colcon.colcon_core.package_identification:_identify(src/hispanotech_map) by extension 'ros'
[0.672s] DEBUG:colcon.colcon_core.package_identification:Package 'src/hispanotech_map' with type 'ros.ament_cmake' and name 'hispanotech_map'
[0.672s] Level 1:colcon.colcon_core.package_discovery:discover_packages(recursive) using defaults
[0.672s] Level 1:colcon.colcon_core.package_discovery:discover_packages(ignore) discover
[0.672s] Level 1:colcon.colcon_core.package_discovery:discover_packages(ignore) using defaults
[0.673s] Level 1:colcon.colcon_core.package_discovery:discover_packages(path) discover
[0.673s] Level 1:colcon.colcon_core.package_discovery:discover_packages(path) using defaults
[0.697s] Level 1:colcon.colcon_core.package_discovery:discover_packages(prefix_path) check parameters
[0.698s] Level 1:colcon.colcon_core.package_discovery:discover_packages(prefix_path) discover
[0.701s] DEBUG:colcon.colcon_installed_package_information.package_discovery:Found 13 installed packages in /home/vboxuser/turtlebot3_ws/install
[0.704s] DEBUG:colcon.colcon_installed_package_information.package_discovery:Found 336 installed packages in /opt/ros/galactic
[0.727s] Level 1:colcon.colcon_core.package_discovery:discover_packages(prefix_path) using defaults
[0.859s] Level 5:colcon.colcon_core.verb:set package 'hispano_slam' build argument 'cmake_args' from command line to 'None'
[0.859s] Level 5:colcon.colcon_core.verb:set package 'hispano_slam' build argument 'cmake_target' from command line to 'None'
[0.859s] Level 5:colcon.colcon_core.verb:set package 'hispano_slam' build argument 'cmake_target_skip_unavailable' from command line to 'False'
[0.859s] Level 5:colcon.colcon_core.verb:set package 'hispano_slam' build argument 'cmake_clean_cache' from command line to 'False'
[0.860s] Level 5:colcon.colcon_core.verb:set package 'hispano_slam' build argument 'cmake_clean_first' from command line to 'False'
[0.860s] Level 5:colcon.colcon_core.verb:set package 'hispano_slam' build argument 'cmake_force_configure' from command line to 'False'
[0.860s] Level 5:colcon.colcon_core.verb:set package 'hispano_slam' build argument 'ament_cmake_args' from command line to 'None'
[0.860s] Level 5:colcon.colcon_core.verb:set package 'hispano_slam' build argument 'catkin_cmake_args' from command line to 'None'
[0.860s] Level 5:colcon.colcon_core.verb:set package 'hispano_slam' build argument 'catkin_skip_building_tests' from command line to 'False'
[0.860s] DEBUG:colcon.colcon_core.verb:Building package 'hispano_slam' with the following arguments: {'ament_cmake_args': None, 'build_base': '/home/vboxuser/HispanoTech-UGC-ROS2/build/hispano_slam', 'catkin_cmake_args': None, 'catkin_skip_building_tests': False, 'cmake_args': None, 'cmake_clean_cache': False, 'cmake_clean_first': False, 'cmake_force_configure': False, 'cmake_target': None, 'cmake_target_skip_unavailable': False, 'install_base': '/home/vboxuser/HispanoTech-UGC-ROS2/install/hispano_slam', 'merge_install': False, 'path': '/home/vboxuser/HispanoTech-UGC-ROS2/src/hispano_slam', 'symlink_install': False, 'test_result_base': None}
[0.862s] Level 5:colcon.colcon_core.verb:set package 'hispanotech_map' build argument 'cmake_args' from command line to 'None'
[0.862s] Level 5:colcon.colcon_core.verb:set package 'hispanotech_map' build argument 'cmake_target' from command line to 'None'
[0.862s] Level 5:colcon.colcon_core.verb:set package 'hispanotech_map' build argument 'cmake_target_skip_unavailable' from command line to 'False'
[0.862s] Level 5:colcon.colcon_core.verb:set package 'hispanotech_map' build argument 'cmake_clean_cache' from command line to 'False'
[0.862s] Level 5:colcon.colcon_core.verb:set package 'hispanotech_map' build argument 'cmake_clean_first' from command line to 'False'
[0.862s] Level 5:colcon.colcon_core.verb:set package 'hispanotech_map' build argument 'cmake_force_configure' from command line to 'False'
[0.863s] Level 5:colcon.colcon_core.verb:set package 'hispanotech_map' build argument 'ament_cmake_args' from command line to 'None'
[0.863s] Level 5:colcon.colcon_core.verb:set package 'hispanotech_map' build argument 'catkin_cmake_args' from command line to 'None'
[0.863s] Level 5:colcon.colcon_core.verb:set package 'hispanotech_map' build argument 'catkin_skip_building_tests' from command line to 'False'
[0.863s] DEBUG:colcon.colcon_core.verb:Building package 'hispanotech_map' with the following arguments: {'ament_cmake_args': None, 'build_base': '/home/vboxuser/HispanoTech-UGC-ROS2/build/hispanotech_map', 'catkin_cmake_args': None, 'catkin_skip_building_tests': False, 'cmake_args': None, 'cmake_clean_cache': False, 'cmake_clean_first': False, 'cmake_force_configure': False, 'cmake_target': None, 'cmake_target_skip_unavailable': False, 'install_base': '/home/vboxuser/HispanoTech-UGC-ROS2/install/hispanotech_map', 'merge_install': False, 'path': '/home/vboxuser/HispanoTech-UGC-ROS2/src/hispanotech_map', 'symlink_install': False, 'test_result_base': None}
[0.863s] INFO:colcon.colcon_core.executor:Executing jobs using 'parallel' executor
[0.866s] DEBUG:colcon.colcon_parallel_executor.executor.parallel:run_until_complete
[0.866s] INFO:colcon.colcon_ros.task.ament_python.build:Building ROS package in '/home/vboxuser/HispanoTech-UGC-ROS2/src/hispano_slam' with build type 'ament_python'
[0.867s] Level 1:colcon.colcon_core.shell:create_environment_hook('hispano_slam', 'ament_prefix_path')
[0.873s] INFO:colcon.colcon_core.plugin_system:Skipping extension 'colcon_core.shell.bat': Not used on non-Windows systems
[0.873s] INFO:colcon.colcon_core.shell:Creating environment hook '/home/vboxuser/HispanoTech-UGC-ROS2/install/hispano_slam/share/hispano_slam/hook/ament_prefix_path.ps1'
[0.877s] INFO:colcon.colcon_core.shell:Creating environment descriptor '/home/vboxuser/HispanoTech-UGC-ROS2/install/hispano_slam/share/hispano_slam/hook/ament_prefix_path.dsv'
[0.878s] INFO:colcon.colcon_core.shell:Creating environment hook '/home/vboxuser/HispanoTech-UGC-ROS2/install/hispano_slam/share/hispano_slam/hook/ament_prefix_path.sh'
[0.881s] INFO:colcon.colcon_core.shell:Skip shell extension 'powershell' for command environment: Not usable outside of PowerShell
[0.881s] DEBUG:colcon.colcon_core.shell:Skip shell extension 'dsv' for command environment
[0.896s] INFO:colcon.colcon_ros.task.ament_cmake.build:Building ROS package in '/home/vboxuser/HispanoTech-UGC-ROS2/src/hispanotech_map' with build type 'ament_cmake'
[0.897s] INFO:colcon.colcon_cmake.task.cmake.build:Building CMake package in '/home/vboxuser/HispanoTech-UGC-ROS2/src/hispanotech_map'
[0.899s] INFO:colcon.colcon_core.shell:Skip shell extension 'powershell' for command environment: Not usable outside of PowerShell
[0.899s] DEBUG:colcon.colcon_core.shell:Skip shell extension 'dsv' for command environment
[1.368s] INFO:colcon.colcon_core.task.python.build:Building Python package in '/home/vboxuser/HispanoTech-UGC-ROS2/src/hispano_slam'
[1.370s] INFO:colcon.colcon_core.shell:Skip shell extension 'powershell' for command environment: Not usable outside of PowerShell
[1.370s] DEBUG:colcon.colcon_core.shell:Skip shell extension 'dsv' for command environment
[1.424s] DEBUG:colcon.colcon_core.event_handler.log_command:Invoking command in '/home/vboxuser/HispanoTech-UGC-ROS2/build/hispanotech_map': CMAKE_PREFIX_PATH=${CMAKE_PREFIX_PATH}:/home/vboxuser/turtlebot3_ws/install/show_msg:/home/vboxuser/turtlebot3_ws/install/provide_map:/home/vboxuser/turtlebot3_ws/install/my_slam:/home/vboxuser/turtlebot3_ws/install/my_nav2_system:/home/vboxuser/turtlebot3_ws/install/my_first_subscriber:/home/vboxuser/turtlebot3_ws/install/my_first_service:/home/vboxuser/turtlebot3_ws/install/my_first_publisher:/home/vboxuser/turtlebot3_ws/install/my_first_action:/opt/ros/galactic /usr/bin/cmake --build /home/vboxuser/HispanoTech-UGC-ROS2/build/hispanotech_map -- -j6 -l6
[1.607s] DEBUG:colcon.colcon_core.event_handler.log_command:Invoked command in '/home/vboxuser/HispanoTech-UGC-ROS2/build/hispanotech_map' returned '0': CMAKE_PREFIX_PATH=${CMAKE_PREFIX_PATH}:/home/vboxuser/turtlebot3_ws/install/show_msg:/home/vboxuser/turtlebot3_ws/install/provide_map:/home/vboxuser/turtlebot3_ws/install/my_slam:/home/vboxuser/turtlebot3_ws/install/my_nav2_system:/home/vboxuser/turtlebot3_ws/install/my_first_subscriber:/home/vboxuser/turtlebot3_ws/install/my_first_service:/home/vboxuser/turtlebot3_ws/install/my_first_publisher:/home/vboxuser/turtlebot3_ws/install/my_first_action:/opt/ros/galactic /usr/bin/cmake --build /home/vboxuser/HispanoTech-UGC-ROS2/build/hispanotech_map -- -j6 -l6
[1.647s] DEBUG:colcon.colcon_core.event_handler.log_command:Invoking command in '/home/vboxuser/HispanoTech-UGC-ROS2/build/hispanotech_map': CMAKE_PREFIX_PATH=${CMAKE_PREFIX_PATH}:/home/vboxuser/turtlebot3_ws/install/show_msg:/home/vboxuser/turtlebot3_ws/install/provide_map:/home/vboxuser/turtlebot3_ws/install/my_slam:/home/vboxuser/turtlebot3_ws/install/my_nav2_system:/home/vboxuser/turtlebot3_ws/install/my_first_subscriber:/home/vboxuser/turtlebot3_ws/install/my_first_service:/home/vboxuser/turtlebot3_ws/install/my_first_publisher:/home/vboxuser/turtlebot3_ws/install/my_first_action:/opt/ros/galactic /usr/bin/cmake --install /home/vboxuser/HispanoTech-UGC-ROS2/build/hispanotech_map
[1.685s] Level 1:colcon.colcon_core.environment:create_environment_scripts_only(hispanotech_map)
[1.690s] DEBUG:colcon.colcon_core.event_handler.log_command:Invoked command in '/home/vboxuser/HispanoTech-UGC-ROS2/build/hispanotech_map' returned '0': CMAKE_PREFIX_PATH=${CMAKE_PREFIX_PATH}:/home/vboxuser/turtlebot3_ws/install/show_msg:/home/vboxuser/turtlebot3_ws/install/provide_map:/home/vboxuser/turtlebot3_ws/install/my_slam:/home/vboxuser/turtlebot3_ws/install/my_nav2_system:/home/vboxuser/turtlebot3_ws/install/my_first_subscriber:/home/vboxuser/turtlebot3_ws/install/my_first_service:/home/vboxuser/turtlebot3_ws/install/my_first_publisher:/home/vboxuser/turtlebot3_ws/install/my_first_action:/opt/ros/galactic /usr/bin/cmake --install /home/vboxuser/HispanoTech-UGC-ROS2/build/hispanotech_map
[1.693s] Level 1:colcon.colcon_core.environment:checking '/home/vboxuser/HispanoTech-UGC-ROS2/install/hispanotech_map' for CMake module files
[1.694s] Level 1:colcon.colcon_core.environment:checking '/home/vboxuser/HispanoTech-UGC-ROS2/install/hispanotech_map' for CMake config files
[1.694s] Level 1:colcon.colcon_core.shell:create_environment_hook('hispanotech_map', 'cmake_prefix_path')
[1.695s] INFO:colcon.colcon_core.shell:Creating environment hook '/home/vboxuser/HispanoTech-UGC-ROS2/install/hispanotech_map/share/hispanotech_map/hook/cmake_prefix_path.ps1'
[1.696s] INFO:colcon.colcon_core.shell:Creating environment descriptor '/home/vboxuser/HispanoTech-UGC-ROS2/install/hispanotech_map/share/hispanotech_map/hook/cmake_prefix_path.dsv'
[1.697s] INFO:colcon.colcon_core.shell:Creating environment hook '/home/vboxuser/HispanoTech-UGC-ROS2/install/hispanotech_map/share/hispanotech_map/hook/cmake_prefix_path.sh'
[1.699s] Level 1:colcon.colcon_core.environment:checking '/home/vboxuser/HispanoTech-UGC-ROS2/install/hispanotech_map/lib'
[1.699s] Level 1:colcon.colcon_core.environment:checking '/home/vboxuser/HispanoTech-UGC-ROS2/install/hispanotech_map/bin'
[1.699s] Level 1:colcon.colcon_core.environment:checking '/home/vboxuser/HispanoTech-UGC-ROS2/install/hispanotech_map/lib/pkgconfig/hispanotech_map.pc'
[1.700s] Level 1:colcon.colcon_core.environment:checking '/home/vboxuser/HispanoTech-UGC-ROS2/install/hispanotech_map/lib/python3.8/site-packages'
[1.700s] Level 1:colcon.colcon_core.environment:checking '/home/vboxuser/HispanoTech-UGC-ROS2/install/hispanotech_map/bin'
[1.701s] INFO:colcon.colcon_core.shell:Creating package script '/home/vboxuser/HispanoTech-UGC-ROS2/install/hispanotech_map/share/hispanotech_map/package.ps1'
[1.703s] INFO:colcon.colcon_core.shell:Creating package descriptor '/home/vboxuser/HispanoTech-UGC-ROS2/install/hispanotech_map/share/hispanotech_map/package.dsv'
[1.704s] INFO:colcon.colcon_core.shell:Creating package script '/home/vboxuser/HispanoTech-UGC-ROS2/install/hispanotech_map/share/hispanotech_map/package.sh'
[1.707s] INFO:colcon.colcon_core.shell:Creating package script '/home/vboxuser/HispanoTech-UGC-ROS2/install/hispanotech_map/share/hispanotech_map/package.bash'
[1.709s] INFO:colcon.colcon_core.shell:Creating package script '/home/vboxuser/HispanoTech-UGC-ROS2/install/hispanotech_map/share/hispanotech_map/package.zsh'
[1.711s] Level 1:colcon.colcon_core.environment:create_file_with_runtime_dependencies(/home/vboxuser/HispanoTech-UGC-ROS2/install/hispanotech_map/share/colcon-core/packages/hispanotech_map)
[1.713s] Level 1:colcon.colcon_core.environment:create_environment_scripts_only(hispanotech_map)
[1.714s] Level 1:colcon.colcon_core.environment:checking '/home/vboxuser/HispanoTech-UGC-ROS2/install/hispanotech_map' for CMake module files
[1.715s] Level 1:colcon.colcon_core.environment:checking '/home/vboxuser/HispanoTech-UGC-ROS2/install/hispanotech_map' for CMake config files
[1.715s] Level 1:colcon.colcon_core.shell:create_environment_hook('hispanotech_map', 'cmake_prefix_path')
[1.716s] INFO:colcon.colcon_core.shell:Creating environment hook '/home/vboxuser/HispanoTech-UGC-ROS2/install/hispanotech_map/share/hispanotech_map/hook/cmake_prefix_path.ps1'
[1.717s] INFO:colcon.colcon_core.shell:Creating environment descriptor '/home/vboxuser/HispanoTech-UGC-ROS2/install/hispanotech_map/share/hispanotech_map/hook/cmake_prefix_path.dsv'
[1.718s] INFO:colcon.colcon_core.shell:Creating environment hook '/home/vboxuser/HispanoTech-UGC-ROS2/install/hispanotech_map/share/hispanotech_map/hook/cmake_prefix_path.sh'
[1.720s] Level 1:colcon.colcon_core.environment:checking '/home/vboxuser/HispanoTech-UGC-ROS2/install/hispanotech_map/lib'
[1.721s] Level 1:colcon.colcon_core.environment:checking '/home/vboxuser/HispanoTech-UGC-ROS2/install/hispanotech_map/bin'
[1.721s] Level 1:colcon.colcon_core.environment:checking '/home/vboxuser/HispanoTech-UGC-ROS2/install/hispanotech_map/lib/pkgconfig/hispanotech_map.pc'
[1.721s] Level 1:colcon.colcon_core.environment:checking '/home/vboxuser/HispanoTech-UGC-ROS2/install/hispanotech_map/lib/python3.8/site-packages'
[1.722s] Level 1:colcon.colcon_core.environment:checking '/home/vboxuser/HispanoTech-UGC-ROS2/install/hispanotech_map/bin'
[1.722s] INFO:colcon.colcon_core.shell:Creating package script '/home/vboxuser/HispanoTech-UGC-ROS2/install/hispanotech_map/share/hispanotech_map/package.ps1'
[1.724s] INFO:colcon.colcon_core.shell:Creating package descriptor '/home/vboxuser/HispanoTech-UGC-ROS2/install/hispanotech_map/share/hispanotech_map/package.dsv'
[1.726s] INFO:colcon.colcon_core.shell:Creating package script '/home/vboxuser/HispanoTech-UGC-ROS2/install/hispanotech_map/share/hispanotech_map/package.sh'
[1.727s] INFO:colcon.colcon_core.shell:Creating package script '/home/vboxuser/HispanoTech-UGC-ROS2/install/hispanotech_map/share/hispanotech_map/package.bash'
[1.729s] INFO:colcon.colcon_core.shell:Creating package script '/home/vboxuser/HispanoTech-UGC-ROS2/install/hispanotech_map/share/hispanotech_map/package.zsh'
[1.731s] Level 1:colcon.colcon_core.environment:create_file_with_runtime_dependencies(/home/vboxuser/HispanoTech-UGC-ROS2/install/hispanotech_map/share/colcon-core/packages/hispanotech_map)
[2.144s] DEBUG:colcon.colcon_core.event_handler.log_command:Invoking command in '/home/vboxuser/HispanoTech-UGC-ROS2/src/hispano_slam': PYTHONPATH=/home/vboxuser/HispanoTech-UGC-ROS2/build/hispano_slam/prefix_override:/usr/lib/python3/dist-packages/colcon_core/task/python/colcon_distutils_commands:/home/vboxuser/HispanoTech-UGC-ROS2/install/hispano_slam/lib/python3.8/site-packages:${PYTHONPATH} /usr/bin/python3 -W ignore:setup.py install is deprecated -W ignore:easy_install command is deprecated setup.py egg_info --egg-base ../../build/hispano_slam build --build-base /home/vboxuser/HispanoTech-UGC-ROS2/build/hispano_slam/build install --record /home/vboxuser/HispanoTech-UGC-ROS2/build/hispano_slam/install.log --single-version-externally-managed install_data
[2.709s] Level 1:colcon.colcon_core.environment:checking '/home/vboxuser/HispanoTech-UGC-ROS2/install/hispano_slam' for CMake module files
[2.711s] DEBUG:colcon.colcon_core.event_handler.log_command:Invoked command in '/home/vboxuser/HispanoTech-UGC-ROS2/src/hispano_slam' returned '0': PYTHONPATH=/home/vboxuser/HispanoTech-UGC-ROS2/build/hispano_slam/prefix_override:/usr/lib/python3/dist-packages/colcon_core/task/python/colcon_distutils_commands:/home/vboxuser/HispanoTech-UGC-ROS2/install/hispano_slam/lib/python3.8/site-packages:${PYTHONPATH} /usr/bin/python3 -W ignore:setup.py install is deprecated -W ignore:easy_install command is deprecated setup.py egg_info --egg-base ../../build/hispano_slam build --build-base /home/vboxuser/HispanoTech-UGC-ROS2/build/hispano_slam/build install --record /home/vboxuser/HispanoTech-UGC-ROS2/build/hispano_slam/install.log --single-version-externally-managed install_data
[2.712s] Level 1:colcon.colcon_core.environment:checking '/home/vboxuser/HispanoTech-UGC-ROS2/install/hispano_slam' for CMake config files
[2.713s] Level 1:colcon.colcon_core.environment:checking '/home/vboxuser/HispanoTech-UGC-ROS2/install/hispano_slam/lib'
[2.714s] Level 1:colcon.colcon_core.environment:checking '/home/vboxuser/HispanoTech-UGC-ROS2/install/hispano_slam/bin'
[2.715s] Level 1:colcon.colcon_core.environment:checking '/home/vboxuser/HispanoTech-UGC-ROS2/install/hispano_slam/lib/pkgconfig/hispano_slam.pc'
[2.715s] Level 1:colcon.colcon_core.environment:checking '/home/vboxuser/HispanoTech-UGC-ROS2/install/hispano_slam/lib/python3.8/site-packages'
[2.715s] Level 1:colcon.colcon_core.shell:create_environment_hook('hispano_slam', 'pythonpath')
[2.716s] INFO:colcon.colcon_core.shell:Creating environment hook '/home/vboxuser/HispanoTech-UGC-ROS2/install/hispano_slam/share/hispano_slam/hook/pythonpath.ps1'
[2.718s] INFO:colcon.colcon_core.shell:Creating environment descriptor '/home/vboxuser/HispanoTech-UGC-ROS2/install/hispano_slam/share/hispano_slam/hook/pythonpath.dsv'
[2.720s] INFO:colcon.colcon_core.shell:Creating environment hook '/home/vboxuser/HispanoTech-UGC-ROS2/install/hispano_slam/share/hispano_slam/hook/pythonpath.sh'
[2.722s] Level 1:colcon.colcon_core.environment:checking '/home/vboxuser/HispanoTech-UGC-ROS2/install/hispano_slam/bin'
[2.723s] Level 1:colcon.colcon_core.environment:create_environment_scripts_only(hispano_slam)
[2.723s] INFO:colcon.colcon_core.shell:Creating package script '/home/vboxuser/HispanoTech-UGC-ROS2/install/hispano_slam/share/hispano_slam/package.ps1'
[2.725s] INFO:colcon.colcon_core.shell:Creating package descriptor '/home/vboxuser/HispanoTech-UGC-ROS2/install/hispano_slam/share/hispano_slam/package.dsv'
[2.727s] INFO:colcon.colcon_core.shell:Creating package script '/home/vboxuser/HispanoTech-UGC-ROS2/install/hispano_slam/share/hispano_slam/package.sh'
[2.729s] INFO:colcon.colcon_core.shell:Creating package script '/home/vboxuser/HispanoTech-UGC-ROS2/install/hispano_slam/share/hispano_slam/package.bash'
[2.731s] INFO:colcon.colcon_core.shell:Creating package script '/home/vboxuser/HispanoTech-UGC-ROS2/install/hispano_slam/share/hispano_slam/package.zsh'
[2.733s] Level 1:colcon.colcon_core.environment:create_file_with_runtime_dependencies(/home/vboxuser/HispanoTech-UGC-ROS2/install/hispano_slam/share/colcon-core/packages/hispano_slam)
[2.735s] DEBUG:colcon.colcon_parallel_executor.executor.parallel:closing loop
[2.735s] DEBUG:colcon.colcon_parallel_executor.executor.parallel:loop closed
[2.737s] DEBUG:colcon.colcon_parallel_executor.executor.parallel:run_until_complete finished with '0'
[2.737s] DEBUG:colcon.colcon_core.event_reactor:joining thread
[2.748s] INFO:colcon.colcon_core.plugin_system:Skipping extension 'colcon_notification.desktop_notification.terminal_notifier': Not used on non-Darwin systems
[2.748s] INFO:colcon.colcon_core.plugin_system:Skipping extension 'colcon_notification.desktop_notification.win32': Not used on non-Windows systems
[2.748s] INFO:colcon.colcon_notification.desktop_notification:Sending desktop notification using 'notify2'
[2.781s] DEBUG:colcon.colcon_core.event_reactor:joined thread
[2.783s] INFO:colcon.colcon_core.shell:Creating prefix script '/home/vboxuser/HispanoTech-UGC-ROS2/install/local_setup.ps1'
[2.785s] INFO:colcon.colcon_core.shell:Creating prefix util module '/home/vboxuser/HispanoTech-UGC-ROS2/install/_local_setup_util_ps1.py'
[2.788s] INFO:colcon.colcon_core.shell:Creating prefix chain script '/home/vboxuser/HispanoTech-UGC-ROS2/install/setup.ps1'
[2.791s] INFO:colcon.colcon_core.shell:Creating prefix script '/home/vboxuser/HispanoTech-UGC-ROS2/install/local_setup.sh'
[2.794s] INFO:colcon.colcon_core.shell:Creating prefix util module '/home/vboxuser/HispanoTech-UGC-ROS2/install/_local_setup_util_sh.py'
[2.795s] INFO:colcon.colcon_core.shell:Creating prefix chain script '/home/vboxuser/HispanoTech-UGC-ROS2/install/setup.sh'
[2.799s] INFO:colcon.colcon_core.shell:Creating prefix script '/home/vboxuser/HispanoTech-UGC-ROS2/install/local_setup.bash'
[2.800s] INFO:colcon.colcon_core.shell:Creating prefix chain script '/home/vboxuser/HispanoTech-UGC-ROS2/install/setup.bash'
[2.805s] INFO:colcon.colcon_core.shell:Creating prefix script '/home/vboxuser/HispanoTech-UGC-ROS2/install/local_setup.zsh'
[2.806s] INFO:colcon.colcon_core.shell:Creating prefix chain script '/home/vboxuser/HispanoTech-UGC-ROS2/install/setup.zsh'
