[100%] Built target turtlebot3_drive
-- Install configuration: ""
-- Up-to-date: /home/vboxuser/HispanoTech-UGC-ROS2/install/hispanotech_map/lib/hispanotech_map/turtlebot3_drive
-- Up-to-date: /home/vboxuser/HispanoTech-UGC-ROS2/install/hispanotech_map/share/hispanotech_map//launch
-- Installing: /home/vboxuser/HispanoTech-UGC-ROS2/install/hispanotech_map/share/hispanotech_map//launch/turtlebot3_hispano_world.launch.py
-- Up-to-date: /home/vboxuser/HispanoTech-UGC-ROS2/install/hispanotech_map/share/hispanotech_map//models
-- Up-to-date: /home/vboxuser/HispanoTech-UGC-ROS2/install/hispanotech_map/share/hispanotech_map//models/warehouse_1
-- Up-to-date: /home/vboxuser/HispanoTech-UGC-ROS2/install/hispanotech_map/share/hispanotech_map//models/warehouse_1/meshes
-- Up-to-date: /home/vboxuser/HispanoTech-UGC-ROS2/install/hispanotech_map/share/hispanotech_map//models/warehouse_1/meshes/box_labels.png
-- Up-to-date: /home/vboxuser/HispanoTech-UGC-ROS2/install/hispanotech_map/share/hispanotech_map//models/warehouse_1/meshes/rock1.JPG
-- Up-to-date: /home/vboxuser/HispanoTech-UGC-ROS2/install/hispanotech_map/share/hispanotech_map//models/warehouse_1/meshes/icra2019-poster-image.png
-- Up-to-date: /home/vboxuser/HispanoTech-UGC-ROS2/install/hispanotech_map/share/hispanotech_map//models/warehouse_1/meshes/SICK_V2_WHITE.jpg
-- Up-to-date: /home/vboxuser/HispanoTech-UGC-ROS2/install/hispanotech_map/share/hispanotech_map//models/warehouse_1/meshes/FetchLogo-1024x388.png
-- Up-to-date: /home/vboxuser/HispanoTech-UGC-ROS2/install/hispanotech_map/share/hispanotech_map//models/warehouse_1/meshes/fetchit_manipulation_challenge_logo.png
-- Up-to-date: /home/vboxuser/HispanoTech-UGC-ROS2/install/hispanotech_map/share/hispanotech_map//models/warehouse_1/meshes/SICK_V2.png
-- Up-to-date: /home/vboxuser/HispanoTech-UGC-ROS2/install/hispanotech_map/share/hispanotech_map//models/warehouse_1/meshes/SCHUNK_logo.jpg
-- Up-to-date: /home/vboxuser/HispanoTech-UGC-ROS2/install/hispanotech_map/share/hispanotech_map//models/warehouse_1/meshes/warehouse_collision.stl
-- Up-to-date: /home/vboxuser/HispanoTech-UGC-ROS2/install/hispanotech_map/share/hispanotech_map//models/warehouse_1/meshes/Logo-TheConstruct-primario-NEW-tagline-2.jpg
-- Up-to-date: /home/vboxuser/HispanoTech-UGC-ROS2/install/hispanotech_map/share/hispanotech_map//models/warehouse_1/meshes/fetchit_env_version4.dae
-- Up-to-date: /home/vboxuser/HispanoTech-UGC-ROS2/install/hispanotech_map/share/hispanotech_map//models/warehouse_1/meshes/fetchit_env_version2.dae
-- Up-to-date: /home/vboxuser/HispanoTech-UGC-ROS2/install/hispanotech_map/share/hispanotech_map//models/warehouse_1/meshes/fetchit_env_version3.dae
-- Up-to-date: /home/vboxuser/HispanoTech-UGC-ROS2/install/hispanotech_map/share/hispanotech_map//models/warehouse_1/meshes/dummy.png
-- Up-to-date: /home/vboxuser/HispanoTech-UGC-ROS2/install/hispanotech_map/share/hispanotech_map//models/warehouse_1/meshes/Logo-SICK.jpg
-- Up-to-date: /home/vboxuser/HispanoTech-UGC-ROS2/install/hispanotech_map/share/hispanotech_map//models/warehouse_1/meshes/fetchit_env_version1.dae
-- Up-to-date: /home/vboxuser/HispanoTech-UGC-ROS2/install/hispanotech_map/share/hispanotech_map//models/warehouse_1/meshes/EandM.jpg
-- Up-to-date: /home/vboxuser/HispanoTech-UGC-ROS2/install/hispanotech_map/share/hispanotech_map//models/warehouse_1/model.sdf
-- Up-to-date: /home/vboxuser/HispanoTech-UGC-ROS2/install/hispanotech_map/share/hispanotech_map//models/warehouse_1/model.config
-- Up-to-date: /home/vboxuser/HispanoTech-UGC-ROS2/install/hispanotech_map/share/hispanotech_map//world
-- Up-to-date: /home/vboxuser/HispanoTech-UGC-ROS2/install/hispanotech_map/share/hispanotech_map//world/burger.model
-- Up-to-date: /home/vboxuser/HispanoTech-UGC-ROS2/install/hispanotech_map/share/hispanotech_map//world/burger_pi.model
-- Up-to-date: /home/vboxuser/HispanoTech-UGC-ROS2/install/hispanotech_map/share/hispanotech_map//urdf
-- Up-to-date: /home/vboxuser/HispanoTech-UGC-ROS2/install/hispanotech_map/share/hispanotech_map//urdf/turtlebot3_burger.urdf
-- Up-to-date: /home/vboxuser/HispanoTech-UGC-ROS2/install/hispanotech_map/share/hispanotech_map//urdf/turtlebot3_burger_pi.urdf
-- Up-to-date: /home/vboxuser/HispanoTech-UGC-ROS2/install/hispanotech_map/include/
-- Up-to-date: /home/vboxuser/HispanoTech-UGC-ROS2/install/hispanotech_map/share/ament_index/resource_index/package_run_dependencies/hispanotech_map
-- Up-to-date: /home/vboxuser/HispanoTech-UGC-ROS2/install/hispanotech_map/share/ament_index/resource_index/parent_prefix_path/hispanotech_map
-- Up-to-date: /home/vboxuser/HispanoTech-UGC-ROS2/install/hispanotech_map/share/hispanotech_map/environment/ament_prefix_path.sh
-- Up-to-date: /home/vboxuser/HispanoTech-UGC-ROS2/install/hispanotech_map/share/hispanotech_map/environment/ament_prefix_path.dsv
-- Up-to-date: /home/vboxuser/HispanoTech-UGC-ROS2/install/hispanotech_map/share/hispanotech_map/environment/path.sh
-- Up-to-date: /home/vboxuser/HispanoTech-UGC-ROS2/install/hispanotech_map/share/hispanotech_map/environment/path.dsv
-- Up-to-date: /home/vboxuser/HispanoTech-UGC-ROS2/install/hispanotech_map/share/hispanotech_map/local_setup.bash
-- Up-to-date: /home/vboxuser/HispanoTech-UGC-ROS2/install/hispanotech_map/share/hispanotech_map/local_setup.sh
-- Up-to-date: /home/vboxuser/HispanoTech-UGC-ROS2/install/hispanotech_map/share/hispanotech_map/local_setup.zsh
-- Up-to-date: /home/vboxuser/HispanoTech-UGC-ROS2/install/hispanotech_map/share/hispanotech_map/local_setup.dsv
-- Installing: /home/vboxuser/HispanoTech-UGC-ROS2/install/hispanotech_map/share/hispanotech_map/package.dsv
-- Up-to-date: /home/vboxuser/HispanoTech-UGC-ROS2/install/hispanotech_map/share/ament_index/resource_index/packages/hispanotech_map
-- Up-to-date: /home/vboxuser/HispanoTech-UGC-ROS2/install/hispanotech_map/share/hispanotech_map/cmake/ament_cmake_export_include_directories-extras.cmake
-- Up-to-date: /home/vboxuser/HispanoTech-UGC-ROS2/install/hispanotech_map/share/hispanotech_map/cmake/ament_cmake_export_dependencies-extras.cmake
-- Up-to-date: /home/vboxuser/HispanoTech-UGC-ROS2/install/hispanotech_map/share/hispanotech_map/cmake/hispanotech_mapConfig.cmake
-- Up-to-date: /home/vboxuser/HispanoTech-UGC-ROS2/install/hispanotech_map/share/hispanotech_map/cmake/hispanotech_mapConfig-version.cmake
-- Up-to-date: /home/vboxuser/HispanoTech-UGC-ROS2/install/hispanotech_map/share/hispanotech_map/package.xml
