[0.530s] Invoking command in '/home/vboxuser/HispanoTech-UGC-ROS2/build/hispanotech_map': CMAKE_PREFIX_PATH=${CMAKE_PREFIX_PATH}:/home/vboxuser/HispanoTech-UGC-ROS2/install/hispano_slam:/home/vboxuser/turtlebot3_ws/install/show_msg:/home/vboxuser/turtlebot3_ws/install/provide_map:/home/vboxuser/turtlebot3_ws/install/my_slam:/home/vboxuser/turtlebot3_ws/install/my_nav2_system:/home/vboxuser/turtlebot3_ws/install/my_first_subscriber:/home/vboxuser/turtlebot3_ws/install/my_first_service:/home/vboxuser/turtlebot3_ws/install/my_first_publisher:/home/vboxuser/turtlebot3_ws/install/my_first_action:/opt/ros/galactic /usr/bin/cmake --build /home/vboxuser/HispanoTech-UGC-ROS2/build/hispanotech_map -- -j6 -l6
[0.673s] [100%] Built target turtlebot3_drive
[0.713s] Invoked command in '/home/vboxuser/HispanoTech-UGC-ROS2/build/hispanotech_map' returned '0': CMAKE_PREFIX_PATH=${CMAKE_PREFIX_PATH}:/home/vboxuser/HispanoTech-UGC-ROS2/install/hispano_slam:/home/vboxuser/turtlebot3_ws/install/show_msg:/home/vboxuser/turtlebot3_ws/install/provide_map:/home/vboxuser/turtlebot3_ws/install/my_slam:/home/vboxuser/turtlebot3_ws/install/my_nav2_system:/home/vboxuser/turtlebot3_ws/install/my_first_subscriber:/home/vboxuser/turtlebot3_ws/install/my_first_service:/home/vboxuser/turtlebot3_ws/install/my_first_publisher:/home/vboxuser/turtlebot3_ws/install/my_first_action:/opt/ros/galactic /usr/bin/cmake --build /home/vboxuser/HispanoTech-UGC-ROS2/build/hispanotech_map -- -j6 -l6
[0.745s] Invoking command in '/home/vboxuser/HispanoTech-UGC-ROS2/build/hispanotech_map': CMAKE_PREFIX_PATH=${CMAKE_PREFIX_PATH}:/home/vboxuser/HispanoTech-UGC-ROS2/install/hispano_slam:/home/vboxuser/turtlebot3_ws/install/show_msg:/home/vboxuser/turtlebot3_ws/install/provide_map:/home/vboxuser/turtlebot3_ws/install/my_slam:/home/vboxuser/turtlebot3_ws/install/my_nav2_system:/home/vboxuser/turtlebot3_ws/install/my_first_subscriber:/home/vboxuser/turtlebot3_ws/install/my_first_service:/home/vboxuser/turtlebot3_ws/install/my_first_publisher:/home/vboxuser/turtlebot3_ws/install/my_first_action:/opt/ros/galactic /usr/bin/cmake --install /home/vboxuser/HispanoTech-UGC-ROS2/build/hispanotech_map
[0.765s] -- Install configuration: ""
[0.765s] -- Up-to-date: /home/vboxuser/HispanoTech-UGC-ROS2/install/hispanotech_map/lib/hispanotech_map/turtlebot3_drive
[0.766s] -- Up-to-date: /home/vboxuser/HispanoTech-UGC-ROS2/install/hispanotech_map/share/hispanotech_map//launch
[0.766s] -- Installing: /home/vboxuser/HispanoTech-UGC-ROS2/install/hispanotech_map/share/hispanotech_map//launch/turtlebot3_hispano_world.launch.py
[0.767s] -- Up-to-date: /home/vboxuser/HispanoTech-UGC-ROS2/install/hispanotech_map/share/hispanotech_map//models
[0.768s] -- Up-to-date: /home/vboxuser/HispanoTech-UGC-ROS2/install/hispanotech_map/share/hispanotech_map//models/warehouse_1
[0.768s] -- Up-to-date: /home/vboxuser/HispanoTech-UGC-ROS2/install/hispanotech_map/share/hispanotech_map//models/warehouse_1/meshes
[0.768s] -- Up-to-date: /home/vboxuser/HispanoTech-UGC-ROS2/install/hispanotech_map/share/hispanotech_map//models/warehouse_1/meshes/box_labels.png
[0.769s] -- Up-to-date: /home/vboxuser/HispanoTech-UGC-ROS2/install/hispanotech_map/share/hispanotech_map//models/warehouse_1/meshes/rock1.JPG
[0.770s] -- Up-to-date: /home/vboxuser/HispanoTech-UGC-ROS2/install/hispanotech_map/share/hispanotech_map//models/warehouse_1/meshes/icra2019-poster-image.png
[0.770s] -- Up-to-date: /home/vboxuser/HispanoTech-UGC-ROS2/install/hispanotech_map/share/hispanotech_map//models/warehouse_1/meshes/SICK_V2_WHITE.jpg
[0.770s] -- Up-to-date: /home/vboxuser/HispanoTech-UGC-ROS2/install/hispanotech_map/share/hispanotech_map//models/warehouse_1/meshes/FetchLogo-1024x388.png
[0.771s] -- Up-to-date: /home/vboxuser/HispanoTech-UGC-ROS2/install/hispanotech_map/share/hispanotech_map//models/warehouse_1/meshes/fetchit_manipulation_challenge_logo.png
[0.771s] -- Up-to-date: /home/vboxuser/HispanoTech-UGC-ROS2/install/hispanotech_map/share/hispanotech_map//models/warehouse_1/meshes/SICK_V2.png
[0.771s] -- Up-to-date: /home/vboxuser/HispanoTech-UGC-ROS2/install/hispanotech_map/share/hispanotech_map//models/warehouse_1/meshes/SCHUNK_logo.jpg
[0.772s] -- Up-to-date: /home/vboxuser/HispanoTech-UGC-ROS2/install/hispanotech_map/share/hispanotech_map//models/warehouse_1/meshes/warehouse_collision.stl
[0.772s] -- Up-to-date: /home/vboxuser/HispanoTech-UGC-ROS2/install/hispanotech_map/share/hispanotech_map//models/warehouse_1/meshes/Logo-TheConstruct-primario-NEW-tagline-2.jpg
[0.773s] -- Up-to-date: /home/vboxuser/HispanoTech-UGC-ROS2/install/hispanotech_map/share/hispanotech_map//models/warehouse_1/meshes/fetchit_env_version4.dae
[0.773s] -- Up-to-date: /home/vboxuser/HispanoTech-UGC-ROS2/install/hispanotech_map/share/hispanotech_map//models/warehouse_1/meshes/fetchit_env_version2.dae
[0.773s] -- Up-to-date: /home/vboxuser/HispanoTech-UGC-ROS2/install/hispanotech_map/share/hispanotech_map//models/warehouse_1/meshes/fetchit_env_version3.dae
[0.773s] -- Up-to-date: /home/vboxuser/HispanoTech-UGC-ROS2/install/hispanotech_map/share/hispanotech_map//models/warehouse_1/meshes/dummy.png
[0.773s] -- Up-to-date: /home/vboxuser/HispanoTech-UGC-ROS2/install/hispanotech_map/share/hispanotech_map//models/warehouse_1/meshes/Logo-SICK.jpg
[0.774s] -- Up-to-date: /home/vboxuser/HispanoTech-UGC-ROS2/install/hispanotech_map/share/hispanotech_map//models/warehouse_1/meshes/fetchit_env_version1.dae
[0.774s] -- Up-to-date: /home/vboxuser/HispanoTech-UGC-ROS2/install/hispanotech_map/share/hispanotech_map//models/warehouse_1/meshes/EandM.jpg
[0.774s] -- Up-to-date: /home/vboxuser/HispanoTech-UGC-ROS2/install/hispanotech_map/share/hispanotech_map//models/warehouse_1/model.sdf
[0.774s] -- Up-to-date: /home/vboxuser/HispanoTech-UGC-ROS2/install/hispanotech_map/share/hispanotech_map//models/warehouse_1/model.config
[0.775s] -- Up-to-date: /home/vboxuser/HispanoTech-UGC-ROS2/install/hispanotech_map/share/hispanotech_map//world
[0.775s] -- Up-to-date: /home/vboxuser/HispanoTech-UGC-ROS2/install/hispanotech_map/share/hispanotech_map//world/burger.model
[0.775s] -- Up-to-date: /home/vboxuser/HispanoTech-UGC-ROS2/install/hispanotech_map/share/hispanotech_map//world/burger_pi.model
[0.775s] -- Up-to-date: /home/vboxuser/HispanoTech-UGC-ROS2/install/hispanotech_map/share/hispanotech_map//urdf
[0.775s] -- Up-to-date: /home/vboxuser/HispanoTech-UGC-ROS2/install/hispanotech_map/share/hispanotech_map//urdf/turtlebot3_burger.urdf
[0.775s] -- Up-to-date: /home/vboxuser/HispanoTech-UGC-ROS2/install/hispanotech_map/share/hispanotech_map//urdf/turtlebot3_burger_pi.urdf
[0.775s] -- Up-to-date: /home/vboxuser/HispanoTech-UGC-ROS2/install/hispanotech_map/include/
[0.775s] -- Up-to-date: /home/vboxuser/HispanoTech-UGC-ROS2/install/hispanotech_map/share/ament_index/resource_index/package_run_dependencies/hispanotech_map
[0.776s] -- Up-to-date: /home/vboxuser/HispanoTech-UGC-ROS2/install/hispanotech_map/share/ament_index/resource_index/parent_prefix_path/hispanotech_map
[0.776s] -- Up-to-date: /home/vboxuser/HispanoTech-UGC-ROS2/install/hispanotech_map/share/hispanotech_map/environment/ament_prefix_path.sh
[0.776s] -- Up-to-date: /home/vboxuser/HispanoTech-UGC-ROS2/install/hispanotech_map/share/hispanotech_map/environment/ament_prefix_path.dsv
[0.777s] -- Up-to-date: /home/vboxuser/HispanoTech-UGC-ROS2/install/hispanotech_map/share/hispanotech_map/environment/path.sh
[0.777s] -- Up-to-date: /home/vboxuser/HispanoTech-UGC-ROS2/install/hispanotech_map/share/hispanotech_map/environment/path.dsv
[0.779s] -- Up-to-date: /home/vboxuser/HispanoTech-UGC-ROS2/install/hispanotech_map/share/hispanotech_map/local_setup.bash
[0.782s] -- Up-to-date: /home/vboxuser/HispanoTech-UGC-ROS2/install/hispanotech_map/share/hispanotech_map/local_setup.sh
[0.789s] -- Up-to-date: /home/vboxuser/HispanoTech-UGC-ROS2/install/hispanotech_map/share/hispanotech_map/local_setup.zsh
[0.790s] -- Up-to-date: /home/vboxuser/HispanoTech-UGC-ROS2/install/hispanotech_map/share/hispanotech_map/local_setup.dsv
[0.791s] -- Installing: /home/vboxuser/HispanoTech-UGC-ROS2/install/hispanotech_map/share/hispanotech_map/package.dsv
[0.792s] -- Up-to-date: /home/vboxuser/HispanoTech-UGC-ROS2/install/hispanotech_map/share/ament_index/resource_index/packages/hispanotech_map
[0.792s] -- Up-to-date: /home/vboxuser/HispanoTech-UGC-ROS2/install/hispanotech_map/share/hispanotech_map/cmake/ament_cmake_export_include_directories-extras.cmake
[0.794s] -- Up-to-date: /home/vboxuser/HispanoTech-UGC-ROS2/install/hispanotech_map/share/hispanotech_map/cmake/ament_cmake_export_dependencies-extras.cmake
[0.798s] -- Up-to-date: /home/vboxuser/HispanoTech-UGC-ROS2/install/hispanotech_map/share/hispanotech_map/cmake/hispanotech_mapConfig.cmake
[0.802s] -- Up-to-date: /home/vboxuser/HispanoTech-UGC-ROS2/install/hispanotech_map/share/hispanotech_map/cmake/hispanotech_mapConfig-version.cmake
[0.803s] -- Up-to-date: /home/vboxuser/HispanoTech-UGC-ROS2/install/hispanotech_map/share/hispanotech_map/package.xml
[0.803s] Invoked command in '/home/vboxuser/HispanoTech-UGC-ROS2/build/hispanotech_map' returned '0': CMAKE_PREFIX_PATH=${CMAKE_PREFIX_PATH}:/home/vboxuser/HispanoTech-UGC-ROS2/install/hispano_slam:/home/vboxuser/turtlebot3_ws/install/show_msg:/home/vboxuser/turtlebot3_ws/install/provide_map:/home/vboxuser/turtlebot3_ws/install/my_slam:/home/vboxuser/turtlebot3_ws/install/my_nav2_system:/home/vboxuser/turtlebot3_ws/install/my_first_subscriber:/home/vboxuser/turtlebot3_ws/install/my_first_service:/home/vboxuser/turtlebot3_ws/install/my_first_publisher:/home/vboxuser/turtlebot3_ws/install/my_first_action:/opt/ros/galactic /usr/bin/cmake --install /home/vboxuser/HispanoTech-UGC-ROS2/build/hispanotech_map
