[0.024s] Invoking command in '/home/vboxuser/proyecto_robotica/HispanoTech-UGC-ROS2/build/hispanotech_map': CMAKE_PREFIX_PATH=${CMAKE_PREFIX_PATH}:/home/vboxuser/turtlebot3_ws/install/show_msg:/home/vboxuser/turtlebot3_ws/install/my_first_service:/home/vboxuser/turtlebot3_ws/install/my_first_publisher:/home/vboxuser/turtlebot3_ws/install/my_first_action:/opt/ros/galactic /usr/bin/cmake /home/vboxuser/proyecto_robotica/HispanoTech-UGC-ROS2/hispanotech_map -DCMAKE_INSTALL_PREFIX=/home/vboxuser/proyecto_robotica/HispanoTech-UGC-ROS2/install/hispanotech_map
[0.277s] -- The C compiler identification is GNU 9.4.0
[0.442s] -- The CXX compiler identification is GNU 9.4.0
[0.456s] -- Check for working C compiler: /usr/bin/cc
[1.061s] -- Check for working C compiler: /usr/bin/cc -- works
[1.068s] -- Detecting C compiler ABI info
[1.146s] -- Detecting C compiler ABI info - done
[1.151s] -- Detecting C compile features
[1.153s] -- Detecting C compile features - done
[1.157s] -- Check for working CXX compiler: /usr/bin/c++
[1.223s] -- Check for working CXX compiler: /usr/bin/c++ -- works
[1.224s] -- Detecting CXX compiler ABI info
[1.293s] -- Detecting CXX compiler ABI info - done
[1.302s] -- Detecting CXX compile features
[1.302s] -- Detecting CXX compile features - done
[1.324s] -- Found ament_cmake: 1.1.6 (/opt/ros/galactic/share/ament_cmake/cmake)
[1.358s] -- Found PythonInterp: /usr/bin/python3 (found suitable version "3.8.10", minimum required is "3") 
[1.358s] -- Using PYTHON_EXECUTABLE: /usr/bin/python3
[1.517s] -- Found PkgConfig: /usr/bin/pkg-config (found version "0.29.1") 
[1.526s] -- Checking for module 'bullet>=2.82'
[1.572s] --   Found bullet, version 2.88
[1.691s] -- Found ccd: /usr/include (found suitable version "2.0", minimum required is "2.0") 
[1.743s] -- Found fcl: /usr/include (found suitable version "0.5.0", minimum required is "0.3.2") 
[1.796s] -- Found assimp: /usr/include (found version "5.0.0") 
[1.836s] -- Found DART: /usr/include (Required is at least version "6.6") found components: dart 
[2.134s] -- Found Boost: /usr/lib/x86_64-linux-gnu/cmake/Boost-1.71.0/BoostConfig.cmake (found suitable version "1.71.0", minimum required is "1.40.0") found components: thread system filesystem program_options regex iostreams date_time 
[2.172s] -- Found Protobuf: /usr/lib/x86_64-linux-gnu/libprotobuf.so;-lpthread (found version "3.6.1") 
[2.180s] -- Looking for ignition-math6 -- found version 6.15.1
[2.196s] -- Searching for dependencies of ignition-math6
[2.201s] -- Looking for OGRE...
[2.202s] -- OGRE_PREFIX_WATCH changed.
[2.206s] -- Checking for module 'OGRE'
[2.219s] --   Found OGRE, version 1.9.0
[2.258s] -- Found Ogre Ghadamon (1.9.0)
[2.266s] -- Found OGRE: optimized;/usr/lib/x86_64-linux-gnu/libOgreMain.so;debug;/usr/lib/x86_64-linux-gnu/libOgreMain.so
[2.274s] -- Looking for OGRE_Paging...
[2.280s] -- Found OGRE_Paging: optimized;/usr/lib/x86_64-linux-gnu/libOgrePaging.so;debug;/usr/lib/x86_64-linux-gnu/libOgrePaging.so
[2.281s] -- Looking for OGRE_Terrain...
[2.286s] -- Found OGRE_Terrain: optimized;/usr/lib/x86_64-linux-gnu/libOgreTerrain.so;debug;/usr/lib/x86_64-linux-gnu/libOgreTerrain.so
[2.286s] -- Looking for OGRE_Property...
[2.293s] -- Found OGRE_Property: optimized;/usr/lib/x86_64-linux-gnu/libOgreProperty.so;debug;/usr/lib/x86_64-linux-gnu/libOgreProperty.so
[2.293s] -- Looking for OGRE_RTShaderSystem...
[2.298s] -- Found OGRE_RTShaderSystem: optimized;/usr/lib/x86_64-linux-gnu/libOgreRTShaderSystem.so;debug;/usr/lib/x86_64-linux-gnu/libOgreRTShaderSystem.so
[2.298s] -- Looking for OGRE_Volume...
[2.302s] -- Found OGRE_Volume: optimized;/usr/lib/x86_64-linux-gnu/libOgreVolume.so;debug;/usr/lib/x86_64-linux-gnu/libOgreVolume.so
[2.302s] -- Looking for OGRE_Overlay...
[2.307s] -- Found OGRE_Overlay: optimized;/usr/lib/x86_64-linux-gnu/libOgreOverlay.so;debug;/usr/lib/x86_64-linux-gnu/libOgreOverlay.so
[2.400s] -- Looking for ignition-math6 -- found version 6.15.1
[2.406s] -- Looking for ignition-transport8 -- found version 8.3.0
[2.406s] -- Searching for dependencies of ignition-transport8
[2.420s] -- Found Protobuf: /usr/lib/x86_64-linux-gnu/libprotobuf.so;-lpthread (found suitable version "3.6.1", minimum required is "3") 
[2.429s] -- Config-file not installed for ZeroMQ -- checking for pkg-config
[2.433s] -- Checking for module 'libzmq >= 4'
[2.450s] --   Found libzmq , version 4.3.2
[2.485s] -- Found ZeroMQ: TRUE (Required is at least version "4") 
[2.494s] -- Checking for module 'uuid'
[2.508s] --   Found uuid, version 2.34.0
[2.543s] -- Found UUID: TRUE  
[2.547s] -- Looking for ignition-msgs5 -- found version 5.10.0
[2.548s] -- Searching for dependencies of ignition-msgs5
[2.563s] -- Looking for ignition-math6 -- found version 6.15.1
[2.569s] -- Checking for module 'tinyxml2'
[2.583s] --   Found tinyxml2, version 6.2.0
[2.628s] -- Looking for ignition-msgs5 -- found version 5.10.0
[2.628s] -- Looking for ignition-common3 -- found version 3.14.2
[2.628s] -- Searching for dependencies of ignition-common3
[2.628s] -- Looking for dlfcn.h - found
[2.628s] -- Looking for libdl - found
[2.628s] -- Found DL: TRUE  
[2.636s] -- Searching for <ignition-common3> component [graphics]
[2.640s] -- Looking for ignition-common3-graphics -- found version 3.14.2
[2.640s] -- Searching for dependencies of ignition-common3-graphics
[2.640s] -- Looking for ignition-math6 -- found version 6.15.1
[2.645s] -- Looking for ignition-fuel_tools4 -- found version 4.6.0
[2.646s] -- Searching for dependencies of ignition-fuel_tools4
[2.719s] -- Found CURL: /usr/lib/x86_64-linux-gnu/libcurl.so (found version "7.68.0")  
[2.729s] -- Checking for module 'jsoncpp'
[2.743s] --   Found jsoncpp, version 1.7.4
[2.782s] -- Found JSONCPP: TRUE  
[2.795s] -- Checking for module 'libzip'
[2.810s] --   Found libzip, version 1.5.1
[2.842s] -- Found ZIP: TRUE  
[2.843s] -- Looking for ignition-common3 -- found version 3.14.2
[2.844s] -- Looking for ignition-math6 -- found version 6.15.1
[2.844s] -- Looking for ignition-msgs5 -- found version 5.10.0
[2.851s] -- Found gazebo_ros_pkgs: 3.5.2 (/opt/ros/galactic/share/gazebo_ros_pkgs/cmake)
[2.856s] -- Found geometry_msgs: 2.2.4 (/opt/ros/galactic/share/geometry_msgs/cmake)
[2.908s] -- Using all available rosidl_typesupport_c: rosidl_typesupport_fastrtps_c;rosidl_typesupport_introspection_c
[2.923s] -- Found rosidl_adapter: 2.2.3 (/opt/ros/galactic/share/rosidl_adapter/cmake)
[3.017s] -- Found OpenSSL: /usr/lib/x86_64-linux-gnu/libcrypto.so (found version "1.1.1f")  
[3.041s] -- Found FastRTPS: /opt/ros/galactic/include  
[3.143s] -- Using all available rosidl_typesupport_cpp: rosidl_typesupport_fastrtps_cpp;rosidl_typesupport_introspection_cpp
[3.243s] -- Found nav_msgs: 2.2.4 (/opt/ros/galactic/share/nav_msgs/cmake)
[3.304s] -- Found rclcpp: 9.2.2 (/opt/ros/galactic/share/rclcpp/cmake)
[3.396s] -- Found rmw_implementation_cmake: 3.3.1 (/opt/ros/galactic/share/rmw_implementation_cmake/cmake)
[3.403s] -- Found rmw_cyclonedds_cpp: 0.22.6 (/opt/ros/galactic/share/rmw_cyclonedds_cpp/cmake)
[3.429s] -- Using RMW implementation 'rmw_cyclonedds_cpp' as default
[3.431s] -- Found Threads: TRUE  
[3.577s] -- Found sensor_msgs: 2.2.4 (/opt/ros/galactic/share/sensor_msgs/cmake)
[3.640s] -- Found tf2: 0.17.5 (/opt/ros/galactic/share/tf2/cmake)
[3.657s] -- Found turtlebot3_gazebo: 2.2.4 (/home/vboxuser/turtlebot3_ws/install/turtlebot3_gazebo/share/turtlebot3_gazebo/cmake)
[3.742s] -- Configuring done
[3.750s] -- Generating done
[3.757s] -- Build files have been written to: /home/vboxuser/proyecto_robotica/HispanoTech-UGC-ROS2/build/hispanotech_map
[3.764s] Invoked command in '/home/vboxuser/proyecto_robotica/HispanoTech-UGC-ROS2/build/hispanotech_map' returned '0': CMAKE_PREFIX_PATH=${CMAKE_PREFIX_PATH}:/home/vboxuser/turtlebot3_ws/install/show_msg:/home/vboxuser/turtlebot3_ws/install/my_first_service:/home/vboxuser/turtlebot3_ws/install/my_first_publisher:/home/vboxuser/turtlebot3_ws/install/my_first_action:/opt/ros/galactic /usr/bin/cmake /home/vboxuser/proyecto_robotica/HispanoTech-UGC-ROS2/hispanotech_map -DCMAKE_INSTALL_PREFIX=/home/vboxuser/proyecto_robotica/HispanoTech-UGC-ROS2/install/hispanotech_map
[3.768s] Invoking command in '/home/vboxuser/proyecto_robotica/HispanoTech-UGC-ROS2/build/hispanotech_map': CMAKE_PREFIX_PATH=${CMAKE_PREFIX_PATH}:/home/vboxuser/turtlebot3_ws/install/show_msg:/home/vboxuser/turtlebot3_ws/install/my_first_service:/home/vboxuser/turtlebot3_ws/install/my_first_publisher:/home/vboxuser/turtlebot3_ws/install/my_first_action:/opt/ros/galactic /usr/bin/cmake --build /home/vboxuser/proyecto_robotica/HispanoTech-UGC-ROS2/build/hispanotech_map -- -j2 -l2
[3.804s] [35m[1mScanning dependencies of target turtlebot3_drive[0m
[4.034s] [ 50%] [32mBuilding CXX object CMakeFiles/turtlebot3_drive.dir/src/turtlebot3_drive.cpp.o[0m
[10.612s] [100%] [32m[1mLinking CXX executable turtlebot3_drive[0m
[10.966s] [100%] Built target turtlebot3_drive
[10.981s] Invoked command in '/home/vboxuser/proyecto_robotica/HispanoTech-UGC-ROS2/build/hispanotech_map' returned '0': CMAKE_PREFIX_PATH=${CMAKE_PREFIX_PATH}:/home/vboxuser/turtlebot3_ws/install/show_msg:/home/vboxuser/turtlebot3_ws/install/my_first_service:/home/vboxuser/turtlebot3_ws/install/my_first_publisher:/home/vboxuser/turtlebot3_ws/install/my_first_action:/opt/ros/galactic /usr/bin/cmake --build /home/vboxuser/proyecto_robotica/HispanoTech-UGC-ROS2/build/hispanotech_map -- -j2 -l2
[10.990s] Invoking command in '/home/vboxuser/proyecto_robotica/HispanoTech-UGC-ROS2/build/hispanotech_map': CMAKE_PREFIX_PATH=${CMAKE_PREFIX_PATH}:/home/vboxuser/turtlebot3_ws/install/show_msg:/home/vboxuser/turtlebot3_ws/install/my_first_service:/home/vboxuser/turtlebot3_ws/install/my_first_publisher:/home/vboxuser/turtlebot3_ws/install/my_first_action:/opt/ros/galactic /usr/bin/cmake --install /home/vboxuser/proyecto_robotica/HispanoTech-UGC-ROS2/build/hispanotech_map
[10.999s] -- Install configuration: ""
[11.000s] -- Installing: /home/vboxuser/proyecto_robotica/HispanoTech-UGC-ROS2/install/hispanotech_map/lib/hispanotech_map/turtlebot3_drive
[11.004s] -- Set runtime path of "/home/vboxuser/proyecto_robotica/HispanoTech-UGC-ROS2/install/hispanotech_map/lib/hispanotech_map/turtlebot3_drive" to ""
[11.004s] -- Installing: /home/vboxuser/proyecto_robotica/HispanoTech-UGC-ROS2/install/hispanotech_map/share/hispanotech_map//launch
[11.004s] -- Installing: /home/vboxuser/proyecto_robotica/HispanoTech-UGC-ROS2/install/hispanotech_map/share/hispanotech_map//launch/turtlebot3_my_world.launch.py
[11.007s] -- Installing: /home/vboxuser/proyecto_robotica/HispanoTech-UGC-ROS2/install/hispanotech_map/share/hispanotech_map//models
[11.008s] -- Installing: /home/vboxuser/proyecto_robotica/HispanoTech-UGC-ROS2/install/hispanotech_map/share/hispanotech_map//models/warehouse_1
[11.008s] -- Installing: /home/vboxuser/proyecto_robotica/HispanoTech-UGC-ROS2/install/hispanotech_map/share/hispanotech_map//models/warehouse_1/model.sdf
[11.009s] -- Installing: /home/vboxuser/proyecto_robotica/HispanoTech-UGC-ROS2/install/hispanotech_map/share/hispanotech_map//models/warehouse_1/model.config
[11.009s] -- Installing: /home/vboxuser/proyecto_robotica/HispanoTech-UGC-ROS2/install/hispanotech_map/share/hispanotech_map//models/warehouse_1/meshes
[11.010s] -- Installing: /home/vboxuser/proyecto_robotica/HispanoTech-UGC-ROS2/install/hispanotech_map/share/hispanotech_map//models/warehouse_1/meshes/dummy.png
[11.010s] -- Installing: /home/vboxuser/proyecto_robotica/HispanoTech-UGC-ROS2/install/hispanotech_map/share/hispanotech_map//models/warehouse_1/meshes/SCHUNK_logo.jpg
[11.010s] -- Installing: /home/vboxuser/proyecto_robotica/HispanoTech-UGC-ROS2/install/hispanotech_map/share/hispanotech_map//models/warehouse_1/meshes/warehouse_collision.stl
[11.012s] -- Installing: /home/vboxuser/proyecto_robotica/HispanoTech-UGC-ROS2/install/hispanotech_map/share/hispanotech_map//models/warehouse_1/meshes/EandM.jpg
[11.012s] -- Installing: /home/vboxuser/proyecto_robotica/HispanoTech-UGC-ROS2/install/hispanotech_map/share/hispanotech_map//models/warehouse_1/meshes/rock1.JPG
[11.013s] -- Installing: /home/vboxuser/proyecto_robotica/HispanoTech-UGC-ROS2/install/hispanotech_map/share/hispanotech_map//models/warehouse_1/meshes/fetchit_env_version4.dae
[11.014s] -- Installing: /home/vboxuser/proyecto_robotica/HispanoTech-UGC-ROS2/install/hispanotech_map/share/hispanotech_map//models/warehouse_1/meshes/fetchit_env_version1.dae
[11.015s] -- Installing: /home/vboxuser/proyecto_robotica/HispanoTech-UGC-ROS2/install/hispanotech_map/share/hispanotech_map//models/warehouse_1/meshes/SICK_V2.png
[11.016s] -- Installing: /home/vboxuser/proyecto_robotica/HispanoTech-UGC-ROS2/install/hispanotech_map/share/hispanotech_map//models/warehouse_1/meshes/Logo-TheConstruct-primario-NEW-tagline-2.jpg
[11.016s] -- Installing: /home/vboxuser/proyecto_robotica/HispanoTech-UGC-ROS2/install/hispanotech_map/share/hispanotech_map//models/warehouse_1/meshes/SICK_V2_WHITE.jpg
[11.017s] -- Installing: /home/vboxuser/proyecto_robotica/HispanoTech-UGC-ROS2/install/hispanotech_map/share/hispanotech_map//models/warehouse_1/meshes/fetchit_env_version3.dae
[11.019s] -- Installing: /home/vboxuser/proyecto_robotica/HispanoTech-UGC-ROS2/install/hispanotech_map/share/hispanotech_map//models/warehouse_1/meshes/fetchit_manipulation_challenge_logo.png
[11.019s] -- Installing: /home/vboxuser/proyecto_robotica/HispanoTech-UGC-ROS2/install/hispanotech_map/share/hispanotech_map//models/warehouse_1/meshes/FetchLogo-1024x388.png
[11.019s] -- Installing: /home/vboxuser/proyecto_robotica/HispanoTech-UGC-ROS2/install/hispanotech_map/share/hispanotech_map//models/warehouse_1/meshes/icra2019-poster-image.png
[11.019s] -- Installing: /home/vboxuser/proyecto_robotica/HispanoTech-UGC-ROS2/install/hispanotech_map/share/hispanotech_map//models/warehouse_1/meshes/Logo-SICK.jpg
[11.019s] -- Installing: /home/vboxuser/proyecto_robotica/HispanoTech-UGC-ROS2/install/hispanotech_map/share/hispanotech_map//models/warehouse_1/meshes/fetchit_env_version2.dae
[11.019s] -- Installing: /home/vboxuser/proyecto_robotica/HispanoTech-UGC-ROS2/install/hispanotech_map/share/hispanotech_map//models/warehouse_1/meshes/box_labels.png
[11.019s] -- Installing: /home/vboxuser/proyecto_robotica/HispanoTech-UGC-ROS2/install/hispanotech_map/share/hispanotech_map//world
[11.020s] -- Installing: /home/vboxuser/proyecto_robotica/HispanoTech-UGC-ROS2/install/hispanotech_map/share/hispanotech_map//world/burger.model
[11.021s] -- Installing: /home/vboxuser/proyecto_robotica/HispanoTech-UGC-ROS2/install/hispanotech_map/share/hispanotech_map//world/burger_pi.model
[11.021s] -- Installing: /home/vboxuser/proyecto_robotica/HispanoTech-UGC-ROS2/install/hispanotech_map/share/hispanotech_map//urdf
[11.022s] -- Installing: /home/vboxuser/proyecto_robotica/HispanoTech-UGC-ROS2/install/hispanotech_map/share/hispanotech_map//urdf/turtlebot3_burger.urdf
[11.022s] -- Installing: /home/vboxuser/proyecto_robotica/HispanoTech-UGC-ROS2/install/hispanotech_map/share/hispanotech_map//urdf/turtlebot3_burger_pi.urdf
[11.022s] -- Installing: /home/vboxuser/proyecto_robotica/HispanoTech-UGC-ROS2/install/hispanotech_map/include/
[11.023s] -- Installing: /home/vboxuser/proyecto_robotica/HispanoTech-UGC-ROS2/install/hispanotech_map/include//hispanotech_map
[11.023s] -- Installing: /home/vboxuser/proyecto_robotica/HispanoTech-UGC-ROS2/install/hispanotech_map/share/ament_index/resource_index/package_run_dependencies/hispanotech_map
[11.023s] -- Installing: /home/vboxuser/proyecto_robotica/HispanoTech-UGC-ROS2/install/hispanotech_map/share/ament_index/resource_index/parent_prefix_path/hispanotech_map
[11.023s] -- Installing: /home/vboxuser/proyecto_robotica/HispanoTech-UGC-ROS2/install/hispanotech_map/share/hispanotech_map/environment/ament_prefix_path.sh
[11.024s] -- Installing: /home/vboxuser/proyecto_robotica/HispanoTech-UGC-ROS2/install/hispanotech_map/share/hispanotech_map/environment/ament_prefix_path.dsv
[11.024s] -- Installing: /home/vboxuser/proyecto_robotica/HispanoTech-UGC-ROS2/install/hispanotech_map/share/hispanotech_map/environment/path.sh
[11.024s] -- Installing: /home/vboxuser/proyecto_robotica/HispanoTech-UGC-ROS2/install/hispanotech_map/share/hispanotech_map/environment/path.dsv
[11.024s] -- Installing: /home/vboxuser/proyecto_robotica/HispanoTech-UGC-ROS2/install/hispanotech_map/share/hispanotech_map/local_setup.bash
[11.024s] -- Installing: /home/vboxuser/proyecto_robotica/HispanoTech-UGC-ROS2/install/hispanotech_map/share/hispanotech_map/local_setup.sh
[11.024s] -- Installing: /home/vboxuser/proyecto_robotica/HispanoTech-UGC-ROS2/install/hispanotech_map/share/hispanotech_map/local_setup.zsh
[11.024s] -- Installing: /home/vboxuser/proyecto_robotica/HispanoTech-UGC-ROS2/install/hispanotech_map/share/hispanotech_map/local_setup.dsv
[11.024s] -- Installing: /home/vboxuser/proyecto_robotica/HispanoTech-UGC-ROS2/install/hispanotech_map/share/hispanotech_map/package.dsv
[11.024s] -- Installing: /home/vboxuser/proyecto_robotica/HispanoTech-UGC-ROS2/install/hispanotech_map/share/ament_index/resource_index/packages/hispanotech_map
[11.024s] -- Installing: /home/vboxuser/proyecto_robotica/HispanoTech-UGC-ROS2/install/hispanotech_map/share/hispanotech_map/cmake/ament_cmake_export_include_directories-extras.cmake
[11.024s] -- Installing: /home/vboxuser/proyecto_robotica/HispanoTech-UGC-ROS2/install/hispanotech_map/share/hispanotech_map/cmake/ament_cmake_export_dependencies-extras.cmake
[11.024s] -- Installing: /home/vboxuser/proyecto_robotica/HispanoTech-UGC-ROS2/install/hispanotech_map/share/hispanotech_map/cmake/hispanotech_mapConfig.cmake
[11.025s] -- Installing: /home/vboxuser/proyecto_robotica/HispanoTech-UGC-ROS2/install/hispanotech_map/share/hispanotech_map/cmake/hispanotech_mapConfig-version.cmake
[11.026s] -- Installing: /home/vboxuser/proyecto_robotica/HispanoTech-UGC-ROS2/install/hispanotech_map/share/hispanotech_map/package.xml
[11.026s] Invoked command in '/home/vboxuser/proyecto_robotica/HispanoTech-UGC-ROS2/build/hispanotech_map' returned '0': CMAKE_PREFIX_PATH=${CMAKE_PREFIX_PATH}:/home/vboxuser/turtlebot3_ws/install/show_msg:/home/vboxuser/turtlebot3_ws/install/my_first_service:/home/vboxuser/turtlebot3_ws/install/my_first_publisher:/home/vboxuser/turtlebot3_ws/install/my_first_action:/opt/ros/galactic /usr/bin/cmake --install /home/vboxuser/proyecto_robotica/HispanoTech-UGC-ROS2/build/hispanotech_map
