[0.716s] DEBUG:colcon:Command line arguments: ['/usr/bin/colcon', 'build', '--packages-select', 'hispanotech_map']
[0.716s] DEBUG:colcon:Parsed command line arguments: Namespace(allow_overriding=[], ament_cmake_args=None, base_paths=['.'], build_base='build', catkin_cmake_args=None, catkin_skip_building_tests=False, cmake_args=None, cmake_clean_cache=False, cmake_clean_first=False, cmake_force_configure=False, cmake_target=None, cmake_target_skip_unavailable=False, continue_on_error=False, event_handlers=None, executor='parallel', ignore_user_meta=False, install_base='install', log_base=None, log_level=None, main=<bound method BuildVerb.main of <colcon_core.verb.build.BuildVerb object at 0x7f170a79d100>>, merge_install=False, metas=['./colcon.meta'], mixin=None, mixin_files=None, mixin_verb=('build',), packages_above=None, packages_above_and_dependencies=None, packages_above_depth=None, packages_end=None, packages_ignore=None, packages_ignore_regex=None, packages_select=['hispanotech_map'], packages_select_build_failed=False, packages_select_by_dep=None, packages_select_regex=None, packages_select_test_failures=False, packages_skip=None, packages_skip_build_finished=False, packages_skip_by_dep=None, packages_skip_regex=None, packages_skip_test_passed=False, packages_skip_up_to=None, packages_start=None, packages_up_to=None, packages_up_to_regex=None, parallel_workers=2, paths=None, symlink_install=False, test_result_base=None, verb_extension=<colcon_core.verb.build.BuildVerb object at 0x7f170a79d100>, verb_name='build', verb_parser=<colcon_mixin.mixin.mixin_argument.MixinArgumentDecorator object at 0x7f170a79db50>)
[0.936s] Level 1:colcon.colcon_core.package_discovery:discover_packages(colcon_meta) check parameters
[0.936s] Level 1:colcon.colcon_core.package_discovery:discover_packages(recursive) check parameters
[0.936s] Level 1:colcon.colcon_core.package_discovery:discover_packages(ignore) check parameters
[0.936s] Level 1:colcon.colcon_core.package_discovery:discover_packages(path) check parameters
[0.936s] Level 1:colcon.colcon_core.package_discovery:discover_packages(colcon_meta) discover
[0.937s] Level 1:colcon.colcon_core.package_discovery:discover_packages(recursive) discover
[0.937s] INFO:colcon.colcon_core.package_discovery:Crawling recursively for packages in '/home/vboxuser/proyecto_robotica/HispanoTech-UGC-ROS2'
[0.937s] Level 1:colcon.colcon_core.package_identification:_identify(.) by extensions ['ignore', 'ignore_ament_install']
[0.937s] Level 1:colcon.colcon_core.package_identification:_identify(.) by extension 'ignore'
[0.937s] Level 1:colcon.colcon_core.package_identification:_identify(.) by extension 'ignore_ament_install'
[0.937s] Level 1:colcon.colcon_core.package_identification:_identify(.) by extensions ['colcon_pkg']
[0.937s] Level 1:colcon.colcon_core.package_identification:_identify(.) by extension 'colcon_pkg'
[0.937s] Level 1:colcon.colcon_core.package_identification:_identify(.) by extensions ['colcon_meta']
[0.937s] Level 1:colcon.colcon_core.package_identification:_identify(.) by extension 'colcon_meta'
[0.937s] Level 1:colcon.colcon_core.package_identification:_identify(.) by extensions ['ros']
[0.937s] Level 1:colcon.colcon_core.package_identification:_identify(.) by extension 'ros'
[0.953s] Level 1:colcon.colcon_core.package_identification:_identify(.) by extensions ['cmake', 'python']
[0.953s] Level 1:colcon.colcon_core.package_identification:_identify(.) by extension 'cmake'
[0.953s] Level 1:colcon.colcon_core.package_identification:_identify(.) by extension 'python'
[0.954s] Level 1:colcon.colcon_core.package_identification:_identify(.) by extensions ['python_setup_py']
[0.954s] Level 1:colcon.colcon_core.package_identification:_identify(.) by extension 'python_setup_py'
[0.954s] Level 1:colcon.colcon_core.package_identification:_identify(build) by extensions ['ignore', 'ignore_ament_install']
[0.954s] Level 1:colcon.colcon_core.package_identification:_identify(build) by extension 'ignore'
[0.954s] Level 1:colcon.colcon_core.package_identification:_identify(build) ignored
[0.954s] Level 1:colcon.colcon_core.package_identification:_identify(hispanotech_map) by extensions ['ignore', 'ignore_ament_install']
[0.954s] Level 1:colcon.colcon_core.package_identification:_identify(hispanotech_map) by extension 'ignore'
[0.954s] Level 1:colcon.colcon_core.package_identification:_identify(hispanotech_map) by extension 'ignore_ament_install'
[0.954s] Level 1:colcon.colcon_core.package_identification:_identify(hispanotech_map) by extensions ['colcon_pkg']
[0.954s] Level 1:colcon.colcon_core.package_identification:_identify(hispanotech_map) by extension 'colcon_pkg'
[0.955s] Level 1:colcon.colcon_core.package_identification:_identify(hispanotech_map) by extensions ['colcon_meta']
[0.955s] Level 1:colcon.colcon_core.package_identification:_identify(hispanotech_map) by extension 'colcon_meta'
[0.955s] Level 1:colcon.colcon_core.package_identification:_identify(hispanotech_map) by extensions ['ros']
[0.955s] Level 1:colcon.colcon_core.package_identification:_identify(hispanotech_map) by extension 'ros'
[0.960s] DEBUG:colcon.colcon_core.package_identification:Package 'hispanotech_map' with type 'ros.ament_cmake' and name 'hispanotech_map'
[0.961s] Level 1:colcon.colcon_core.package_identification:_identify(install) by extensions ['ignore', 'ignore_ament_install']
[0.961s] Level 1:colcon.colcon_core.package_identification:_identify(install) by extension 'ignore'
[0.961s] Level 1:colcon.colcon_core.package_identification:_identify(install) ignored
[0.961s] Level 1:colcon.colcon_core.package_identification:_identify(log) by extensions ['ignore', 'ignore_ament_install']
[0.961s] Level 1:colcon.colcon_core.package_identification:_identify(log) by extension 'ignore'
[0.961s] Level 1:colcon.colcon_core.package_identification:_identify(log) ignored
[0.961s] Level 1:colcon.colcon_core.package_discovery:discover_packages(recursive) using defaults
[0.961s] Level 1:colcon.colcon_core.package_discovery:discover_packages(ignore) discover
[0.961s] Level 1:colcon.colcon_core.package_discovery:discover_packages(ignore) using defaults
[0.961s] Level 1:colcon.colcon_core.package_discovery:discover_packages(path) discover
[0.961s] Level 1:colcon.colcon_core.package_discovery:discover_packages(path) using defaults
[1.003s] Level 1:colcon.colcon_core.package_discovery:discover_packages(prefix_path) check parameters
[1.003s] Level 1:colcon.colcon_core.package_discovery:discover_packages(prefix_path) discover
[1.008s] WARNING:colcon.colcon_ros.prefix_path.ament:The path '/home/vboxuser/turtlebot3_ws/install/hispanotech' in the environment variable AMENT_PREFIX_PATH doesn't exist
[1.010s] WARNING:colcon.colcon_ros.prefix_path.catkin:The path '/home/vboxuser/turtlebot3_ws/install/hispanotech' in the environment variable CMAKE_PREFIX_PATH doesn't exist
[1.027s] DEBUG:colcon.colcon_installed_package_information.package_discovery:Found 11 installed packages in /home/vboxuser/turtlebot3_ws/install
[1.032s] DEBUG:colcon.colcon_installed_package_information.package_discovery:Found 336 installed packages in /opt/ros/galactic
[1.034s] Level 1:colcon.colcon_core.package_discovery:discover_packages(prefix_path) using defaults
[1.282s] Level 5:colcon.colcon_core.verb:set package 'hispanotech_map' build argument 'cmake_args' from command line to 'None'
[1.282s] Level 5:colcon.colcon_core.verb:set package 'hispanotech_map' build argument 'cmake_target' from command line to 'None'
[1.282s] Level 5:colcon.colcon_core.verb:set package 'hispanotech_map' build argument 'cmake_target_skip_unavailable' from command line to 'False'
[1.282s] Level 5:colcon.colcon_core.verb:set package 'hispanotech_map' build argument 'cmake_clean_cache' from command line to 'False'
[1.283s] Level 5:colcon.colcon_core.verb:set package 'hispanotech_map' build argument 'cmake_clean_first' from command line to 'False'
[1.283s] Level 5:colcon.colcon_core.verb:set package 'hispanotech_map' build argument 'cmake_force_configure' from command line to 'False'
[1.283s] Level 5:colcon.colcon_core.verb:set package 'hispanotech_map' build argument 'ament_cmake_args' from command line to 'None'
[1.283s] Level 5:colcon.colcon_core.verb:set package 'hispanotech_map' build argument 'catkin_cmake_args' from command line to 'None'
[1.283s] Level 5:colcon.colcon_core.verb:set package 'hispanotech_map' build argument 'catkin_skip_building_tests' from command line to 'False'
[1.283s] DEBUG:colcon.colcon_core.verb:Building package 'hispanotech_map' with the following arguments: {'ament_cmake_args': None, 'build_base': '/home/vboxuser/proyecto_robotica/HispanoTech-UGC-ROS2/build/hispanotech_map', 'catkin_cmake_args': None, 'catkin_skip_building_tests': False, 'cmake_args': None, 'cmake_clean_cache': False, 'cmake_clean_first': False, 'cmake_force_configure': False, 'cmake_target': None, 'cmake_target_skip_unavailable': False, 'install_base': '/home/vboxuser/proyecto_robotica/HispanoTech-UGC-ROS2/install/hispanotech_map', 'merge_install': False, 'path': '/home/vboxuser/proyecto_robotica/HispanoTech-UGC-ROS2/hispanotech_map', 'symlink_install': False, 'test_result_base': None}
[1.283s] INFO:colcon.colcon_core.executor:Executing jobs using 'parallel' executor
[1.285s] DEBUG:colcon.colcon_parallel_executor.executor.parallel:run_until_complete
[1.285s] INFO:colcon.colcon_ros.task.ament_cmake.build:Building ROS package in '/home/vboxuser/proyecto_robotica/HispanoTech-UGC-ROS2/hispanotech_map' with build type 'ament_cmake'
[1.285s] INFO:colcon.colcon_cmake.task.cmake.build:Building CMake package in '/home/vboxuser/proyecto_robotica/HispanoTech-UGC-ROS2/hispanotech_map'
[1.294s] INFO:colcon.colcon_core.plugin_system:Skipping extension 'colcon_core.shell.bat': Not used on non-Windows systems
[1.294s] INFO:colcon.colcon_core.shell:Skip shell extension 'powershell' for command environment: Not usable outside of PowerShell
[1.294s] DEBUG:colcon.colcon_core.shell:Skip shell extension 'dsv' for command environment
[1.310s] DEBUG:colcon.colcon_core.event_handler.log_command:Invoking command in '/home/vboxuser/proyecto_robotica/HispanoTech-UGC-ROS2/build/hispanotech_map': CMAKE_PREFIX_PATH=${CMAKE_PREFIX_PATH}:/home/vboxuser/turtlebot3_ws/install/show_msg:/home/vboxuser/turtlebot3_ws/install/my_first_service:/home/vboxuser/turtlebot3_ws/install/my_first_publisher:/home/vboxuser/turtlebot3_ws/install/my_first_action:/opt/ros/galactic /usr/bin/cmake /home/vboxuser/proyecto_robotica/HispanoTech-UGC-ROS2/hispanotech_map -DCMAKE_INSTALL_PREFIX=/home/vboxuser/proyecto_robotica/HispanoTech-UGC-ROS2/install/hispanotech_map
[5.050s] DEBUG:colcon.colcon_core.event_handler.log_command:Invoked command in '/home/vboxuser/proyecto_robotica/HispanoTech-UGC-ROS2/build/hispanotech_map' returned '0': CMAKE_PREFIX_PATH=${CMAKE_PREFIX_PATH}:/home/vboxuser/turtlebot3_ws/install/show_msg:/home/vboxuser/turtlebot3_ws/install/my_first_service:/home/vboxuser/turtlebot3_ws/install/my_first_publisher:/home/vboxuser/turtlebot3_ws/install/my_first_action:/opt/ros/galactic /usr/bin/cmake /home/vboxuser/proyecto_robotica/HispanoTech-UGC-ROS2/hispanotech_map -DCMAKE_INSTALL_PREFIX=/home/vboxuser/proyecto_robotica/HispanoTech-UGC-ROS2/install/hispanotech_map
[5.053s] DEBUG:colcon.colcon_core.event_handler.log_command:Invoking command in '/home/vboxuser/proyecto_robotica/HispanoTech-UGC-ROS2/build/hispanotech_map': CMAKE_PREFIX_PATH=${CMAKE_PREFIX_PATH}:/home/vboxuser/turtlebot3_ws/install/show_msg:/home/vboxuser/turtlebot3_ws/install/my_first_service:/home/vboxuser/turtlebot3_ws/install/my_first_publisher:/home/vboxuser/turtlebot3_ws/install/my_first_action:/opt/ros/galactic /usr/bin/cmake --build /home/vboxuser/proyecto_robotica/HispanoTech-UGC-ROS2/build/hispanotech_map -- -j2 -l2
[12.267s] DEBUG:colcon.colcon_core.event_handler.log_command:Invoked command in '/home/vboxuser/proyecto_robotica/HispanoTech-UGC-ROS2/build/hispanotech_map' returned '0': CMAKE_PREFIX_PATH=${CMAKE_PREFIX_PATH}:/home/vboxuser/turtlebot3_ws/install/show_msg:/home/vboxuser/turtlebot3_ws/install/my_first_service:/home/vboxuser/turtlebot3_ws/install/my_first_publisher:/home/vboxuser/turtlebot3_ws/install/my_first_action:/opt/ros/galactic /usr/bin/cmake --build /home/vboxuser/proyecto_robotica/HispanoTech-UGC-ROS2/build/hispanotech_map -- -j2 -l2
[12.276s] DEBUG:colcon.colcon_core.event_handler.log_command:Invoking command in '/home/vboxuser/proyecto_robotica/HispanoTech-UGC-ROS2/build/hispanotech_map': CMAKE_PREFIX_PATH=${CMAKE_PREFIX_PATH}:/home/vboxuser/turtlebot3_ws/install/show_msg:/home/vboxuser/turtlebot3_ws/install/my_first_service:/home/vboxuser/turtlebot3_ws/install/my_first_publisher:/home/vboxuser/turtlebot3_ws/install/my_first_action:/opt/ros/galactic /usr/bin/cmake --install /home/vboxuser/proyecto_robotica/HispanoTech-UGC-ROS2/build/hispanotech_map
[12.310s] Level 1:colcon.colcon_core.environment:create_environment_scripts_only(hispanotech_map)
[12.311s] DEBUG:colcon.colcon_core.event_handler.log_command:Invoked command in '/home/vboxuser/proyecto_robotica/HispanoTech-UGC-ROS2/build/hispanotech_map' returned '0': CMAKE_PREFIX_PATH=${CMAKE_PREFIX_PATH}:/home/vboxuser/turtlebot3_ws/install/show_msg:/home/vboxuser/turtlebot3_ws/install/my_first_service:/home/vboxuser/turtlebot3_ws/install/my_first_publisher:/home/vboxuser/turtlebot3_ws/install/my_first_action:/opt/ros/galactic /usr/bin/cmake --install /home/vboxuser/proyecto_robotica/HispanoTech-UGC-ROS2/build/hispanotech_map
[12.321s] Level 1:colcon.colcon_core.environment:checking '/home/vboxuser/proyecto_robotica/HispanoTech-UGC-ROS2/install/hispanotech_map' for CMake module files
[12.322s] Level 1:colcon.colcon_core.environment:checking '/home/vboxuser/proyecto_robotica/HispanoTech-UGC-ROS2/install/hispanotech_map' for CMake config files
[12.322s] Level 1:colcon.colcon_core.shell:create_environment_hook('hispanotech_map', 'cmake_prefix_path')
[12.322s] INFO:colcon.colcon_core.shell:Creating environment hook '/home/vboxuser/proyecto_robotica/HispanoTech-UGC-ROS2/install/hispanotech_map/share/hispanotech_map/hook/cmake_prefix_path.ps1'
[12.323s] INFO:colcon.colcon_core.shell:Creating environment descriptor '/home/vboxuser/proyecto_robotica/HispanoTech-UGC-ROS2/install/hispanotech_map/share/hispanotech_map/hook/cmake_prefix_path.dsv'
[12.324s] INFO:colcon.colcon_core.shell:Creating environment hook '/home/vboxuser/proyecto_robotica/HispanoTech-UGC-ROS2/install/hispanotech_map/share/hispanotech_map/hook/cmake_prefix_path.sh'
[12.325s] Level 1:colcon.colcon_core.environment:checking '/home/vboxuser/proyecto_robotica/HispanoTech-UGC-ROS2/install/hispanotech_map/lib'
[12.326s] Level 1:colcon.colcon_core.environment:checking '/home/vboxuser/proyecto_robotica/HispanoTech-UGC-ROS2/install/hispanotech_map/bin'
[12.326s] Level 1:colcon.colcon_core.environment:checking '/home/vboxuser/proyecto_robotica/HispanoTech-UGC-ROS2/install/hispanotech_map/lib/pkgconfig/hispanotech_map.pc'
[12.326s] Level 1:colcon.colcon_core.environment:checking '/home/vboxuser/proyecto_robotica/HispanoTech-UGC-ROS2/install/hispanotech_map/lib/python3.8/site-packages'
[12.326s] Level 1:colcon.colcon_core.environment:checking '/home/vboxuser/proyecto_robotica/HispanoTech-UGC-ROS2/install/hispanotech_map/bin'
[12.326s] INFO:colcon.colcon_core.shell:Creating package script '/home/vboxuser/proyecto_robotica/HispanoTech-UGC-ROS2/install/hispanotech_map/share/hispanotech_map/package.ps1'
[12.327s] INFO:colcon.colcon_core.shell:Creating package descriptor '/home/vboxuser/proyecto_robotica/HispanoTech-UGC-ROS2/install/hispanotech_map/share/hispanotech_map/package.dsv'
[12.328s] INFO:colcon.colcon_core.shell:Creating package script '/home/vboxuser/proyecto_robotica/HispanoTech-UGC-ROS2/install/hispanotech_map/share/hispanotech_map/package.sh'
[12.329s] INFO:colcon.colcon_core.shell:Creating package script '/home/vboxuser/proyecto_robotica/HispanoTech-UGC-ROS2/install/hispanotech_map/share/hispanotech_map/package.bash'
[12.330s] INFO:colcon.colcon_core.shell:Creating package script '/home/vboxuser/proyecto_robotica/HispanoTech-UGC-ROS2/install/hispanotech_map/share/hispanotech_map/package.zsh'
[12.332s] Level 1:colcon.colcon_core.environment:create_file_with_runtime_dependencies(/home/vboxuser/proyecto_robotica/HispanoTech-UGC-ROS2/install/hispanotech_map/share/colcon-core/packages/hispanotech_map)
[12.332s] Level 1:colcon.colcon_core.environment:create_environment_scripts_only(hispanotech_map)
[12.332s] Level 1:colcon.colcon_core.environment:checking '/home/vboxuser/proyecto_robotica/HispanoTech-UGC-ROS2/install/hispanotech_map' for CMake module files
[12.332s] Level 1:colcon.colcon_core.environment:checking '/home/vboxuser/proyecto_robotica/HispanoTech-UGC-ROS2/install/hispanotech_map' for CMake config files
[12.333s] Level 1:colcon.colcon_core.shell:create_environment_hook('hispanotech_map', 'cmake_prefix_path')
[12.333s] INFO:colcon.colcon_core.shell:Creating environment hook '/home/vboxuser/proyecto_robotica/HispanoTech-UGC-ROS2/install/hispanotech_map/share/hispanotech_map/hook/cmake_prefix_path.ps1'
[12.333s] INFO:colcon.colcon_core.shell:Creating environment descriptor '/home/vboxuser/proyecto_robotica/HispanoTech-UGC-ROS2/install/hispanotech_map/share/hispanotech_map/hook/cmake_prefix_path.dsv'
[12.334s] INFO:colcon.colcon_core.shell:Creating environment hook '/home/vboxuser/proyecto_robotica/HispanoTech-UGC-ROS2/install/hispanotech_map/share/hispanotech_map/hook/cmake_prefix_path.sh'
[12.335s] Level 1:colcon.colcon_core.environment:checking '/home/vboxuser/proyecto_robotica/HispanoTech-UGC-ROS2/install/hispanotech_map/lib'
[12.335s] Level 1:colcon.colcon_core.environment:checking '/home/vboxuser/proyecto_robotica/HispanoTech-UGC-ROS2/install/hispanotech_map/bin'
[12.335s] Level 1:colcon.colcon_core.environment:checking '/home/vboxuser/proyecto_robotica/HispanoTech-UGC-ROS2/install/hispanotech_map/lib/pkgconfig/hispanotech_map.pc'
[12.335s] Level 1:colcon.colcon_core.environment:checking '/home/vboxuser/proyecto_robotica/HispanoTech-UGC-ROS2/install/hispanotech_map/lib/python3.8/site-packages'
[12.335s] Level 1:colcon.colcon_core.environment:checking '/home/vboxuser/proyecto_robotica/HispanoTech-UGC-ROS2/install/hispanotech_map/bin'
[12.336s] INFO:colcon.colcon_core.shell:Creating package script '/home/vboxuser/proyecto_robotica/HispanoTech-UGC-ROS2/install/hispanotech_map/share/hispanotech_map/package.ps1'
[12.336s] INFO:colcon.colcon_core.shell:Creating package descriptor '/home/vboxuser/proyecto_robotica/HispanoTech-UGC-ROS2/install/hispanotech_map/share/hispanotech_map/package.dsv'
[12.337s] INFO:colcon.colcon_core.shell:Creating package script '/home/vboxuser/proyecto_robotica/HispanoTech-UGC-ROS2/install/hispanotech_map/share/hispanotech_map/package.sh'
[12.338s] INFO:colcon.colcon_core.shell:Creating package script '/home/vboxuser/proyecto_robotica/HispanoTech-UGC-ROS2/install/hispanotech_map/share/hispanotech_map/package.bash'
[12.338s] INFO:colcon.colcon_core.shell:Creating package script '/home/vboxuser/proyecto_robotica/HispanoTech-UGC-ROS2/install/hispanotech_map/share/hispanotech_map/package.zsh'
[12.339s] Level 1:colcon.colcon_core.environment:create_file_with_runtime_dependencies(/home/vboxuser/proyecto_robotica/HispanoTech-UGC-ROS2/install/hispanotech_map/share/colcon-core/packages/hispanotech_map)
[12.340s] DEBUG:colcon.colcon_parallel_executor.executor.parallel:closing loop
[12.340s] DEBUG:colcon.colcon_parallel_executor.executor.parallel:loop closed
[12.340s] DEBUG:colcon.colcon_parallel_executor.executor.parallel:run_until_complete finished with '0'
[12.340s] DEBUG:colcon.colcon_core.event_reactor:joining thread
[12.358s] INFO:colcon.colcon_core.plugin_system:Skipping extension 'colcon_notification.desktop_notification.terminal_notifier': Not used on non-Darwin systems
[12.359s] INFO:colcon.colcon_core.plugin_system:Skipping extension 'colcon_notification.desktop_notification.win32': Not used on non-Windows systems
[12.359s] INFO:colcon.colcon_notification.desktop_notification:Sending desktop notification using 'notify2'
[12.387s] DEBUG:colcon.colcon_core.event_reactor:joined thread
[12.387s] INFO:colcon.colcon_core.shell:Creating prefix script '/home/vboxuser/proyecto_robotica/HispanoTech-UGC-ROS2/install/local_setup.ps1'
[12.389s] INFO:colcon.colcon_core.shell:Creating prefix util module '/home/vboxuser/proyecto_robotica/HispanoTech-UGC-ROS2/install/_local_setup_util_ps1.py'
[12.390s] INFO:colcon.colcon_core.shell:Creating prefix chain script '/home/vboxuser/proyecto_robotica/HispanoTech-UGC-ROS2/install/setup.ps1'
[12.392s] INFO:colcon.colcon_core.shell:Creating prefix script '/home/vboxuser/proyecto_robotica/HispanoTech-UGC-ROS2/install/local_setup.sh'
[12.393s] INFO:colcon.colcon_core.shell:Creating prefix util module '/home/vboxuser/proyecto_robotica/HispanoTech-UGC-ROS2/install/_local_setup_util_sh.py'
[12.393s] INFO:colcon.colcon_core.shell:Creating prefix chain script '/home/vboxuser/proyecto_robotica/HispanoTech-UGC-ROS2/install/setup.sh'
[12.407s] INFO:colcon.colcon_core.shell:Creating prefix script '/home/vboxuser/proyecto_robotica/HispanoTech-UGC-ROS2/install/local_setup.bash'
[12.409s] INFO:colcon.colcon_core.shell:Creating prefix chain script '/home/vboxuser/proyecto_robotica/HispanoTech-UGC-ROS2/install/setup.bash'
[12.410s] INFO:colcon.colcon_core.shell:Creating prefix script '/home/vboxuser/proyecto_robotica/HispanoTech-UGC-ROS2/install/local_setup.zsh'
[12.411s] INFO:colcon.colcon_core.shell:Creating prefix chain script '/home/vboxuser/proyecto_robotica/HispanoTech-UGC-ROS2/install/setup.zsh'
