running egg_info
creating ../../build/hispano_slam/hispano_slam.egg-info
writing ../../build/hispano_slam/hispano_slam.egg-info/PKG-INFO
writing dependency_links to ../../build/hispano_slam/hispano_slam.egg-info/dependency_links.txt
writing entry points to ../../build/hispano_slam/hispano_slam.egg-info/entry_points.txt
writing requirements to ../../build/hispano_slam/hispano_slam.egg-info/requires.txt
writing top-level names to ../../build/hispano_slam/hispano_slam.egg-info/top_level.txt
writing manifest file '../../build/hispano_slam/hispano_slam.egg-info/SOURCES.txt'
reading manifest file '../../build/hispano_slam/hispano_slam.egg-info/SOURCES.txt'
writing manifest file '../../build/hispano_slam/hispano_slam.egg-info/SOURCES.txt'
running build
running build_py
creating /home/vboxuser/HispanoTech-UGC-ROS2/build/hispano_slam/build
creating /home/vboxuser/HispanoTech-UGC-ROS2/build/hispano_slam/build/lib
creating /home/vboxuser/HispanoTech-UGC-ROS2/build/hispano_slam/build/lib/hispano_slam
copying hispano_slam/__init__.py -> /home/vboxuser/HispanoTech-UGC-ROS2/build/hispano_slam/build/lib/hispano_slam
running install
running install_lib
creating /home/vboxuser/HispanoTech-UGC-ROS2/install/hispano_slam/lib/python3.8/site-packages/hispano_slam
copying /home/vboxuser/HispanoTech-UGC-ROS2/build/hispano_slam/build/lib/hispano_slam/__init__.py -> /home/vboxuser/HispanoTech-UGC-ROS2/install/hispano_slam/lib/python3.8/site-packages/hispano_slam
byte-compiling /home/vboxuser/HispanoTech-UGC-ROS2/install/hispano_slam/lib/python3.8/site-packages/hispano_slam/__init__.py to __init__.cpython-38.pyc
running install_data
creating /home/vboxuser/HispanoTech-UGC-ROS2/install/hispano_slam/share/ament_index
creating /home/vboxuser/HispanoTech-UGC-ROS2/install/hispano_slam/share/ament_index/resource_index
creating /home/vboxuser/HispanoTech-UGC-ROS2/install/hispano_slam/share/ament_index/resource_index/packages
copying resource/hispano_slam -> /home/vboxuser/HispanoTech-UGC-ROS2/install/hispano_slam/share/ament_index/resource_index/packages
copying package.xml -> /home/vboxuser/HispanoTech-UGC-ROS2/install/hispano_slam/share/hispano_slam
creating /home/vboxuser/HispanoTech-UGC-ROS2/install/hispano_slam/share/hispano_slam/map
creating /home/vboxuser/HispanoTech-UGC-ROS2/install/hispano_slam/share/hispano_slam/rviz
creating /home/vboxuser/HispanoTech-UGC-ROS2/install/hispano_slam/share/hispano_slam/launch
copying launch/hispano_slam.launch.py -> /home/vboxuser/HispanoTech-UGC-ROS2/install/hispano_slam/share/hispano_slam/launch
creating /home/vboxuser/HispanoTech-UGC-ROS2/install/hispano_slam/share/hispano_slam/config
copying config/hispano_slam.lua -> /home/vboxuser/HispanoTech-UGC-ROS2/install/hispano_slam/share/hispano_slam/config
running install_egg_info
Copying ../../build/hispano_slam/hispano_slam.egg-info to /home/vboxuser/HispanoTech-UGC-ROS2/install/hispano_slam/lib/python3.8/site-packages/hispano_slam-0.0.0-py3.8.egg-info
running install_scripts
writing list of installed files to '/home/vboxuser/HispanoTech-UGC-ROS2/build/hispano_slam/install.log'
