[1.740s] Invoking command in '/home/vboxuser/HispanoTech-UGC-ROS2/src/hispano_slam': PYTHONPATH=/home/vboxuser/HispanoTech-UGC-ROS2/build/hispano_slam/prefix_override:/usr/lib/python3/dist-packages/colcon_core/task/python/colcon_distutils_commands:/home/vboxuser/HispanoTech-UGC-ROS2/install/hispano_slam/lib/python3.8/site-packages:${PYTHONPATH} /usr/bin/python3 -W ignore:setup.py install is deprecated -W ignore:easy_install command is deprecated setup.py egg_info --egg-base ../../build/hispano_slam build --build-base /home/vboxuser/HispanoTech-UGC-ROS2/build/hispano_slam/build install --record /home/vboxuser/HispanoTech-UGC-ROS2/build/hispano_slam/install.log --single-version-externally-managed install_data
[2.173s] running egg_info
[2.174s] creating ../../build/hispano_slam/hispano_slam.egg-info
[2.175s] writing ../../build/hispano_slam/hispano_slam.egg-info/PKG-INFO
[2.176s] writing dependency_links to ../../build/hispano_slam/hispano_slam.egg-info/dependency_links.txt
[2.177s] writing entry points to ../../build/hispano_slam/hispano_slam.egg-info/entry_points.txt
[2.177s] writing requirements to ../../build/hispano_slam/hispano_slam.egg-info/requires.txt
[2.177s] writing top-level names to ../../build/hispano_slam/hispano_slam.egg-info/top_level.txt
[2.187s] writing manifest file '../../build/hispano_slam/hispano_slam.egg-info/SOURCES.txt'
[2.236s] reading manifest file '../../build/hispano_slam/hispano_slam.egg-info/SOURCES.txt'
[2.239s] writing manifest file '../../build/hispano_slam/hispano_slam.egg-info/SOURCES.txt'
[2.239s] running build
[2.239s] running build_py
[2.240s] creating /home/vboxuser/HispanoTech-UGC-ROS2/build/hispano_slam/build
[2.240s] creating /home/vboxuser/HispanoTech-UGC-ROS2/build/hispano_slam/build/lib
[2.240s] creating /home/vboxuser/HispanoTech-UGC-ROS2/build/hispano_slam/build/lib/hispano_slam
[2.241s] copying hispano_slam/__init__.py -> /home/vboxuser/HispanoTech-UGC-ROS2/build/hispano_slam/build/lib/hispano_slam
[2.244s] running install
[2.244s] running install_lib
[2.246s] creating /home/vboxuser/HispanoTech-UGC-ROS2/install/hispano_slam/lib/python3.8/site-packages/hispano_slam
[2.247s] copying /home/vboxuser/HispanoTech-UGC-ROS2/build/hispano_slam/build/lib/hispano_slam/__init__.py -> /home/vboxuser/HispanoTech-UGC-ROS2/install/hispano_slam/lib/python3.8/site-packages/hispano_slam
[2.248s] byte-compiling /home/vboxuser/HispanoTech-UGC-ROS2/install/hispano_slam/lib/python3.8/site-packages/hispano_slam/__init__.py to __init__.cpython-38.pyc
[2.250s] running install_data
[2.250s] creating /home/vboxuser/HispanoTech-UGC-ROS2/install/hispano_slam/share/ament_index
[2.251s] creating /home/vboxuser/HispanoTech-UGC-ROS2/install/hispano_slam/share/ament_index/resource_index
[2.252s] creating /home/vboxuser/HispanoTech-UGC-ROS2/install/hispano_slam/share/ament_index/resource_index/packages
[2.253s] copying resource/hispano_slam -> /home/vboxuser/HispanoTech-UGC-ROS2/install/hispano_slam/share/ament_index/resource_index/packages
[2.253s] copying package.xml -> /home/vboxuser/HispanoTech-UGC-ROS2/install/hispano_slam/share/hispano_slam
[2.254s] creating /home/vboxuser/HispanoTech-UGC-ROS2/install/hispano_slam/share/hispano_slam/map
[2.255s] creating /home/vboxuser/HispanoTech-UGC-ROS2/install/hispano_slam/share/hispano_slam/rviz
[2.255s] creating /home/vboxuser/HispanoTech-UGC-ROS2/install/hispano_slam/share/hispano_slam/launch
[2.256s] copying launch/hispano_slam.launch.py -> /home/vboxuser/HispanoTech-UGC-ROS2/install/hispano_slam/share/hispano_slam/launch
[2.257s] creating /home/vboxuser/HispanoTech-UGC-ROS2/install/hispano_slam/share/hispano_slam/config
[2.257s] copying config/hispano_slam.lua -> /home/vboxuser/HispanoTech-UGC-ROS2/install/hispano_slam/share/hispano_slam/config
[2.257s] running install_egg_info
[2.260s] Copying ../../build/hispano_slam/hispano_slam.egg-info to /home/vboxuser/HispanoTech-UGC-ROS2/install/hispano_slam/lib/python3.8/site-packages/hispano_slam-0.0.0-py3.8.egg-info
[2.263s] running install_scripts
[2.291s] writing list of installed files to '/home/vboxuser/HispanoTech-UGC-ROS2/build/hispano_slam/install.log'
[2.340s] Invoked command in '/home/vboxuser/HispanoTech-UGC-ROS2/src/hispano_slam' returned '0': PYTHONPATH=/home/vboxuser/HispanoTech-UGC-ROS2/build/hispano_slam/prefix_override:/usr/lib/python3/dist-packages/colcon_core/task/python/colcon_distutils_commands:/home/vboxuser/HispanoTech-UGC-ROS2/install/hispano_slam/lib/python3.8/site-packages:${PYTHONPATH} /usr/bin/python3 -W ignore:setup.py install is deprecated -W ignore:easy_install command is deprecated setup.py egg_info --egg-base ../../build/hispano_slam build --build-base /home/vboxuser/HispanoTech-UGC-ROS2/build/hispano_slam/build install --record /home/vboxuser/HispanoTech-UGC-ROS2/build/hispano_slam/install.log --single-version-externally-managed install_data
