[1.437s] Invoking command in '/home/vboxuser/HispanoTech-UGC-ROS2/src/hispano_slam': PYTHONPATH=/home/vboxuser/HispanoTech-UGC-ROS2/build/hispano_slam/prefix_override:/usr/lib/python3/dist-packages/colcon_core/task/python/colcon_distutils_commands:/home/vboxuser/HispanoTech-UGC-ROS2/install/hispano_slam/lib/python3.8/site-packages:${PYTHONPATH} /usr/bin/python3 -W ignore:setup.py install is deprecated -W ignore:easy_install command is deprecated setup.py egg_info --egg-base ../../build/hispano_slam build --build-base /home/vboxuser/HispanoTech-UGC-ROS2/build/hispano_slam/build install --record /home/vboxuser/HispanoTech-UGC-ROS2/build/hispano_slam/install.log --single-version-externally-managed install_data
[1.875s] running egg_info
[1.877s] writing ../../build/hispano_slam/hispano_slam.egg-info/PKG-INFO
[1.880s] writing dependency_links to ../../build/hispano_slam/hispano_slam.egg-info/dependency_links.txt
[1.881s] writing entry points to ../../build/hispano_slam/hispano_slam.egg-info/entry_points.txt
[1.882s] writing requirements to ../../build/hispano_slam/hispano_slam.egg-info/requires.txt
[1.883s] writing top-level names to ../../build/hispano_slam/hispano_slam.egg-info/top_level.txt
[1.950s] reading manifest file '../../build/hispano_slam/hispano_slam.egg-info/SOURCES.txt'
[1.951s] writing manifest file '../../build/hispano_slam/hispano_slam.egg-info/SOURCES.txt'
[1.953s] running build
[1.953s] running build_py
[1.953s] running install
[1.956s] running install_lib
[1.960s] running install_data
[1.961s] running install_egg_info
[1.965s] removing '/home/vboxuser/HispanoTech-UGC-ROS2/install/hispano_slam/lib/python3.8/site-packages/hispano_slam-0.0.0-py3.8.egg-info' (and everything under it)
[1.966s] Copying ../../build/hispano_slam/hispano_slam.egg-info to /home/vboxuser/HispanoTech-UGC-ROS2/install/hispano_slam/lib/python3.8/site-packages/hispano_slam-0.0.0-py3.8.egg-info
[1.970s] running install_scripts
[2.007s] writing list of installed files to '/home/vboxuser/HispanoTech-UGC-ROS2/build/hispano_slam/install.log'
[2.050s] Invoked command in '/home/vboxuser/HispanoTech-UGC-ROS2/src/hispano_slam' returned '0': PYTHONPATH=/home/vboxuser/HispanoTech-UGC-ROS2/build/hispano_slam/prefix_override:/usr/lib/python3/dist-packages/colcon_core/task/python/colcon_distutils_commands:/home/vboxuser/HispanoTech-UGC-ROS2/install/hispano_slam/lib/python3.8/site-packages:${PYTHONPATH} /usr/bin/python3 -W ignore:setup.py install is deprecated -W ignore:easy_install command is deprecated setup.py egg_info --egg-base ../../build/hispano_slam build --build-base /home/vboxuser/HispanoTech-UGC-ROS2/build/hispano_slam/build install --record /home/vboxuser/HispanoTech-UGC-ROS2/build/hispano_slam/install.log --single-version-externally-managed install_data
