[0.386s] DEBUG:colcon:Command line arguments: ['/usr/bin/colcon', 'build']
[0.386s] DEBUG:colcon:Parsed command line arguments: Namespace(allow_overriding=[], ament_cmake_args=None, base_paths=['.'], build_base='build', catkin_cmake_args=None, catkin_skip_building_tests=False, cmake_args=None, cmake_clean_cache=False, cmake_clean_first=False, cmake_force_configure=False, cmake_target=None, cmake_target_skip_unavailable=False, continue_on_error=False, event_handlers=None, executor='parallel', ignore_user_meta=False, install_base='install', log_base=None, log_level=None, main=<bound method BuildVerb.main of <colcon_core.verb.build.BuildVerb object at 0x7f26e3430d30>>, merge_install=False, metas=['./colcon.meta'], packages_above=None, packages_above_and_dependencies=None, packages_above_depth=None, packages_end=None, packages_ignore=None, packages_ignore_regex=None, packages_select=None, packages_select_build_failed=False, packages_select_by_dep=None, packages_select_regex=None, packages_select_test_failures=False, packages_skip=None, packages_skip_build_finished=False, packages_skip_by_dep=None, packages_skip_regex=None, packages_skip_test_passed=False, packages_skip_up_to=None, packages_start=None, packages_up_to=None, packages_up_to_regex=None, parallel_workers=6, paths=None, symlink_install=False, test_result_base=None, verb_extension=<colcon_core.verb.build.BuildVerb object at 0x7f26e3430d30>, verb_name='build', verb_parser=<colcon_defaults.argument_parser.defaults.DefaultArgumentsDecorator object at 0x7f26e32fbdc0>)
[0.720s] Level 1:colcon.colcon_core.package_discovery:discover_packages(colcon_meta) check parameters
[0.721s] Level 1:colcon.colcon_core.package_discovery:discover_packages(recursive) check parameters
[0.721s] Level 1:colcon.colcon_core.package_discovery:discover_packages(ignore) check parameters
[0.721s] Level 1:colcon.colcon_core.package_discovery:discover_packages(path) check parameters
[0.721s] Level 1:colcon.colcon_core.package_discovery:discover_packages(colcon_meta) discover
[0.721s] Level 1:colcon.colcon_core.package_discovery:discover_packages(recursive) discover
[0.721s] INFO:colcon.colcon_core.package_discovery:Crawling recursively for packages in '/home/vboxuser/HispanoTech-UGC-ROS2'
[0.721s] Level 1:colcon.colcon_core.package_identification:_identify(.) by extensions ['ignore', 'ignore_ament_install']
[0.722s] Level 1:colcon.colcon_core.package_identification:_identify(.) by extension 'ignore'
[0.722s] Level 1:colcon.colcon_core.package_identification:_identify(.) by extension 'ignore_ament_install'
[0.722s] Level 1:colcon.colcon_core.package_identification:_identify(.) by extensions ['colcon_pkg']
[0.722s] Level 1:colcon.colcon_core.package_identification:_identify(.) by extension 'colcon_pkg'
[0.723s] Level 1:colcon.colcon_core.package_identification:_identify(.) by extensions ['colcon_meta']
[0.723s] Level 1:colcon.colcon_core.package_identification:_identify(.) by extension 'colcon_meta'
[0.723s] Level 1:colcon.colcon_core.package_identification:_identify(.) by extensions ['ros']
[0.723s] Level 1:colcon.colcon_core.package_identification:_identify(.) by extension 'ros'
[0.744s] Level 1:colcon.colcon_core.package_identification:_identify(.) by extensions ['cmake', 'python']
[0.744s] Level 1:colcon.colcon_core.package_identification:_identify(.) by extension 'cmake'
[0.744s] Level 1:colcon.colcon_core.package_identification:_identify(.) by extension 'python'
[0.745s] Level 1:colcon.colcon_core.package_identification:_identify(.) by extensions ['python_setup_py']
[0.745s] Level 1:colcon.colcon_core.package_identification:_identify(.) by extension 'python_setup_py'
[0.745s] Level 1:colcon.colcon_core.package_identification:_identify(build) by extensions ['ignore', 'ignore_ament_install']
[0.745s] Level 1:colcon.colcon_core.package_identification:_identify(build) by extension 'ignore'
[0.745s] Level 1:colcon.colcon_core.package_identification:_identify(build) ignored
[0.746s] Level 1:colcon.colcon_core.package_identification:_identify(install) by extensions ['ignore', 'ignore_ament_install']
[0.746s] Level 1:colcon.colcon_core.package_identification:_identify(install) by extension 'ignore'
[0.746s] Level 1:colcon.colcon_core.package_identification:_identify(install) ignored
[0.746s] Level 1:colcon.colcon_core.package_identification:_identify(log) by extensions ['ignore', 'ignore_ament_install']
[0.746s] Level 1:colcon.colcon_core.package_identification:_identify(log) by extension 'ignore'
[0.746s] Level 1:colcon.colcon_core.package_identification:_identify(log) ignored
[0.747s] Level 1:colcon.colcon_core.package_identification:_identify(src) by extensions ['ignore', 'ignore_ament_install']
[0.747s] Level 1:colcon.colcon_core.package_identification:_identify(src) by extension 'ignore'
[0.747s] Level 1:colcon.colcon_core.package_identification:_identify(src) by extension 'ignore_ament_install'
[0.747s] Level 1:colcon.colcon_core.package_identification:_identify(src) by extensions ['colcon_pkg']
[0.748s] Level 1:colcon.colcon_core.package_identification:_identify(src) by extension 'colcon_pkg'
[0.748s] Level 1:colcon.colcon_core.package_identification:_identify(src) by extensions ['colcon_meta']
[0.748s] Level 1:colcon.colcon_core.package_identification:_identify(src) by extension 'colcon_meta'
[0.748s] Level 1:colcon.colcon_core.package_identification:_identify(src) by extensions ['ros']
[0.748s] Level 1:colcon.colcon_core.package_identification:_identify(src) by extension 'ros'
[0.748s] Level 1:colcon.colcon_core.package_identification:_identify(src) by extensions ['cmake', 'python']
[0.748s] Level 1:colcon.colcon_core.package_identification:_identify(src) by extension 'cmake'
[0.748s] Level 1:colcon.colcon_core.package_identification:_identify(src) by extension 'python'
[0.748s] Level 1:colcon.colcon_core.package_identification:_identify(src) by extensions ['python_setup_py']
[0.748s] Level 1:colcon.colcon_core.package_identification:_identify(src) by extension 'python_setup_py'
[0.748s] Level 1:colcon.colcon_core.package_identification:_identify(src/hispano_slam) by extensions ['ignore', 'ignore_ament_install']
[0.749s] Level 1:colcon.colcon_core.package_identification:_identify(src/hispano_slam) by extension 'ignore'
[0.749s] Level 1:colcon.colcon_core.package_identification:_identify(src/hispano_slam) by extension 'ignore_ament_install'
[0.749s] Level 1:colcon.colcon_core.package_identification:_identify(src/hispano_slam) by extensions ['colcon_pkg']
[0.749s] Level 1:colcon.colcon_core.package_identification:_identify(src/hispano_slam) by extension 'colcon_pkg'
[0.749s] Level 1:colcon.colcon_core.package_identification:_identify(src/hispano_slam) by extensions ['colcon_meta']
[0.749s] Level 1:colcon.colcon_core.package_identification:_identify(src/hispano_slam) by extension 'colcon_meta'
[0.749s] Level 1:colcon.colcon_core.package_identification:_identify(src/hispano_slam) by extensions ['ros']
[0.749s] Level 1:colcon.colcon_core.package_identification:_identify(src/hispano_slam) by extension 'ros'
[0.754s] DEBUG:colcon.colcon_core.package_identification:Package 'src/hispano_slam' with type 'ros.ament_python' and name 'hispano_slam'
[0.755s] Level 1:colcon.colcon_core.package_identification:_identify(src/hispanotech_map) by extensions ['ignore', 'ignore_ament_install']
[0.756s] Level 1:colcon.colcon_core.package_identification:_identify(src/hispanotech_map) by extension 'ignore'
[0.756s] Level 1:colcon.colcon_core.package_identification:_identify(src/hispanotech_map) by extension 'ignore_ament_install'
[0.756s] Level 1:colcon.colcon_core.package_identification:_identify(src/hispanotech_map) by extensions ['colcon_pkg']
[0.756s] Level 1:colcon.colcon_core.package_identification:_identify(src/hispanotech_map) by extension 'colcon_pkg'
[0.756s] Level 1:colcon.colcon_core.package_identification:_identify(src/hispanotech_map) by extensions ['colcon_meta']
[0.756s] Level 1:colcon.colcon_core.package_identification:_identify(src/hispanotech_map) by extension 'colcon_meta'
[0.757s] Level 1:colcon.colcon_core.package_identification:_identify(src/hispanotech_map) by extensions ['ros']
[0.757s] Level 1:colcon.colcon_core.package_identification:_identify(src/hispanotech_map) by extension 'ros'
[0.758s] DEBUG:colcon.colcon_core.package_identification:Package 'src/hispanotech_map' with type 'ros.ament_cmake' and name 'hispanotech_map'
[0.759s] Level 1:colcon.colcon_core.package_discovery:discover_packages(recursive) using defaults
[0.759s] Level 1:colcon.colcon_core.package_discovery:discover_packages(ignore) discover
[0.759s] Level 1:colcon.colcon_core.package_discovery:discover_packages(ignore) using defaults
[0.759s] Level 1:colcon.colcon_core.package_discovery:discover_packages(path) discover
[0.759s] Level 1:colcon.colcon_core.package_discovery:discover_packages(path) using defaults
[0.787s] Level 1:colcon.colcon_core.package_discovery:discover_packages(prefix_path) check parameters
[0.788s] Level 1:colcon.colcon_core.package_discovery:discover_packages(prefix_path) discover
[0.792s] DEBUG:colcon.colcon_installed_package_information.package_discovery:Found 2 installed packages in /home/vboxuser/HispanoTech-UGC-ROS2/install
[0.793s] DEBUG:colcon.colcon_installed_package_information.package_discovery:Found 13 installed packages in /home/vboxuser/turtlebot3_ws/install
[0.795s] DEBUG:colcon.colcon_installed_package_information.package_discovery:Found 336 installed packages in /opt/ros/galactic
[0.819s] Level 1:colcon.colcon_core.package_discovery:discover_packages(prefix_path) using defaults
[0.963s] Level 5:colcon.colcon_core.verb:set package 'hispano_slam' build argument 'cmake_args' from command line to 'None'
[0.964s] Level 5:colcon.colcon_core.verb:set package 'hispano_slam' build argument 'cmake_target' from command line to 'None'
[0.964s] Level 5:colcon.colcon_core.verb:set package 'hispano_slam' build argument 'cmake_target_skip_unavailable' from command line to 'False'
[0.964s] Level 5:colcon.colcon_core.verb:set package 'hispano_slam' build argument 'cmake_clean_cache' from command line to 'False'
[0.964s] Level 5:colcon.colcon_core.verb:set package 'hispano_slam' build argument 'cmake_clean_first' from command line to 'False'
[0.964s] Level 5:colcon.colcon_core.verb:set package 'hispano_slam' build argument 'cmake_force_configure' from command line to 'False'
[0.964s] Level 5:colcon.colcon_core.verb:set package 'hispano_slam' build argument 'ament_cmake_args' from command line to 'None'
[0.964s] Level 5:colcon.colcon_core.verb:set package 'hispano_slam' build argument 'catkin_cmake_args' from command line to 'None'
[0.964s] Level 5:colcon.colcon_core.verb:set package 'hispano_slam' build argument 'catkin_skip_building_tests' from command line to 'False'
[0.964s] DEBUG:colcon.colcon_core.verb:Building package 'hispano_slam' with the following arguments: {'ament_cmake_args': None, 'build_base': '/home/vboxuser/HispanoTech-UGC-ROS2/build/hispano_slam', 'catkin_cmake_args': None, 'catkin_skip_building_tests': False, 'cmake_args': None, 'cmake_clean_cache': False, 'cmake_clean_first': False, 'cmake_force_configure': False, 'cmake_target': None, 'cmake_target_skip_unavailable': False, 'install_base': '/home/vboxuser/HispanoTech-UGC-ROS2/install/hispano_slam', 'merge_install': False, 'path': '/home/vboxuser/HispanoTech-UGC-ROS2/src/hispano_slam', 'symlink_install': False, 'test_result_base': None}
[0.965s] Level 5:colcon.colcon_core.verb:set package 'hispanotech_map' build argument 'cmake_args' from command line to 'None'
[0.965s] Level 5:colcon.colcon_core.verb:set package 'hispanotech_map' build argument 'cmake_target' from command line to 'None'
[0.965s] Level 5:colcon.colcon_core.verb:set package 'hispanotech_map' build argument 'cmake_target_skip_unavailable' from command line to 'False'
[0.965s] Level 5:colcon.colcon_core.verb:set package 'hispanotech_map' build argument 'cmake_clean_cache' from command line to 'False'
[0.965s] Level 5:colcon.colcon_core.verb:set package 'hispanotech_map' build argument 'cmake_clean_first' from command line to 'False'
[0.965s] Level 5:colcon.colcon_core.verb:set package 'hispanotech_map' build argument 'cmake_force_configure' from command line to 'False'
[0.965s] Level 5:colcon.colcon_core.verb:set package 'hispanotech_map' build argument 'ament_cmake_args' from command line to 'None'
[0.966s] Level 5:colcon.colcon_core.verb:set package 'hispanotech_map' build argument 'catkin_cmake_args' from command line to 'None'
[0.966s] Level 5:colcon.colcon_core.verb:set package 'hispanotech_map' build argument 'catkin_skip_building_tests' from command line to 'False'
[0.966s] DEBUG:colcon.colcon_core.verb:Building package 'hispanotech_map' with the following arguments: {'ament_cmake_args': None, 'build_base': '/home/vboxuser/HispanoTech-UGC-ROS2/build/hispanotech_map', 'catkin_cmake_args': None, 'catkin_skip_building_tests': False, 'cmake_args': None, 'cmake_clean_cache': False, 'cmake_clean_first': False, 'cmake_force_configure': False, 'cmake_target': None, 'cmake_target_skip_unavailable': False, 'install_base': '/home/vboxuser/HispanoTech-UGC-ROS2/install/hispanotech_map', 'merge_install': False, 'path': '/home/vboxuser/HispanoTech-UGC-ROS2/src/hispanotech_map', 'symlink_install': False, 'test_result_base': None}
[0.966s] INFO:colcon.colcon_core.executor:Executing jobs using 'parallel' executor
[0.969s] DEBUG:colcon.colcon_parallel_executor.executor.parallel:run_until_complete
[0.970s] INFO:colcon.colcon_ros.task.ament_python.build:Building ROS package in '/home/vboxuser/HispanoTech-UGC-ROS2/src/hispano_slam' with build type 'ament_python'
[0.970s] Level 1:colcon.colcon_core.shell:create_environment_hook('hispano_slam', 'ament_prefix_path')
[0.977s] INFO:colcon.colcon_core.plugin_system:Skipping extension 'colcon_core.shell.bat': Not used on non-Windows systems
[0.978s] INFO:colcon.colcon_core.shell:Creating environment hook '/home/vboxuser/HispanoTech-UGC-ROS2/install/hispano_slam/share/hispano_slam/hook/ament_prefix_path.ps1'
[0.980s] INFO:colcon.colcon_core.shell:Creating environment descriptor '/home/vboxuser/HispanoTech-UGC-ROS2/install/hispano_slam/share/hispano_slam/hook/ament_prefix_path.dsv'
[0.982s] INFO:colcon.colcon_core.shell:Creating environment hook '/home/vboxuser/HispanoTech-UGC-ROS2/install/hispano_slam/share/hispano_slam/hook/ament_prefix_path.sh'
[0.985s] INFO:colcon.colcon_core.shell:Skip shell extension 'powershell' for command environment: Not usable outside of PowerShell
[0.985s] DEBUG:colcon.colcon_core.shell:Skip shell extension 'dsv' for command environment
[1.023s] INFO:colcon.colcon_ros.task.ament_cmake.build:Building ROS package in '/home/vboxuser/HispanoTech-UGC-ROS2/src/hispanotech_map' with build type 'ament_cmake'
[1.024s] INFO:colcon.colcon_cmake.task.cmake.build:Building CMake package in '/home/vboxuser/HispanoTech-UGC-ROS2/src/hispanotech_map'
[1.026s] INFO:colcon.colcon_core.shell:Skip shell extension 'powershell' for command environment: Not usable outside of PowerShell
[1.026s] DEBUG:colcon.colcon_core.shell:Skip shell extension 'dsv' for command environment
[1.514s] INFO:colcon.colcon_core.task.python.build:Building Python package in '/home/vboxuser/HispanoTech-UGC-ROS2/src/hispano_slam'
[1.516s] INFO:colcon.colcon_core.shell:Skip shell extension 'powershell' for command environment: Not usable outside of PowerShell
[1.516s] DEBUG:colcon.colcon_core.shell:Skip shell extension 'dsv' for command environment
[1.565s] DEBUG:colcon.colcon_core.event_handler.log_command:Invoking command in '/home/vboxuser/HispanoTech-UGC-ROS2/build/hispanotech_map': CMAKE_PREFIX_PATH=${CMAKE_PREFIX_PATH}:/home/vboxuser/HispanoTech-UGC-ROS2/install/hispano_slam:/home/vboxuser/turtlebot3_ws/install/show_msg:/home/vboxuser/turtlebot3_ws/install/provide_map:/home/vboxuser/turtlebot3_ws/install/my_slam:/home/vboxuser/turtlebot3_ws/install/my_nav2_system:/home/vboxuser/turtlebot3_ws/install/my_first_subscriber:/home/vboxuser/turtlebot3_ws/install/my_first_service:/home/vboxuser/turtlebot3_ws/install/my_first_publisher:/home/vboxuser/turtlebot3_ws/install/my_first_action:/opt/ros/galactic /usr/bin/cmake --build /home/vboxuser/HispanoTech-UGC-ROS2/build/hispanotech_map -- -j6 -l6
[1.748s] DEBUG:colcon.colcon_core.event_handler.log_command:Invoked command in '/home/vboxuser/HispanoTech-UGC-ROS2/build/hispanotech_map' returned '0': CMAKE_PREFIX_PATH=${CMAKE_PREFIX_PATH}:/home/vboxuser/HispanoTech-UGC-ROS2/install/hispano_slam:/home/vboxuser/turtlebot3_ws/install/show_msg:/home/vboxuser/turtlebot3_ws/install/provide_map:/home/vboxuser/turtlebot3_ws/install/my_slam:/home/vboxuser/turtlebot3_ws/install/my_nav2_system:/home/vboxuser/turtlebot3_ws/install/my_first_subscriber:/home/vboxuser/turtlebot3_ws/install/my_first_service:/home/vboxuser/turtlebot3_ws/install/my_first_publisher:/home/vboxuser/turtlebot3_ws/install/my_first_action:/opt/ros/galactic /usr/bin/cmake --build /home/vboxuser/HispanoTech-UGC-ROS2/build/hispanotech_map -- -j6 -l6
[1.781s] DEBUG:colcon.colcon_core.event_handler.log_command:Invoking command in '/home/vboxuser/HispanoTech-UGC-ROS2/build/hispanotech_map': CMAKE_PREFIX_PATH=${CMAKE_PREFIX_PATH}:/home/vboxuser/HispanoTech-UGC-ROS2/install/hispano_slam:/home/vboxuser/turtlebot3_ws/install/show_msg:/home/vboxuser/turtlebot3_ws/install/provide_map:/home/vboxuser/turtlebot3_ws/install/my_slam:/home/vboxuser/turtlebot3_ws/install/my_nav2_system:/home/vboxuser/turtlebot3_ws/install/my_first_subscriber:/home/vboxuser/turtlebot3_ws/install/my_first_service:/home/vboxuser/turtlebot3_ws/install/my_first_publisher:/home/vboxuser/turtlebot3_ws/install/my_first_action:/opt/ros/galactic /usr/bin/cmake --install /home/vboxuser/HispanoTech-UGC-ROS2/build/hispanotech_map
[1.819s] Level 1:colcon.colcon_core.environment:create_environment_scripts_only(hispanotech_map)
[1.834s] Level 1:colcon.colcon_core.environment:checking '/home/vboxuser/HispanoTech-UGC-ROS2/install/hispanotech_map' for CMake module files
[1.838s] DEBUG:colcon.colcon_core.event_handler.log_command:Invoked command in '/home/vboxuser/HispanoTech-UGC-ROS2/build/hispanotech_map' returned '0': CMAKE_PREFIX_PATH=${CMAKE_PREFIX_PATH}:/home/vboxuser/HispanoTech-UGC-ROS2/install/hispano_slam:/home/vboxuser/turtlebot3_ws/install/show_msg:/home/vboxuser/turtlebot3_ws/install/provide_map:/home/vboxuser/turtlebot3_ws/install/my_slam:/home/vboxuser/turtlebot3_ws/install/my_nav2_system:/home/vboxuser/turtlebot3_ws/install/my_first_subscriber:/home/vboxuser/turtlebot3_ws/install/my_first_service:/home/vboxuser/turtlebot3_ws/install/my_first_publisher:/home/vboxuser/turtlebot3_ws/install/my_first_action:/opt/ros/galactic /usr/bin/cmake --install /home/vboxuser/HispanoTech-UGC-ROS2/build/hispanotech_map
[1.839s] Level 1:colcon.colcon_core.environment:checking '/home/vboxuser/HispanoTech-UGC-ROS2/install/hispanotech_map' for CMake config files
[1.840s] Level 1:colcon.colcon_core.shell:create_environment_hook('hispanotech_map', 'cmake_prefix_path')
[1.841s] INFO:colcon.colcon_core.shell:Creating environment hook '/home/vboxuser/HispanoTech-UGC-ROS2/install/hispanotech_map/share/hispanotech_map/hook/cmake_prefix_path.ps1'
[1.842s] INFO:colcon.colcon_core.shell:Creating environment descriptor '/home/vboxuser/HispanoTech-UGC-ROS2/install/hispanotech_map/share/hispanotech_map/hook/cmake_prefix_path.dsv'
[1.843s] INFO:colcon.colcon_core.shell:Creating environment hook '/home/vboxuser/HispanoTech-UGC-ROS2/install/hispanotech_map/share/hispanotech_map/hook/cmake_prefix_path.sh'
[1.845s] Level 1:colcon.colcon_core.environment:checking '/home/vboxuser/HispanoTech-UGC-ROS2/install/hispanotech_map/lib'
[1.845s] Level 1:colcon.colcon_core.environment:checking '/home/vboxuser/HispanoTech-UGC-ROS2/install/hispanotech_map/bin'
[1.846s] Level 1:colcon.colcon_core.environment:checking '/home/vboxuser/HispanoTech-UGC-ROS2/install/hispanotech_map/lib/pkgconfig/hispanotech_map.pc'
[1.846s] Level 1:colcon.colcon_core.environment:checking '/home/vboxuser/HispanoTech-UGC-ROS2/install/hispanotech_map/lib/python3.8/site-packages'
[1.847s] Level 1:colcon.colcon_core.environment:checking '/home/vboxuser/HispanoTech-UGC-ROS2/install/hispanotech_map/bin'
[1.847s] INFO:colcon.colcon_core.shell:Creating package script '/home/vboxuser/HispanoTech-UGC-ROS2/install/hispanotech_map/share/hispanotech_map/package.ps1'
[1.849s] INFO:colcon.colcon_core.shell:Creating package descriptor '/home/vboxuser/HispanoTech-UGC-ROS2/install/hispanotech_map/share/hispanotech_map/package.dsv'
[1.850s] INFO:colcon.colcon_core.shell:Creating package script '/home/vboxuser/HispanoTech-UGC-ROS2/install/hispanotech_map/share/hispanotech_map/package.sh'
[1.852s] INFO:colcon.colcon_core.shell:Creating package script '/home/vboxuser/HispanoTech-UGC-ROS2/install/hispanotech_map/share/hispanotech_map/package.bash'
[1.854s] INFO:colcon.colcon_core.shell:Creating package script '/home/vboxuser/HispanoTech-UGC-ROS2/install/hispanotech_map/share/hispanotech_map/package.zsh'
[1.855s] Level 1:colcon.colcon_core.environment:create_file_with_runtime_dependencies(/home/vboxuser/HispanoTech-UGC-ROS2/install/hispanotech_map/share/colcon-core/packages/hispanotech_map)
[1.857s] Level 1:colcon.colcon_core.environment:create_environment_scripts_only(hispanotech_map)
[1.857s] Level 1:colcon.colcon_core.environment:checking '/home/vboxuser/HispanoTech-UGC-ROS2/install/hispanotech_map' for CMake module files
[1.858s] Level 1:colcon.colcon_core.environment:checking '/home/vboxuser/HispanoTech-UGC-ROS2/install/hispanotech_map' for CMake config files
[1.859s] Level 1:colcon.colcon_core.shell:create_environment_hook('hispanotech_map', 'cmake_prefix_path')
[1.859s] INFO:colcon.colcon_core.shell:Creating environment hook '/home/vboxuser/HispanoTech-UGC-ROS2/install/hispanotech_map/share/hispanotech_map/hook/cmake_prefix_path.ps1'
[1.860s] INFO:colcon.colcon_core.shell:Creating environment descriptor '/home/vboxuser/HispanoTech-UGC-ROS2/install/hispanotech_map/share/hispanotech_map/hook/cmake_prefix_path.dsv'
[1.862s] INFO:colcon.colcon_core.shell:Creating environment hook '/home/vboxuser/HispanoTech-UGC-ROS2/install/hispanotech_map/share/hispanotech_map/hook/cmake_prefix_path.sh'
[1.863s] Level 1:colcon.colcon_core.environment:checking '/home/vboxuser/HispanoTech-UGC-ROS2/install/hispanotech_map/lib'
[1.863s] Level 1:colcon.colcon_core.environment:checking '/home/vboxuser/HispanoTech-UGC-ROS2/install/hispanotech_map/bin'
[1.864s] Level 1:colcon.colcon_core.environment:checking '/home/vboxuser/HispanoTech-UGC-ROS2/install/hispanotech_map/lib/pkgconfig/hispanotech_map.pc'
[1.864s] Level 1:colcon.colcon_core.environment:checking '/home/vboxuser/HispanoTech-UGC-ROS2/install/hispanotech_map/lib/python3.8/site-packages'
[1.865s] Level 1:colcon.colcon_core.environment:checking '/home/vboxuser/HispanoTech-UGC-ROS2/install/hispanotech_map/bin'
[1.865s] INFO:colcon.colcon_core.shell:Creating package script '/home/vboxuser/HispanoTech-UGC-ROS2/install/hispanotech_map/share/hispanotech_map/package.ps1'
[1.867s] INFO:colcon.colcon_core.shell:Creating package descriptor '/home/vboxuser/HispanoTech-UGC-ROS2/install/hispanotech_map/share/hispanotech_map/package.dsv'
[1.868s] INFO:colcon.colcon_core.shell:Creating package script '/home/vboxuser/HispanoTech-UGC-ROS2/install/hispanotech_map/share/hispanotech_map/package.sh'
[1.869s] INFO:colcon.colcon_core.shell:Creating package script '/home/vboxuser/HispanoTech-UGC-ROS2/install/hispanotech_map/share/hispanotech_map/package.bash'
[1.870s] INFO:colcon.colcon_core.shell:Creating package script '/home/vboxuser/HispanoTech-UGC-ROS2/install/hispanotech_map/share/hispanotech_map/package.zsh'
[1.872s] Level 1:colcon.colcon_core.environment:create_file_with_runtime_dependencies(/home/vboxuser/HispanoTech-UGC-ROS2/install/hispanotech_map/share/colcon-core/packages/hispanotech_map)
[2.412s] DEBUG:colcon.colcon_core.event_handler.log_command:Invoking command in '/home/vboxuser/HispanoTech-UGC-ROS2/src/hispano_slam': PYTHONPATH=/home/vboxuser/HispanoTech-UGC-ROS2/build/hispano_slam/prefix_override:/usr/lib/python3/dist-packages/colcon_core/task/python/colcon_distutils_commands:/home/vboxuser/HispanoTech-UGC-ROS2/install/hispano_slam/lib/python3.8/site-packages:${PYTHONPATH} /usr/bin/python3 -W ignore:setup.py install is deprecated -W ignore:easy_install command is deprecated setup.py egg_info --egg-base ../../build/hispano_slam build --build-base /home/vboxuser/HispanoTech-UGC-ROS2/build/hispano_slam/build install --record /home/vboxuser/HispanoTech-UGC-ROS2/build/hispano_slam/install.log --single-version-externally-managed install_data
[3.024s] Level 1:colcon.colcon_core.environment:checking '/home/vboxuser/HispanoTech-UGC-ROS2/install/hispano_slam' for CMake module files
[3.025s] DEBUG:colcon.colcon_core.event_handler.log_command:Invoked command in '/home/vboxuser/HispanoTech-UGC-ROS2/src/hispano_slam' returned '0': PYTHONPATH=/home/vboxuser/HispanoTech-UGC-ROS2/build/hispano_slam/prefix_override:/usr/lib/python3/dist-packages/colcon_core/task/python/colcon_distutils_commands:/home/vboxuser/HispanoTech-UGC-ROS2/install/hispano_slam/lib/python3.8/site-packages:${PYTHONPATH} /usr/bin/python3 -W ignore:setup.py install is deprecated -W ignore:easy_install command is deprecated setup.py egg_info --egg-base ../../build/hispano_slam build --build-base /home/vboxuser/HispanoTech-UGC-ROS2/build/hispano_slam/build install --record /home/vboxuser/HispanoTech-UGC-ROS2/build/hispano_slam/install.log --single-version-externally-managed install_data
[3.028s] Level 1:colcon.colcon_core.environment:checking '/home/vboxuser/HispanoTech-UGC-ROS2/install/hispano_slam' for CMake config files
[3.029s] Level 1:colcon.colcon_core.environment:checking '/home/vboxuser/HispanoTech-UGC-ROS2/install/hispano_slam/lib'
[3.029s] Level 1:colcon.colcon_core.environment:checking '/home/vboxuser/HispanoTech-UGC-ROS2/install/hispano_slam/bin'
[3.029s] Level 1:colcon.colcon_core.environment:checking '/home/vboxuser/HispanoTech-UGC-ROS2/install/hispano_slam/lib/pkgconfig/hispano_slam.pc'
[3.030s] Level 1:colcon.colcon_core.environment:checking '/home/vboxuser/HispanoTech-UGC-ROS2/install/hispano_slam/lib/python3.8/site-packages'
[3.030s] Level 1:colcon.colcon_core.shell:create_environment_hook('hispano_slam', 'pythonpath')
[3.032s] INFO:colcon.colcon_core.shell:Creating environment hook '/home/vboxuser/HispanoTech-UGC-ROS2/install/hispano_slam/share/hispano_slam/hook/pythonpath.ps1'
[3.033s] INFO:colcon.colcon_core.shell:Creating environment descriptor '/home/vboxuser/HispanoTech-UGC-ROS2/install/hispano_slam/share/hispano_slam/hook/pythonpath.dsv'
[3.034s] INFO:colcon.colcon_core.shell:Creating environment hook '/home/vboxuser/HispanoTech-UGC-ROS2/install/hispano_slam/share/hispano_slam/hook/pythonpath.sh'
[3.036s] Level 1:colcon.colcon_core.environment:checking '/home/vboxuser/HispanoTech-UGC-ROS2/install/hispano_slam/bin'
[3.037s] Level 1:colcon.colcon_core.environment:create_environment_scripts_only(hispano_slam)
[3.038s] INFO:colcon.colcon_core.shell:Creating package script '/home/vboxuser/HispanoTech-UGC-ROS2/install/hispano_slam/share/hispano_slam/package.ps1'
[3.040s] INFO:colcon.colcon_core.shell:Creating package descriptor '/home/vboxuser/HispanoTech-UGC-ROS2/install/hispano_slam/share/hispano_slam/package.dsv'
[3.043s] INFO:colcon.colcon_core.shell:Creating package script '/home/vboxuser/HispanoTech-UGC-ROS2/install/hispano_slam/share/hispano_slam/package.sh'
[3.044s] INFO:colcon.colcon_core.shell:Creating package script '/home/vboxuser/HispanoTech-UGC-ROS2/install/hispano_slam/share/hispano_slam/package.bash'
[3.045s] INFO:colcon.colcon_core.shell:Creating package script '/home/vboxuser/HispanoTech-UGC-ROS2/install/hispano_slam/share/hispano_slam/package.zsh'
[3.046s] Level 1:colcon.colcon_core.environment:create_file_with_runtime_dependencies(/home/vboxuser/HispanoTech-UGC-ROS2/install/hispano_slam/share/colcon-core/packages/hispano_slam)
[3.048s] DEBUG:colcon.colcon_parallel_executor.executor.parallel:closing loop
[3.048s] DEBUG:colcon.colcon_parallel_executor.executor.parallel:loop closed
[3.050s] DEBUG:colcon.colcon_parallel_executor.executor.parallel:run_until_complete finished with '0'
[3.053s] DEBUG:colcon.colcon_core.event_reactor:joining thread
[3.066s] INFO:colcon.colcon_core.plugin_system:Skipping extension 'colcon_notification.desktop_notification.terminal_notifier': Not used on non-Darwin systems
[3.066s] INFO:colcon.colcon_core.plugin_system:Skipping extension 'colcon_notification.desktop_notification.win32': Not used on non-Windows systems
[3.067s] INFO:colcon.colcon_notification.desktop_notification:Sending desktop notification using 'notify2'
[3.114s] DEBUG:colcon.colcon_core.event_reactor:joined thread
[3.115s] INFO:colcon.colcon_core.shell:Creating prefix script '/home/vboxuser/HispanoTech-UGC-ROS2/install/local_setup.ps1'
[3.117s] INFO:colcon.colcon_core.shell:Creating prefix util module '/home/vboxuser/HispanoTech-UGC-ROS2/install/_local_setup_util_ps1.py'
[3.121s] INFO:colcon.colcon_core.shell:Creating prefix chain script '/home/vboxuser/HispanoTech-UGC-ROS2/install/setup.ps1'
[3.126s] INFO:colcon.colcon_core.shell:Creating prefix script '/home/vboxuser/HispanoTech-UGC-ROS2/install/local_setup.sh'
[3.128s] INFO:colcon.colcon_core.shell:Creating prefix util module '/home/vboxuser/HispanoTech-UGC-ROS2/install/_local_setup_util_sh.py'
[3.130s] INFO:colcon.colcon_core.shell:Creating prefix chain script '/home/vboxuser/HispanoTech-UGC-ROS2/install/setup.sh'
[3.135s] INFO:colcon.colcon_core.shell:Creating prefix script '/home/vboxuser/HispanoTech-UGC-ROS2/install/local_setup.bash'
[3.137s] INFO:colcon.colcon_core.shell:Creating prefix chain script '/home/vboxuser/HispanoTech-UGC-ROS2/install/setup.bash'
[3.143s] INFO:colcon.colcon_core.shell:Creating prefix script '/home/vboxuser/HispanoTech-UGC-ROS2/install/local_setup.zsh'
[3.145s] INFO:colcon.colcon_core.shell:Creating prefix chain script '/home/vboxuser/HispanoTech-UGC-ROS2/install/setup.zsh'
