[1.269s] Invoking command in '/home/vboxuser/HispanoTech-UGC-ROS2/src/hispano_slam': PYTHONPATH=/home/vboxuser/HispanoTech-UGC-ROS2/build/hispano_slam/prefix_override:/usr/lib/python3/dist-packages/colcon_core/task/python/colcon_distutils_commands:/home/vboxuser/HispanoTech-UGC-ROS2/install/hispano_slam/lib/python3.8/site-packages:${PYTHONPATH} /usr/bin/python3 -W ignore:setup.py install is deprecated -W ignore:easy_install command is deprecated setup.py egg_info --egg-base ../../build/hispano_slam build --build-base /home/vboxuser/HispanoTech-UGC-ROS2/build/hispano_slam/build install --record /home/vboxuser/HispanoTech-UGC-ROS2/build/hispano_slam/install.log --single-version-externally-managed install_data
[1.687s] running egg_info
[1.692s] writing ../../build/hispano_slam/hispano_slam.egg-info/PKG-INFO
[1.692s] writing dependency_links to ../../build/hispano_slam/hispano_slam.egg-info/dependency_links.txt
[1.693s] writing entry points to ../../build/hispano_slam/hispano_slam.egg-info/entry_points.txt
[1.693s] writing requirements to ../../build/hispano_slam/hispano_slam.egg-info/requires.txt
[1.693s] writing top-level names to ../../build/hispano_slam/hispano_slam.egg-info/top_level.txt
[1.742s] reading manifest file '../../build/hispano_slam/hispano_slam.egg-info/SOURCES.txt'
[1.745s] writing manifest file '../../build/hispano_slam/hispano_slam.egg-info/SOURCES.txt'
[1.745s] running build
[1.745s] running build_py
[1.746s] running install
[1.747s] running install_lib
[1.750s] running install_data
[1.751s] running install_egg_info
[1.753s] removing '/home/vboxuser/HispanoTech-UGC-ROS2/install/hispano_slam/lib/python3.8/site-packages/hispano_slam-0.0.0-py3.8.egg-info' (and everything under it)
[1.755s] Copying ../../build/hispano_slam/hispano_slam.egg-info to /home/vboxuser/HispanoTech-UGC-ROS2/install/hispano_slam/lib/python3.8/site-packages/hispano_slam-0.0.0-py3.8.egg-info
[1.758s] running install_scripts
[1.788s] writing list of installed files to '/home/vboxuser/HispanoTech-UGC-ROS2/build/hispano_slam/install.log'
[1.835s] Invoked command in '/home/vboxuser/HispanoTech-UGC-ROS2/src/hispano_slam' returned '0': PYTHONPATH=/home/vboxuser/HispanoTech-UGC-ROS2/build/hispano_slam/prefix_override:/usr/lib/python3/dist-packages/colcon_core/task/python/colcon_distutils_commands:/home/vboxuser/HispanoTech-UGC-ROS2/install/hispano_slam/lib/python3.8/site-packages:${PYTHONPATH} /usr/bin/python3 -W ignore:setup.py install is deprecated -W ignore:easy_install command is deprecated setup.py egg_info --egg-base ../../build/hispano_slam build --build-base /home/vboxuser/HispanoTech-UGC-ROS2/build/hispano_slam/build install --record /home/vboxuser/HispanoTech-UGC-ROS2/build/hispano_slam/install.log --single-version-externally-managed install_data
